1                                                          The SAS System                             14:54 Wednesday, April 4, 2012

NOTE: Unable to open SASUSER.REGSTRY. WORK.REGSTRY will be opened instead.
NOTE: All registry changes will be lost at the end of the session.

NOTE: Copyright (c) 2002-2008 by SAS Institute Inc., Cary, NC, USA. 
NOTE: SAS (r) Proprietary Software 9.2 (TS2M3) 
      Licensed to UNIVERSITY OF TORONTO/COMPUTING & COMMUNICATIONS, Site 70072785.
NOTE: This session is executing on the Linux 2.6.32-40-generic (LINUX) platform.



You are running SAS 9. Some SAS 8 files will be automatically converted 
by the V9 engine; others are incompatible.  Please see 
http://support.sas.com/rnd/migration/planning/platform/64bit.html

PROC MIGRATE will preserve current SAS file attributes and is 
recommended for converting all your SAS libraries from any 
SAS 8 release to SAS 9.  For details and examples, please see
http://support.sas.com/rnd/migration/index.html


This message is contained in the SAS news file, and is presented upon
initialization.  Edit the file "news" in the "misc/base" directory to
display site-specific news and information in the program log.
The command line option "-nonews" will prevent this display.




NOTE: SAS initialization used:
      real time           0.09 seconds
      cpu time            0.05 seconds
      
1          options ls=80;
2          
3          data airline;
4            infile "airport.dat";
5            input airport $ airline $ status $ freq;
6          

NOTE: The infile "airport.dat" is:
      Filename=/home/ken/teaching/d29/notes/airport.dat,
      Owner Name=ken,Group Name=ken,
      Access Permission=rw-r--r--,
      Last Modified=Wed Apr  6 10:32:34 2011,
      File Size (bytes)=503

NOTE: 20 records were read from the infile "airport.dat".
      The minimum record length was 21.
      The maximum record length was 28.
NOTE: The data set WORK.AIRLINE has 20 observations and 4 variables.
NOTE: DATA statement used (Total process time):
      real time           0.01 seconds
      cpu time            0.02 seconds
      

7          proc catmod;
8            weight freq;
9            model airport*airline*status=_response_;
2                                The SAS System   14:54 Wednesday, April 4, 2012

10           loglin airport|airline|status @ 2;
11         
12         run;

NOTE: The default estimation method for this model is maximum-likelihood.
NOTE: Maximum likelihood computations converged.
12       !     
NOTE: There were 20 observations read from the data set WORK.AIRLINE.
NOTE: The PROCEDURE CATMOD printed pages 1-2.
NOTE: PROCEDURE CATMOD used (Total process time):
      real time           0.09 seconds
      cpu time            0.08 seconds
      

NOTE: SAS Institute Inc., SAS Campus Drive, Cary, NC USA 27513-2414
NOTE: The SAS System used:
      real time           0.21 seconds
      cpu time            0.15 seconds
      
