This is pdfTeXk, Version 3.141592-1.40.3 (Web2C 7.5.6) (format=latex 2010.2.8)  16 FEB 2010 16:57
entering extended mode
 %&-line parsing enabled.
**Discrim
(./Discrim.tex
LaTeX2e <2005/12/01>
Babel <v3.8h> and hyphenation patterns for english, usenglishmax, dumylang, noh
yphenation, loaded.
(/usr/share/texmf/tex/latex/prosper/prosper.cls
Document Class: prosper 2003/03/20, v. 1.6
(c) 2000-2003 Frederic Goualard, IRIN, France
 and Peter Møller Neergaard, Boston Univ., USA
CVSId: $Id: prosper.cls,v 1.25 2003/02/21 18:32:56 exupery Exp $
(/usr/share/texmf-texlive/tex/latex/graphics/graphicx.sty
Package: graphicx 1999/02/16 v1.0f Enhanced LaTeX Graphics (DPC,SPQR)

(/usr/share/texmf-texlive/tex/latex/graphics/keyval.sty
Package: keyval 1999/03/16 v1.13 key=value parser (DPC)
\KV@toks@=\toks14
)
(/usr/share/texmf-texlive/tex/latex/graphics/graphics.sty
Package: graphics 2006/02/20 v1.0o Standard LaTeX Graphics (DPC,SPQR)

(/usr/share/texmf-texlive/tex/latex/graphics/trig.sty
Package: trig 1999/03/16 v1.09 sin cos tan (DPC)
)
(/etc/texmf/tex/latex/config/graphics.cfg
File: graphics.cfg 2007/01/18 v1.5 graphics configuration of teTeX/TeXLive
)
Package graphics Info: Driver file: dvips.def on input line 90.

(/usr/share/texmf-texlive/tex/latex/graphics/dvips.def
File: dvips.def 1999/02/16 v3.0i Driver-dependant file (DPC,SPQR)
))
\Gin@req@height=\dimen102
\Gin@req@width=\dimen103
)
(/usr/share/texmf-texlive/tex/latex/seminar/seminar.cls
Document Class: seminar 1997/10/13, 1.4
Document Style: `seminar' v1.4 <1997/10/13> (tvz)
\slidewidth=\dimen104
\slideheight=\dimen105
\footheight=\dimen106
(/usr/share/texmf-texlive/tex/latex/base/article.cls
Document Class: article 2005/09/16 v1.4f Standard LaTeX document class
(/usr/share/texmf-texlive/tex/latex/base/leqno.clo
File: leqno.clo 1998/08/17 v1.1c Standard LaTeX option (left equation numbers)
)
(/usr/share/texmf-texlive/tex/latex/base/size10.clo
File: size10.clo 2005/09/16 v1.4f Standard LaTeX file (size option)
)
\c@part=\count79
\c@section=\count80
\c@subsection=\count81
\c@subsubsection=\count82
\c@paragraph=\count83
\c@subparagraph=\count84
\c@figure=\count85
\c@table=\count86
\abovecaptionskip=\skip41
\belowcaptionskip=\skip42
\bibindent=\dimen107
)
(/usr/share/texmf-texlive/tex/latex/seminar/sem-page.sty)
\before@document=\toks15
\after@document=\toks16
\before@enddocument=\toks17
\c@slide=\count87
\slide@count=\count88
\@slidebox=\box26
\not@slidebox=\box27
\slide@hook=\toks18
\after@slide=\toks19
\slide@footins=\insert233
\slide@listdepth=\count89
\saved@specials=\box28
\before@newslide=\toks20
\after@slidepage=\toks21
\slidesep=\skip43
\c@note=\count90
\slideframewidth=\dimen108
\slideframesep=\dimen109
\semin=\dimen110
\semcm=\dimen111
)
(/usr/share/texmf-texlive/tex/latex/seminar/semcolor.sty
Style Option: `semcolor' for doc style `seminar' 1.01 <2004/05/18> (tvz)
File: semcolor.sty 2004/05/18 v1.01 (tvz)
(/usr/share/texmf-texlive/tex/latex/pstricks/pstricks.sty
Package: pstricks 2006/08/10 v0.32 LaTeX wrapper for `PSTricks' (RN,HV)

(/usr/share/texmf-texlive/tex/generic/pstricks/pstricks.tex
`PSTricks' v1.15  <2006/12/22> (tvz)
\pst@dima=\dimen112
\pst@dimb=\dimen113
\pst@dimc=\dimen114
\pst@dimd=\dimen115
\pst@dimg=\dimen116
\pst@dimh=\dimen117
\pst@hbox=\box29
\pst@boxg=\box30
\pst@cnta=\count91
\pst@cntb=\count92
\pst@cntc=\count93
\pst@cntd=\count94
\pst@cntg=\count95
\pst@cnth=\count96
\pst@toks=\toks22
(/usr/share/texmf-texlive/tex/generic/pstricks/pstricks.con)
\psunit=\dimen118
\psxunit=\dimen119
\psyunit=\dimen120
\pslinewidth=\dimen121
\pst@customdefs=\toks23
\pslinearc=\dimen122
\everypsbox=\toks24
\psframesep=\dimen123
\pslabelsep=\dimen124
\psk@shift=\dimen125
\pst@shift=\dimen126
\theoverlaybox=\box31
)
File: pstricks.tex 2006/12/22 v1.15 `PSTricks' (tvz)

(/usr/share/texmf/tex/latex/xcolor/xcolor.sty
Package: xcolor 2007/01/21 v2.11 LaTeX color extensions (UK)

(/etc/texmf/tex/latex/config/color.cfg
File: color.cfg 2007/01/18 v1.5 color configuration of teTeX/TeXLive
)
Package xcolor Info: Package option `override' ignored on input line 216.
Package xcolor Info: Driver file: dvips.def on input line 225.
Package xcolor Info: Model `cmy' substituted by `cmy0' on input line 1337.
Package xcolor Info: Model `RGB' extended on input line 1353.
Package xcolor Info: Model `HTML' substituted by `rgb' on input line 1355.
Package xcolor Info: Model `Hsb' substituted by `hsb' on input line 1356.
Package xcolor Info: Model `tHsb' substituted by `hsb' on input line 1357.
Package xcolor Info: Model `HSB' substituted by `hsb' on input line 1358.
Package xcolor Info: Model `Gray' substituted by `gray' on input line 1359.
Package xcolor Info: Model `wave' substituted by `hsb' on input line 1360.
)))
(/usr/share/texmf-texlive/tex/latex/seminar/semlayer.sty
\@@slidebox=\box32
\c@overlay=\count97
)
(/usr/share/texmf-texlive/tex/latex/seminar/seminar.bug)
(/usr/share/texmf-texlive/tex/latex/seminar/seminar.bg2
seminar.bg2: various corrections for the Seminar document class
added since seminar.bug and few add-ons for overlays
(Version 2.1 of <May 31, 2002> (D.G.))
\Seminar@SlideBoxBackground=\box33
) (/usr/share/texmf/tex/latex/prosper/seminar-bg2-lepennec.fix)
(/usr/share/texmf-texlive/tex/latex/hyperref/hyperref.sty
Package: hyperref 2007/02/07 v6.75r Hypertext links for LaTeX
\@linkdim=\dimen127
\Hy@linkcounter=\count98
\Hy@pagecounter=\count99

(/usr/share/texmf-texlive/tex/latex/hyperref/pd1enc.def
File: pd1enc.def 2007/02/07 v6.75r Hyperref: PDFDocEncoding definition (HO)
)
(/etc/texmf/tex/latex/config/hyperref.cfg
File: hyperref.cfg 2002/06/06 v1.2 hyperref configuration of TeXLive
)
(/usr/share/texmf-texlive/tex/latex/oberdiek/kvoptions.sty
Package: kvoptions 2006/08/22 v2.4 Connects package keyval with LaTeX options (
HO)
)
Package hyperref Info: Option `bookmarks' set `true' on input line 2238.
Package hyperref Info: Option `pdffitwindow' set `true' on input line 2238.
Package hyperref Info: Option `pdfcenterwindow' set `true' on input line 2238.
Package hyperref Info: Hyper figures OFF on input line 2288.
Package hyperref Info: Link nesting OFF on input line 2293.
Package hyperref Info: Hyper index ON on input line 2296.
Package hyperref Info: Plain pages OFF on input line 2303.
Package hyperref Info: Backreferencing OFF on input line 2308.

Implicit mode ON; LaTeX internals redefined
Package hyperref Info: Bookmarks ON on input line 2444.
(/usr/share/texmf-texlive/tex/latex/ltxmisc/url.sty
\Urlmuskip=\muskip10
Package: url 2005/06/27  ver 3.2  Verb mode for urls, etc.
)
LaTeX Info: Redefining \url on input line 2599.
\Fld@menulength=\count100
\Field@Width=\dimen128
\Fld@charsize=\dimen129
\Choice@toks=\toks25
\Field@toks=\toks26
Package hyperref Info: Hyper figures OFF on input line 3102.
Package hyperref Info: Link nesting OFF on input line 3107.
Package hyperref Info: Hyper index ON on input line 3110.
Package hyperref Info: backreferencing OFF on input line 3117.
Package hyperref Info: Link coloring OFF on input line 3122.
\Hy@abspage=\count101
\c@Item=\count102
\c@Hfootnote=\count103
)
*hyperref using driver hdvips*
(/usr/share/texmf-texlive/tex/latex/hyperref/hdvips.def
File: hdvips.def 2007/02/07 v6.75r Hyperref driver for dvips

(/usr/share/texmf-texlive/tex/latex/hyperref/pdfmark.def
File: pdfmark.def 2007/02/07 v6.75r Hyperref definitions for pdfmark specials
\pdf@docset=\toks27
\pdf@box=\box34
\pdf@toks=\toks28
\pdf@defaulttoks=\toks29
\Fld@listcount=\count104
))
\theoverlays=\box35
\c@overlaysCount=\count105
\c@limitOverlays=\count106
\@tempoLimit=\count107
\slideWidth=\skip44
\c@trueSlideCounter=\count108

(/usr/share/texmf/tex/latex/prosper/PPRdefault.sty
Package: PPRdefault 2000/11/30

`default' style for Prosper ---
CVSId: $Id: PPRdefault.sty,v 1.3 2001/10/24 15:11:25 exupery Exp $
 
(/usr/share/texmf-texlive/tex/latex/amsfonts/amssymb.sty
Package: amssymb 2002/01/22 v2.2d

(/usr/share/texmf-texlive/tex/latex/amsfonts/amsfonts.sty
Package: amsfonts 2001/10/25 v2.2f
\@emptytoks=\toks30
\symAMSa=\mathgroup4
\symAMSb=\mathgroup5
LaTeX Font Info:    Overwriting math alphabet `\mathfrak' in version `bold'
(Font)                  U/euf/m/n --> U/euf/b/n on input line 132.
))
(/usr/share/texmf-texlive/tex/latex/seminar/semhelv.sty
Style Option: `semhelv' for the `seminar' doc style 1.4 <2000/05/08> (tvz)
Modified by Stefan (see source for details)
LaTeX Font Info:    Font shape `OT1/helvetica/m/n' will be
(Font)              scaled to size 8.20007pt on input line 186.
))
\c@item@step=\count109
\c@overlay@page=\count110
\c@nbAffected=\count111
\c@savecountAffected=\count112
) (/usr/share/texmf-texlive/tex/latex/HA-prosper/HA-prosper.sty
Package: HA-prosper 2004/08/20 v4.21 Patch for prosper

(c) 2003-2004 Hendri Adriaens, Tilburg, the Netherlands
 
(/usr/share/texmf-texlive/tex/latex/xkeyval/xkeyval.sty
Package: xkeyval 2006/11/18 v2.5f package option processing (HA)

(/usr/share/texmf-texlive/tex/latex/xkeyval/xkeyval.tex
\XKV@toks=\toks31
\XKV@depth=\count113
File: xkeyval.tex 2006/11/18 v2.5f key=value parser (HA)
))
(/usr/share/texmf-texlive/tex/latex/seminar/xcomment.sty
Style-Option: `xcomment' v1.2 <93/02/12> (tvz) 
\tokout=\write3
\tokin=\read1
) (/usr/share/texmf-texlive/tex/latex/tools/verbatim.sty
Package: verbatim 2003/08/22 v1.5q LaTeX2e package for verbatim enhancements
\every@verbatim=\toks32
\verbatim@line=\toks33
\verbatim@in@stream=\read2
)
\HAP@tba=\box36
\HAP@tbb=\box37
\HAP@tla=\skip45
\HAP@tlb=\skip46
\HAP@tlc=\skip47
\HAP@tld=\skip48
\c@HAP@tca=\count114
\c@HAP@notes@slide=\count115
\c@HAP@notes@true=\count116
\c@HAP@notes@temp=\count117
\c@HAP@temp@sc=\count118
 (./Discrim.bm)
(./Discrim.bm)
\HAP@bmout=\write4
\openout4 = `Discrim.bm'.

\c@HAP@sc@toc=\count119
\c@HAP@sc@pres=\count120
\c@HAP@sc@slides=\count121
\c@HAP@listdepth=\count122
\HAP@lcolwidth=\skip49
\HAP@rcolwidth=\skip50
\HAP@frsep=\skip51
\HAP@colsep=\skip52
\HAP@topsep=\skip53
\HAP@bottomsep=\skip54
\HAP@indent=\skip55
\c@HAP@onslide@count=\count123
\c@HAP@onslide@end=\count124
\HAP@toks@=\toks34
\c@HAP@oldc@figure=\count125
\c@HAP@oldc@equation=\count126
\c@HAP@oldc@table=\count127
 (/usr/share/texmf-texlive/tex/latex/HA-prosper/HA-prosper.cfg)
(/usr/share/texmf-texlive/tex/latex/HA-prosper/Styles/Lakar/HAPLakar.sty
Package: HAPLakar 2004/05/16

`Lakar' style for HA-prosper
(c) 2003-2004 Hendri Adriaens, Tilburg, the Netherlands
Package version: 1.6
 
(/usr/share/texmf-texlive/tex/latex/psnfss/pifont.sty
Package: pifont 2005/04/12 PSNFSS-v9.2a Pi font support (SPQR) 
LaTeX Font Info:    Try loading font information for U+pzd on input line 63.

(/usr/share/texmf-texlive/tex/latex/psnfss/upzd.fd
File: upzd.fd 2001/06/04 font definitions for U/pzd.
)
LaTeX Font Info:    Try loading font information for U+psy on input line 64.

(/usr/share/texmf-texlive/tex/latex/psnfss/upsy.fd
File: upsy.fd 2001/06/04 font definitions for U/psy.
)))) (./Discrim.aux)
\openout1 = `Discrim.aux'.

LaTeX Font Info:    Checking defaults for OML/cmm/m/it on input line 5.
LaTeX Font Info:    ... okay on input line 5.
LaTeX Font Info:    Checking defaults for T1/cmr/m/n on input line 5.
LaTeX Font Info:    ... okay on input line 5.
LaTeX Font Info:    Checking defaults for OT1/cmr/m/n on input line 5.
LaTeX Font Info:    ... okay on input line 5.
LaTeX Font Info:    Checking defaults for OMS/cmsy/m/n on input line 5.
LaTeX Font Info:    ... okay on input line 5.
LaTeX Font Info:    Checking defaults for OMX/cmex/m/n on input line 5.
LaTeX Font Info:    ... okay on input line 5.
LaTeX Font Info:    Checking defaults for U/cmr/m/n on input line 5.
LaTeX Font Info:    ... okay on input line 5.
LaTeX Font Info:    Checking defaults for PD1/pdf/m/n on input line 5.
LaTeX Font Info:    ... okay on input line 5.
Package hyperref Info: Link coloring OFF on input line 5.

(/usr/share/texmf-texlive/tex/latex/hyperref/nameref.sty
Package: nameref 2006/12/27 v2.28 Cross-referencing by name of section

(/usr/share/texmf-texlive/tex/latex/oberdiek/refcount.sty
Package: refcount 2006/02/20 v3.0 Data extraction from references (HO)
)
\c@section@level=\count128
)
LaTeX Info: Redefining \ref on input line 5.
LaTeX Info: Redefining \pageref on input line 5.
 (./Discrim.out)
(./Discrim.out)
\@outlinefile=\write5
\openout5 = `Discrim.out'.

LaTeX Font Info:    Font shape `OT1/helvetica/m/n' will be
(Font)              scaled to size 9.84009pt on input line 7.
LaTeX Font Info:    Try loading font information for T1+phv on input line 7.
 (/usr/share/texmf-texlive/tex/latex/psnfss/t1phv.fd
File: t1phv.fd 2001/06/04 scalable font definitions for T1/phv.
)
LaTeX Font Info:    Font shape `T1/phv/m/it' in size <10> not available
(Font)              Font shape `T1/phv/m/sl' tried instead on input line 14.
LaTeX Font Info:    Try loading font information for U+msa on input line 19.

(/usr/share/texmf-texlive/tex/latex/amsfonts/umsa.fd
File: umsa.fd 2002/01/19 v2.2g AMS font definitions
)
LaTeX Font Info:    Try loading font information for U+msb on input line 19.

(/usr/share/texmf-texlive/tex/latex/amsfonts/umsb.fd
File: umsb.fd 2002/01/19 v2.2g AMS font definitions
)
LaTeX Font Info:    Font shape `OT1/helvetica/m/n' will be
(Font)              scaled to size 5.74005pt on input line 19.
 [1


]
LaTeX Font Info:    Font shape `OT1/helvetica/m/n' will be
(Font)              scaled to size 4.10004pt on input line 26.
LaTeX Font Info:    Font shape `OT1/courier/m/n' will be
(Font)              scaled to size 4.925pt on input line 26.
 [2

]
LaTeX Font Info:    Font shape `OT1/courier/m/n' will be
(Font)              scaled to size 9.85pt on input line 59.
 [3

] [4

]
LaTeX Font Info:    Font shape `OT1/courier/m/n' will be
(Font)              scaled to size 6.895pt on input line 123.

Overfull \hbox (23.7326pt too wide) in paragraph at lines 133--133
[]              \OT1/courier/m/n/7 Variable                                    
          Prior[] 
 []


Overfull \hbox (23.7326pt too wide) in paragraph at lines 134--134
[] \OT1/courier/m/n/7 fertilizer   Name       Frequency      Weight   Proportio
n   Probability[] 
 []


Overfull \hbox (23.7326pt too wide) in paragraph at lines 136--136
[] \OT1/courier/m/n/7 high         high               4      4.0000     0.50000
0      0.500000[] 
 []


Overfull \hbox (23.7326pt too wide) in paragraph at lines 137--137
[] \OT1/courier/m/n/7 low          low                4      4.0000     0.50000
0      0.500000[] 
 []

[5

]
Overfull \hbox (15.45862pt too wide) in paragraph at lines 154--154
[]                     \OT1/courier/m/n/7 Ratio        F Value    Num DF    Den
 DF    Pr > F[] 
 []


Overfull \hbox (15.45862pt too wide) in paragraph at lines 156--156
[]           \OT1/courier/m/n/7 1    0.19845779          10.10         2       
  5    0.0175[] 
 []

[6

] [7

] [8

]
Overfull \hbox (3.04764pt too wide) in paragraph at lines 222--222
[]       \OT1/courier/m/n/7 Number of Observations and Percent Classified into 
fertilizer[] 
 []

[9

]
Overfull \hbox (23.7326pt too wide) in paragraph at lines 256--256
[] \OT1/courier/m/n/7 Obs  fertilizer  yield  weight    Can1    Can2    high   
  low    _INTO_[] 
 []


Overfull \hbox (15.45862pt too wide) in paragraph at lines 258--258
[]  \OT1/courier/m/n/7 1      low        34     10    -3.09314    .   0.00002  
0.99998   low[] 
 []


Overfull \hbox (15.45862pt too wide) in paragraph at lines 259--259
[]  \OT1/courier/m/n/7 2      low        29     14    -1.92110    .   0.00125  
0.99875   low[] 
 []


Overfull \hbox (15.45862pt too wide) in paragraph at lines 260--260
[]  \OT1/courier/m/n/7 3      low        35     11    -1.07511    .   0.02315  
0.97685   low[] 
 []


Overfull \hbox (15.45862pt too wide) in paragraph at lines 261--261
[]  \OT1/courier/m/n/7 4      low        32     13    -0.87242    .   0.04579  
0.95421   low[] 
 []


Overfull \hbox (19.59561pt too wide) in paragraph at lines 262--262
[]  \OT1/courier/m/n/7 5      high       33     14     1.14561    .   0.98180  
0.01820   high[] 
 []


Overfull \hbox (19.59561pt too wide) in paragraph at lines 263--263
[]  \OT1/courier/m/n/7 6      high       38     12     2.47628    .   0.99982  
0.00018   high[] 
 []


Overfull \hbox (19.59561pt too wide) in paragraph at lines 264--264
[]  \OT1/courier/m/n/7 7      high       34     13     0.66093    .   0.90893  
0.09107   high[] 
 []


Overfull \hbox (19.59561pt too wide) in paragraph at lines 265--265
[]  \OT1/courier/m/n/7 8      high       35     14     2.67896    .   0.99991  
0.00009   high[] 
 []

[10

] [11

] [12

]
Overfull \hbox (23.7326pt too wide) in paragraph at lines 336--336
[]           \OT1/courier/m/n/7 Variable                                       
          Prior[] 
 []


Overfull \hbox (23.7326pt too wide) in paragraph at lines 337--337
[]\OT1/courier/m/n/7 group      Name         Frequency       Weight    Proporti
on  Probability[] 
 []


Overfull \hbox (23.7326pt too wide) in paragraph at lines 338--338
[]\OT1/courier/m/n/7 admin      admin             5          5.0000      0.3333
33     0.333333[] 
 []


Overfull \hbox (23.7326pt too wide) in paragraph at lines 339--339
[]\OT1/courier/m/n/7 bellydan   bellydan          5          5.0000      0.3333
33     0.333333[] 
 []


Overfull \hbox (23.7326pt too wide) in paragraph at lines 340--340
[]\OT1/courier/m/n/7 politici   politici          5          5.0000      0.3333
33     0.333333[] 
 []

[13

]
Overfull \hbox (19.59561pt too wide) in paragraph at lines 370--370
[]                    \OT1/courier/m/n/7 Eigenvalue    Difference    Proportion
    Cumulative[] 
 []


Overfull \hbox (19.59561pt too wide) in paragraph at lines 372--372
[]               \OT1/courier/m/n/7 1       16.1922       14.2262        0.8917
        0.8917[] 
 []


Overfull \hbox (19.59561pt too wide) in paragraph at lines 373--373
[]               \OT1/courier/m/n/7 2        1.9660                      0.1083
        1.0000[] 
 []

[14

]
Overfull \hbox (23.7326pt too wide) in paragraph at lines 393--393
[]                       \OT1/courier/m/n/7 Ratio        F Value    Num DF    D
en DF    Pr > F[] 
 []


Overfull \hbox (23.7326pt too wide) in paragraph at lines 395--395
[]             \OT1/courier/m/n/7 1    0.01961069          13.82         8     
   18    <.0001[] 
 []


Overfull \hbox (23.7326pt too wide) in paragraph at lines 396--396
[]             \OT1/courier/m/n/7 2    0.33715124           6.55         3     
   10    0.0100[] 
 []

[15

] [16

]
Overfull \hbox (11.32162pt too wide) in paragraph at lines 449--449
[]     \OT1/courier/m/n/7 Obs    group       into group       admin    bellydan
    politici[] 
 []


Overfull \hbox (11.32162pt too wide) in paragraph at lines 451--451
[]       \OT1/courier/m/n/7 1    bellydan    bellydan        0.0000      1.0000
      0.0000[] 
 []


Overfull \hbox (11.32162pt too wide) in paragraph at lines 452--452
[]       \OT1/courier/m/n/7 2    bellydan    bellydan        0.0000      1.0000
      0.0000[] 
 []


Overfull \hbox (11.32162pt too wide) in paragraph at lines 453--453
[]       \OT1/courier/m/n/7 3    bellydan    bellydan        0.0000      1.0000
      0.0000[] 
 []


Overfull \hbox (11.32162pt too wide) in paragraph at lines 454--454
[]       \OT1/courier/m/n/7 4    bellydan    bellydan        0.0000      1.0000
      0.0000[] 
 []


Overfull \hbox (11.32162pt too wide) in paragraph at lines 455--455
[]       \OT1/courier/m/n/7 5    bellydan    bellydan        0.0000      0.9973
      0.0027[] 
 []


Overfull \hbox (11.32162pt too wide) in paragraph at lines 456--456
[]       \OT1/courier/m/n/7 6    politici    politici        0.0028      0.0000
      0.9972[] 
 []


Overfull \hbox (11.32162pt too wide) in paragraph at lines 457--457
[]       \OT1/courier/m/n/7 7    politici    politici        0.0001      0.0000
      0.9999[] 
 []


Overfull \hbox (11.32162pt too wide) in paragraph at lines 458--458
[]       \OT1/courier/m/n/7 8    politici    politici        0.0000      0.0000
      1.0000[] 
 []


Overfull \hbox (11.32162pt too wide) in paragraph at lines 459--459
[]       \OT1/courier/m/n/7 9    politici    politici        0.0000      0.0021
      0.9979[] 
 []


Overfull \hbox (11.32162pt too wide) in paragraph at lines 460--460
[]      \OT1/courier/m/n/7 10    politici    politici        0.0000      0.0000
      1.0000[] 
 []


Overfull \hbox (11.32162pt too wide) in paragraph at lines 461--461
[]      \OT1/courier/m/n/7 11    admin       admin           1.0000      0.0000
      0.0000[] 
 []


Overfull \hbox (11.32162pt too wide) in paragraph at lines 462--462
[]      \OT1/courier/m/n/7 12    admin       admin           1.0000      0.0000
      0.0000[] 
 []


Overfull \hbox (11.32162pt too wide) in paragraph at lines 463--463
[]      \OT1/courier/m/n/7 13    admin       admin           1.0000      0.0000
      0.0000[] 
 []


Overfull \hbox (11.32162pt too wide) in paragraph at lines 464--464
[]      \OT1/courier/m/n/7 14    admin       admin           1.0000      0.0000
      0.0000[] 
 []


Overfull \hbox (11.32162pt too wide) in paragraph at lines 465--465
[]      \OT1/courier/m/n/7 15    admin       admin           0.9821      0.0000
      0.0179[] 
 []

[17

]
Overfull \hbox (3.04764pt too wide) in paragraph at lines 481--481
[]      \OT1/courier/m/n/7 group           admin      bellydan      politici   
     Total[] 
 []


Overfull \hbox (3.04764pt too wide) in paragraph at lines 483--483
[]      \OT1/courier/m/n/7 admin               5             0             0   
         5[] 
 []


Overfull \hbox (3.04764pt too wide) in paragraph at lines 484--484
[]                     \OT1/courier/m/n/7 100.00          0.00          0.00   
    100.00[] 
 []


Overfull \hbox (3.04764pt too wide) in paragraph at lines 486--486
[]      \OT1/courier/m/n/7 bellydan            0             5             0   
         5[] 
 []


Overfull \hbox (3.04764pt too wide) in paragraph at lines 487--487
[]                       \OT1/courier/m/n/7 0.00        100.00          0.00   
    100.00[] 
 []


Overfull \hbox (3.04764pt too wide) in paragraph at lines 489--489
[]      \OT1/courier/m/n/7 politici            0             0             5   
         5[] 
 []


Overfull \hbox (3.04764pt too wide) in paragraph at lines 490--490
[]                       \OT1/courier/m/n/7 0.00          0.00        100.00   
    100.00[] 
 []


Overfull \hbox (3.04764pt too wide) in paragraph at lines 492--492
[]      \OT1/courier/m/n/7 Total               5             5             5   
        15[] 
 []


Overfull \hbox (3.04764pt too wide) in paragraph at lines 493--493
[]                      \OT1/courier/m/n/7 33.33         33.33         33.33   
    100.00[] 
 []

[18

] [19

]
Overfull \hbox (27.8696pt too wide) in paragraph at lines 563--563
[]     \OT1/courier/m/n/7 ---+--------+--------+--------+--------+--------+----
----+--------+--[] 
 []


Overfull \hbox (19.59561pt too wide) in paragraph at lines 564--564
[]       \OT1/courier/m/n/7 -3       -2       -1        0        1        2    
    3        4[] 
 []

[20

] [21

]
Overfull \hbox (27.8696pt too wide) in paragraph at lines 598--598
[]\OT1/courier/m/n/7 5 +                                                       
               b[] 
 []


Overfull \hbox (27.8696pt too wide) in paragraph at lines 601--601
[]\OT1/courier/m/n/7 4 +                            b             c            
               c[] 
 []


Overfull \hbox (32.00659pt too wide) in paragraph at lines 611--611
[]  \OT1/courier/m/n/7 -+-------------+-------------+-------------+------------
-+-------------+-[] 
 []


Overfull \hbox (27.8696pt too wide) in paragraph at lines 612--612
[]   \OT1/courier/m/n/7 2             3             4             5            
 6             7[] 
 []

[22

] [23

] [24

]
Overfull \hbox (7.18463pt too wide) in paragraph at lines 667--667
[]                 \OT1/courier/m/n/7 Eigenvalue    Difference    Proportion   
 Cumulative[] 
 []


Overfull \hbox (7.18463pt too wide) in paragraph at lines 669--669
[]            \OT1/courier/m/n/7 1        5.4098        5.3969        0.9976   
     0.9976[] 
 []


Overfull \hbox (7.18463pt too wide) in paragraph at lines 670--670
[]            \OT1/courier/m/n/7 2        0.0129                      0.0024   
     1.0000[] 
 []


Overfull \hbox (15.45862pt too wide) in paragraph at lines 676--676
[]                     \OT1/courier/m/n/7 Ratio        F Value    Num DF    Den
 DF    Pr > F[] 
 []


Overfull \hbox (15.45862pt too wide) in paragraph at lines 678--678
[]           \OT1/courier/m/n/7 1    0.15402685           6.19         4       
 16    0.0033[] 
 []


Overfull \hbox (15.45862pt too wide) in paragraph at lines 679--679
[]           \OT1/courier/m/n/7 2    0.98727677           0.12         1       
  9    0.7412[] 
 []

[25

] [26

] [27

] [28

]
Overfull \hbox (27.8696pt too wide) in paragraph at lines 793--793
[]     \OT1/courier/m/n/7 |                                                    
               c[] 
 []


Overfull \hbox (32.00659pt too wide) in paragraph at lines 805--805
[]     \OT1/courier/m/n/7 --+----------+----------+----------+----------+------
----+----------+-[] 
 []


Overfull \hbox (32.00659pt too wide) in paragraph at lines 806--806
[]     \OT1/courier/m/n/7 -1.5       -1.0       -0.5        0.0        0.5     
   1.0        1.5[] 
 []

[29

] [30

]
Overfull \hbox (29.05228pt too wide) in paragraph at lines 842--842
[]   \OT1/courier/m/n/10 proc discrim can list pool=test out=zz crosslist;[] 
 []

[31

]
Overfull \hbox (32.00659pt too wide) in paragraph at lines 869--869
[]            \OT1/courier/m/n/7 Variable                                      
            Prior[] 
 []


Overfull \hbox (32.00659pt too wide) in paragraph at lines 870--870
[]\OT1/courier/m/n/7 Crop        Name        Frequency       Weight    Proporti
on    Probability[] 
 []


Overfull \hbox (32.00659pt too wide) in paragraph at lines 872--872
[]\OT1/courier/m/n/7 Clover      Clover             11      11.0000      0.3055
56       0.200000[] 
 []


Overfull \hbox (32.00659pt too wide) in paragraph at lines 873--873
[]\OT1/courier/m/n/7 Corn        Corn                7       7.0000      0.1944
44       0.200000[] 
 []


Overfull \hbox (32.00659pt too wide) in paragraph at lines 874--874
[]\OT1/courier/m/n/7 Cotton      Cotton              6       6.0000      0.1666
67       0.200000[] 
 []


Overfull \hbox (32.00659pt too wide) in paragraph at lines 875--875
[]\OT1/courier/m/n/7 Soybeans    Soybeans            6       6.0000      0.1666
67       0.200000[] 
 []


Overfull \hbox (32.00659pt too wide) in paragraph at lines 876--876
[]\OT1/courier/m/n/7 Sugarbee    Sugarbee            6       6.0000      0.1666
67       0.200000[] 
 []

[32

] [33

]
Overfull \hbox (27.8696pt too wide) in paragraph at lines 925--925
[] \OT1/courier/m/n/7 Crop           Clover         Corn       Cotton     Soybe
ans     Sugarbee[] 
 []


Overfull \hbox (27.8696pt too wide) in paragraph at lines 927--927
[] \OT1/courier/m/n/7 Clover       23.64618   1317.00000    100.59945    190.52
195     27.82464[] 
 []


Overfull \hbox (27.8696pt too wide) in paragraph at lines 928--928
[] \OT1/courier/m/n/7 Corn         25.36684     11.13472    146.92411     34.77
900     21.97069[] 
 []


Overfull \hbox (27.8696pt too wide) in paragraph at lines 929--929
[] \OT1/courier/m/n/7 Cotton       24.01420    585.58710     13.23569     48.44
914     33.57208[] 
 []


Overfull \hbox (27.8696pt too wide) in paragraph at lines 930--930
[] \OT1/courier/m/n/7 Soybeans     24.70009     43.14609     37.43279     12.45
263     19.57568[] 
 []


Overfull \hbox (27.8696pt too wide) in paragraph at lines 931--931
[] \OT1/courier/m/n/7 Sugarbee     24.43063    328.84042     40.39929    104.37
324     17.76293[] 
 []

[34

]
Overfull \hbox (7.18463pt too wide) in paragraph at lines 944--944
[]                 \OT1/courier/m/n/7 Eigenvalue    Difference    Proportion   
 Cumulative[] 
 []


Overfull \hbox (7.18463pt too wide) in paragraph at lines 945--945
[]            \OT1/courier/m/n/7 1        0.6742        0.4925        0.7364   
     0.7364[] 
 []


Overfull \hbox (7.18463pt too wide) in paragraph at lines 946--946
[]            \OT1/courier/m/n/7 2        0.1817        0.1289        0.1985   
     0.9349[] 
 []


Overfull \hbox (7.18463pt too wide) in paragraph at lines 947--947
[]            \OT1/courier/m/n/7 3        0.0528        0.0459        0.0576   
     0.9925[] 
 []


Overfull \hbox (7.18463pt too wide) in paragraph at lines 948--948
[]            \OT1/courier/m/n/7 4        0.0068                      0.0075   
     1.0000[] 
 []


Overfull \hbox (15.45862pt too wide) in paragraph at lines 954--954
[]                     \OT1/courier/m/n/7 Ratio        F Value    Num DF    Den
 DF    Pr > F[] 
 []


Overfull \hbox (15.45862pt too wide) in paragraph at lines 955--955
[]           \OT1/courier/m/n/7 1    0.47687044           1.48        16    86.
179    0.1271[] 
 []


Overfull \hbox (15.45862pt too wide) in paragraph at lines 956--956
[]           \OT1/courier/m/n/7 2    0.79837318           0.76         9    70.
729    0.6515[] 
 []


Overfull \hbox (15.45862pt too wide) in paragraph at lines 957--957
[]           \OT1/courier/m/n/7 3    0.94343017           0.44         4       
 60    0.7769[] 
 []


Overfull \hbox (15.45862pt too wide) in paragraph at lines 958--958
[]           \OT1/courier/m/n/7 4    0.99319917           0.21         1       
 31    0.6482[] 
 []

[35

]
Overfull \hbox (23.7326pt too wide) in paragraph at lines 973--973
[] \OT1/courier/m/n/7 Crop                Can1            Can2            Can3 
           Can4[] 
 []


Overfull \hbox (23.7326pt too wide) in paragraph at lines 975--975
[] \OT1/courier/m/n/7 Clover       0.897881914     0.171142956    -0.159468473 
   -0.028427125[] 
 []


Overfull \hbox (23.7326pt too wide) in paragraph at lines 976--976
[] \OT1/courier/m/n/7 Corn        -1.154423506     0.297279119    -0.011822020 
   -0.086854272[] 
 []


Overfull \hbox (23.7326pt too wide) in paragraph at lines 977--977
[] \OT1/courier/m/n/7 Cotton       0.155788168     0.379410840     0.348614473 
    0.089639679[] 
 []


Overfull \hbox (23.7326pt too wide) in paragraph at lines 978--978
[] \OT1/courier/m/n/7 Soybeans    -0.629213609    -0.299565534    -0.248541709 
    0.118577501[] 
 []


Overfull \hbox (23.7326pt too wide) in paragraph at lines 979--979
[] \OT1/courier/m/n/7 Sugarbee     0.174136022    -0.740433032     0.206078461 
   -0.054770800[] 
 []

[36

]
Overfull \hbox (32.00659pt too wide) in paragraph at lines 995--995
[]\OT1/courier/m/n/7 Obs  Crop      into Crop     Clover      Corn    Cotton  S
oybeans  Sugarbee[] 
 []


Overfull \hbox (32.00659pt too wide) in paragraph at lines 996--996
[]  \OT1/courier/m/n/7 1  Corn      Corn          0.0097    0.9810    0.0000   
 0.0000    0.0093[] 
 []


Overfull \hbox (32.00659pt too wide) in paragraph at lines 997--997
[]  \OT1/courier/m/n/7 2  Corn      Corn          0.0010    0.9946    0.0000   
 0.0000    0.0045[] 
 []


Overfull \hbox (32.00659pt too wide) in paragraph at lines 998--998
[]  \OT1/courier/m/n/7 3  Corn      Corn          0.0015    0.9809    0.0000   
 0.0000    0.0177[] 
 []


Overfull \hbox (32.00659pt too wide) in paragraph at lines 999--999
[]  \OT1/courier/m/n/7 4  Corn      Corn          0.0068    0.9815    0.0000   
 0.0024    0.0093[] 
 []


Overfull \hbox (32.00659pt too wide) in paragraph at lines 1000--1000
[]  \OT1/courier/m/n/7 5  Corn      Corn          0.0039    0.9835    0.0000   
 0.0000    0.0126[] 
 []


Overfull \hbox (32.00659pt too wide) in paragraph at lines 1001--1001
[]  \OT1/courier/m/n/7 6  Corn      Corn          0.0044    0.9424    0.0000   
 0.0000    0.0532[] 
 []


Overfull \hbox (32.00659pt too wide) in paragraph at lines 1002--1002
[]  \OT1/courier/m/n/7 7  Corn      Corn          0.0008    0.9992    0.0000   
 0.0000    0.0000[] 
 []


Overfull \hbox (32.00659pt too wide) in paragraph at lines 1003--1003
[]  \OT1/courier/m/n/7 8  Soybeans  Soybeans      0.0053    0.0033    0.0000   
 0.9821    0.0092[] 
 []


Overfull \hbox (32.00659pt too wide) in paragraph at lines 1004--1004
[]  \OT1/courier/m/n/7 9  Soybeans  Soybeans      0.0143    0.0000    0.0014   
 0.7647    0.2196[] 
 []


Overfull \hbox (32.00659pt too wide) in paragraph at lines 1005--1005
[] \OT1/courier/m/n/7 10  Soybeans  Soybeans      0.0034    0.0000    0.0002   
 0.9896    0.0068[] 
 []


Overfull \hbox (32.00659pt too wide) in paragraph at lines 1006--1006
[] \OT1/courier/m/n/7 11  Soybeans  Soybeans      0.0058    0.0000    0.0000   
 0.9854    0.0088[] 
 []


Overfull \hbox (32.00659pt too wide) in paragraph at lines 1007--1007
[] \OT1/courier/m/n/7 12  Soybeans  Soybeans      0.0072    0.0000    0.0000   
 0.9921    0.0007[] 
 []


Overfull \hbox (32.00659pt too wide) in paragraph at lines 1008--1008
[] \OT1/courier/m/n/7 13  Soybeans  Soybeans      0.0149    0.0000    0.0000   
 0.9850    0.0001[] 
 []


Overfull \hbox (32.00659pt too wide) in paragraph at lines 1009--1009
[] \OT1/courier/m/n/7 14  Cotton    Cotton        0.0157    0.0000    0.9718   
 0.0032    0.0093[] 
 []


Overfull \hbox (32.00659pt too wide) in paragraph at lines 1010--1010
[] \OT1/courier/m/n/7 15  Cotton    Cotton        0.0198    0.0000    0.7925   
 0.0004    0.1873[] 
 []


Overfull \hbox (32.00659pt too wide) in paragraph at lines 1011--1011
[] \OT1/courier/m/n/7 16  Cotton    Cotton        0.0290    0.0000    0.9590   
 0.0000    0.0120[] 
 []


Overfull \hbox (32.00659pt too wide) in paragraph at lines 1012--1012
[] \OT1/courier/m/n/7 17  Cotton    Cotton        0.0067    0.0000    0.9407   
 0.0446    0.0080[] 
 []


Overfull \hbox (32.00659pt too wide) in paragraph at lines 1013--1013
[] \OT1/courier/m/n/7 18  Cotton    Cotton        0.0051    0.0000    0.9949   
 0.0000    0.0000[] 
 []


Overfull \hbox (32.00659pt too wide) in paragraph at lines 1014--1014
[] \OT1/courier/m/n/7 19  Cotton    Cotton        0.0024    0.0000    0.9976   
 0.0000    0.0000[] 
 []

[37

]
Overfull \hbox (32.00659pt too wide) in paragraph at lines 1024--1024
[]\OT1/courier/m/n/7 Obs  Crop      into Crop     Clover      Corn    Cotton  S
oybeans  Sugarbee[] 
 []


Overfull \hbox (32.00659pt too wide) in paragraph at lines 1025--1025
[] \OT1/courier/m/n/7 20  Sugarbee  Soybeans *    0.0255    0.0000    0.0000   
 0.8227    0.1518[] 
 []


Overfull \hbox (32.00659pt too wide) in paragraph at lines 1026--1026
[] \OT1/courier/m/n/7 21  Sugarbee  Cotton   *    0.0112    0.0000    0.5014   
 0.4366    0.0507[] 
 []


Overfull \hbox (32.00659pt too wide) in paragraph at lines 1027--1027
[] \OT1/courier/m/n/7 22  Sugarbee  Sugarbee      0.0422    0.0000    0.0000   
 0.0000    0.9578[] 
 []


Overfull \hbox (32.00659pt too wide) in paragraph at lines 1028--1028
[] \OT1/courier/m/n/7 23  Sugarbee  Sugarbee      0.1705    0.0000    0.0000   
 0.0000    0.8295[] 
 []


Overfull \hbox (32.00659pt too wide) in paragraph at lines 1029--1029
[] \OT1/courier/m/n/7 24  Sugarbee  Sugarbee      0.1207    0.0000    0.0000   
 0.0131    0.8663[] 
 []


Overfull \hbox (32.00659pt too wide) in paragraph at lines 1030--1030
[] \OT1/courier/m/n/7 25  Sugarbee  Sugarbee      0.0052    0.0000    0.0000   
 0.0000    0.9948[] 
 []


Overfull \hbox (32.00659pt too wide) in paragraph at lines 1031--1031
[] \OT1/courier/m/n/7 26  Clover    Clover        1.0000    0.0000    0.0000   
 0.0000    0.0000[] 
 []


Overfull \hbox (32.00659pt too wide) in paragraph at lines 1032--1032
[] \OT1/courier/m/n/7 27  Clover    Clover        0.9470    0.0000    0.0000   
 0.0001    0.0529[] 
 []


Overfull \hbox (32.00659pt too wide) in paragraph at lines 1033--1033
[] \OT1/courier/m/n/7 28  Clover    Clover        1.0000    0.0000    0.0000   
 0.0000    0.0000[] 
 []


Overfull \hbox (32.00659pt too wide) in paragraph at lines 1034--1034
[] \OT1/courier/m/n/7 29  Clover    Clover        0.9790    0.0000    0.0000   
 0.0000    0.0210[] 
 []


Overfull \hbox (32.00659pt too wide) in paragraph at lines 1035--1035
[] \OT1/courier/m/n/7 30  Clover    Clover        1.0000    0.0000    0.0000   
 0.0000    0.0000[] 
 []


Overfull \hbox (32.00659pt too wide) in paragraph at lines 1036--1036
[] \OT1/courier/m/n/7 31  Clover    Clover        1.0000    0.0000    0.0000   
 0.0000    0.0000[] 
 []


Overfull \hbox (32.00659pt too wide) in paragraph at lines 1037--1037
[] \OT1/courier/m/n/7 32  Clover    Sugarbee *    0.1612    0.0000    0.0000   
 0.0000    0.8388[] 
 []


Overfull \hbox (32.00659pt too wide) in paragraph at lines 1038--1038
[] \OT1/courier/m/n/7 33  Clover    Sugarbee *    0.1885    0.0000    0.0000   
 0.0000    0.8115[] 
 []


Overfull \hbox (32.00659pt too wide) in paragraph at lines 1039--1039
[] \OT1/courier/m/n/7 34  Clover    Clover        1.0000    0.0000    0.0000   
 0.0000    0.0000[] 
 []


Overfull \hbox (32.00659pt too wide) in paragraph at lines 1040--1040
[] \OT1/courier/m/n/7 35  Clover    Clover        1.0000    0.0000    0.0000   
 0.0000    0.0000[] 
 []


Overfull \hbox (32.00659pt too wide) in paragraph at lines 1041--1041
[] \OT1/courier/m/n/7 36  Clover    Clover        1.0000    0.0000    0.0000   
 0.0000    0.0000[] 
 []

[38

]
Overfull \hbox (19.59561pt too wide) in paragraph at lines 1055--1055
[]  \OT1/courier/m/n/7 Crop        Clover      Corn    Cotton   Soybeans   Suga
rbee     Total[] 
 []


Overfull \hbox (19.59561pt too wide) in paragraph at lines 1056--1056
[]  \OT1/courier/m/n/7 Clover           9         0         0          0       
   2        11[] 
 []


Overfull \hbox (19.59561pt too wide) in paragraph at lines 1057--1057
[]               \OT1/courier/m/n/7 81.82      0.00      0.00       0.00      1
8.18    100.00[] 
 []


Overfull \hbox (19.59561pt too wide) in paragraph at lines 1058--1058
[]  \OT1/courier/m/n/7 Corn             0         7         0          0       
   0         7[] 
 []


Overfull \hbox (19.59561pt too wide) in paragraph at lines 1059--1059
[]                \OT1/courier/m/n/7 0.00    100.00      0.00       0.00       
0.00    100.00[] 
 []


Overfull \hbox (19.59561pt too wide) in paragraph at lines 1060--1060
[]  \OT1/courier/m/n/7 Cotton           0         0         6          0       
   0         6[] 
 []


Overfull \hbox (19.59561pt too wide) in paragraph at lines 1061--1061
[]                \OT1/courier/m/n/7 0.00      0.00    100.00       0.00       
0.00    100.00[] 
 []


Overfull \hbox (19.59561pt too wide) in paragraph at lines 1062--1062
[]  \OT1/courier/m/n/7 Soybeans         0         0         0          6       
   0         6[] 
 []


Overfull \hbox (19.59561pt too wide) in paragraph at lines 1063--1063
[]                \OT1/courier/m/n/7 0.00      0.00      0.00     100.00       
0.00    100.00[] 
 []


Overfull \hbox (19.59561pt too wide) in paragraph at lines 1064--1064
[]  \OT1/courier/m/n/7 Sugarbee         0         0         1          1       
   4         6[] 
 []


Overfull \hbox (19.59561pt too wide) in paragraph at lines 1065--1065
[]                \OT1/courier/m/n/7 0.00      0.00     16.67      16.67      6
6.67    100.00[] 
 []


Overfull \hbox (19.59561pt too wide) in paragraph at lines 1066--1066
[]  \OT1/courier/m/n/7 Total            9         7         7          7       
   6        36[] 
 []


Overfull \hbox (19.59561pt too wide) in paragraph at lines 1067--1067
[]               \OT1/courier/m/n/7 25.00     19.44     19.44      19.44      1
6.67    100.00[] 
 []


Overfull \hbox (23.7326pt too wide) in paragraph at lines 1070--1070
[]                 \OT1/courier/m/n/7 Clover      Corn    Cotton  Soybeans  Sug
arbee     Total[] 
 []


Overfull \hbox (23.7326pt too wide) in paragraph at lines 1071--1071
[] \OT1/courier/m/n/7 Rate            0.1818    0.0000    0.0000    0.0000    0
.3333    0.1030[] 
 []

[39

]
Overfull \hbox (32.00659pt too wide) in paragraph at lines 1085--1085
[]\OT1/courier/m/n/7 Obs  Crop      into Crop     Clover      Corn    Cotton  S
oybeans  Sugarbee[] 
 []


Overfull \hbox (32.00659pt too wide) in paragraph at lines 1086--1086
[]  \OT1/courier/m/n/7 1  Corn      Clover   *    0.5114    0.0000    0.0000   
 0.0000    0.4886[] 
 []


Overfull \hbox (32.00659pt too wide) in paragraph at lines 1087--1087
[]  \OT1/courier/m/n/7 2  Corn      Corn          0.0014    0.9921    0.0000   
 0.0000    0.0065[] 
 []


Overfull \hbox (32.00659pt too wide) in paragraph at lines 1088--1088
[]  \OT1/courier/m/n/7 3  Corn      Corn          0.0023    0.9699    0.0000   
 0.0000    0.0277[] 
 []


Overfull \hbox (32.00659pt too wide) in paragraph at lines 1089--1089
[]  \OT1/courier/m/n/7 4  Corn      Sugarbee *    0.3692    0.0000    0.0000   
 0.1291    0.5017[] 
 []


Overfull \hbox (32.00659pt too wide) in paragraph at lines 1090--1090
[]  \OT1/courier/m/n/7 5  Corn      Sugarbee *    0.2362    0.0004    0.0000   
 0.0000    0.7634[] 
 []


Overfull \hbox (32.00659pt too wide) in paragraph at lines 1091--1091
[]  \OT1/courier/m/n/7 6  Corn      Sugarbee *    0.0753    0.0190    0.0000   
 0.0000    0.9057[] 
 []


Overfull \hbox (32.00659pt too wide) in paragraph at lines 1092--1092
[]  \OT1/courier/m/n/7 7  Corn      Clover   *    0.9998    0.0000    0.0000   
 0.0000    0.0002[] 
 []


Overfull \hbox (32.00659pt too wide) in paragraph at lines 1093--1093
[]  \OT1/courier/m/n/7 8  Soybeans  Soybeans      0.0257    0.0161    0.0000   
 0.9136    0.0446[] 
 []


Overfull \hbox (32.00659pt too wide) in paragraph at lines 1094--1094
[]  \OT1/courier/m/n/7 9  Soybeans  Sugarbee *    0.0606    0.0000    0.0059   
 0.0000    0.9334[] 
 []


Overfull \hbox (32.00659pt too wide) in paragraph at lines 1095--1095
[] \OT1/courier/m/n/7 10  Soybeans  Soybeans      0.0065    0.0000    0.0003   
 0.9803    0.0129[] 
 []


Overfull \hbox (32.00659pt too wide) in paragraph at lines 1096--1096
[] \OT1/courier/m/n/7 11  Soybeans  Sugarbee *    0.3965    0.0000    0.0000   
 0.0000    0.6035[] 
 []


Overfull \hbox (32.00659pt too wide) in paragraph at lines 1097--1097
[] \OT1/courier/m/n/7 12  Soybeans  Clover   *    0.9171    0.0000    0.0000   
 0.0000    0.0829[] 
 []


Overfull \hbox (32.00659pt too wide) in paragraph at lines 1098--1098
[] \OT1/courier/m/n/7 13  Soybeans  Clover   *    0.9944    0.0000    0.0000   
 0.0000    0.0056[] 
 []


Overfull \hbox (32.00659pt too wide) in paragraph at lines 1099--1099
[] \OT1/courier/m/n/7 14  Cotton    Cotton        0.1428    0.0000    0.7439   
 0.0291    0.0842[] 
 []


Overfull \hbox (32.00659pt too wide) in paragraph at lines 1100--1100
[] \OT1/courier/m/n/7 15  Cotton    Sugarbee *    0.0954    0.0000    0.0000   
 0.0021    0.9025[] 
 []


Overfull \hbox (32.00659pt too wide) in paragraph at lines 1101--1101
[] \OT1/courier/m/n/7 16  Cotton    Clover   *    0.7066    0.0000    0.0000   
 0.0000    0.2934[] 
 []


Overfull \hbox (32.00659pt too wide) in paragraph at lines 1102--1102
[] \OT1/courier/m/n/7 17  Cotton    Cotton        0.0159    0.0000    0.8595   
 0.1056    0.0190[] 
 []


Overfull \hbox (32.00659pt too wide) in paragraph at lines 1103--1103
[] \OT1/courier/m/n/7 18  Cotton    Clover   *    1.0000    0.0000    0.0000   
 0.0000    0.0000[] 
 []


Overfull \hbox (32.00659pt too wide) in paragraph at lines 1104--1104
[] \OT1/courier/m/n/7 19  Cotton    Clover   *    1.0000    0.0000    0.0000   
 0.0000    0.0000[] 
 []

[40

]
Overfull \hbox (32.00659pt too wide) in paragraph at lines 1114--1114
[]\OT1/courier/m/n/7 Obs  Crop      into Crop     Clover      Corn    Cotton  S
oybeans  Sugarbee[] 
 []


Overfull \hbox (32.00659pt too wide) in paragraph at lines 1115--1115
[] \OT1/courier/m/n/7 20  Sugarbee  Soybeans *    0.0300    0.0000    0.0000   
 0.9700    0.0000[] 
 []


Overfull \hbox (32.00659pt too wide) in paragraph at lines 1116--1116
[] \OT1/courier/m/n/7 21  Sugarbee  Cotton   *    0.0118    0.0000    0.5282   
 0.4599    0.0000[] 
 []


Overfull \hbox (32.00659pt too wide) in paragraph at lines 1117--1117
[] \OT1/courier/m/n/7 22  Sugarbee  Sugarbee      0.0694    0.0000    0.0000   
 0.0000    0.9306[] 
 []


Overfull \hbox (32.00659pt too wide) in paragraph at lines 1118--1118
[] \OT1/courier/m/n/7 23  Sugarbee  Clover   *    1.0000    0.0000    0.0000   
 0.0000    0.0000[] 
 []


Overfull \hbox (32.00659pt too wide) in paragraph at lines 1119--1119
[] \OT1/courier/m/n/7 24  Sugarbee  Clover   *    0.9023    0.0000    0.0000   
 0.0977    0.0000[] 
 []


Overfull \hbox (32.00659pt too wide) in paragraph at lines 1120--1120
[] \OT1/courier/m/n/7 25  Sugarbee  Clover   *    1.0000    0.0000    0.0000   
 0.0000    0.0000[] 
 []


Overfull \hbox (32.00659pt too wide) in paragraph at lines 1121--1121
[] \OT1/courier/m/n/7 26  Clover    Clover        1.0000    0.0000    0.0000   
 0.0000    0.0000[] 
 []


Overfull \hbox (32.00659pt too wide) in paragraph at lines 1122--1122
[] \OT1/courier/m/n/7 27  Clover    Clover        0.5477    0.0000    0.0000   
 0.0008    0.4514[] 
 []


Overfull \hbox (32.00659pt too wide) in paragraph at lines 1123--1123
[] \OT1/courier/m/n/7 28  Clover    Clover        1.0000    0.0000    0.0000   
 0.0000    0.0000[] 
 []


Overfull \hbox (32.00659pt too wide) in paragraph at lines 1124--1124
[] \OT1/courier/m/n/7 29  Clover    Clover        0.9694    0.0000    0.0000   
 0.0000    0.0306[] 
 []


Overfull \hbox (32.00659pt too wide) in paragraph at lines 1125--1125
[] \OT1/courier/m/n/7 30  Clover    Clover        1.0000    0.0000    0.0000   
 0.0000    0.0000[] 
 []


Overfull \hbox (32.00659pt too wide) in paragraph at lines 1126--1126
[] \OT1/courier/m/n/7 31  Clover    Clover        1.0000    0.0000    0.0000   
 0.0000    0.0000[] 
 []


Overfull \hbox (32.00659pt too wide) in paragraph at lines 1127--1127
[] \OT1/courier/m/n/7 32  Clover    Sugarbee *    0.0441    0.0000    0.0000   
 0.0000    0.9559[] 
 []


Overfull \hbox (32.00659pt too wide) in paragraph at lines 1128--1128
[] \OT1/courier/m/n/7 33  Clover    Sugarbee *    0.1352    0.0000    0.0000   
 0.0000    0.8648[] 
 []


Overfull \hbox (32.00659pt too wide) in paragraph at lines 1129--1129
[] \OT1/courier/m/n/7 34  Clover    Clover        1.0000    0.0000    0.0000   
 0.0000    0.0000[] 
 []


Overfull \hbox (32.00659pt too wide) in paragraph at lines 1130--1130
[] \OT1/courier/m/n/7 35  Clover    Clover        1.0000    0.0000    0.0000   
 0.0000    0.0000[] 
 []


Overfull \hbox (32.00659pt too wide) in paragraph at lines 1131--1131
[] \OT1/courier/m/n/7 36  Clover    Clover        1.0000    0.0000    0.0000   
 0.0000    0.0000[] 
 []

[41

]
Overfull \hbox (19.59561pt too wide) in paragraph at lines 1146--1146
[]  \OT1/courier/m/n/7 Crop        Clover      Corn    Cotton   Soybeans   Suga
rbee     Total[] 
 []


Overfull \hbox (19.59561pt too wide) in paragraph at lines 1147--1147
[]  \OT1/courier/m/n/7 Clover           9         0         0          0       
   2        11[] 
 []


Overfull \hbox (19.59561pt too wide) in paragraph at lines 1148--1148
[]               \OT1/courier/m/n/7 81.82      0.00      0.00       0.00      1
8.18    100.00[] 
 []


Overfull \hbox (19.59561pt too wide) in paragraph at lines 1149--1149
[]  \OT1/courier/m/n/7 Corn             2         2         0          0       
   3         7[] 
 []


Overfull \hbox (19.59561pt too wide) in paragraph at lines 1150--1150
[]               \OT1/courier/m/n/7 28.57     28.57      0.00       0.00      4
2.86    100.00[] 
 []


Overfull \hbox (19.59561pt too wide) in paragraph at lines 1151--1151
[]  \OT1/courier/m/n/7 Cotton           3         0         2          0       
   1         6[] 
 []


Overfull \hbox (19.59561pt too wide) in paragraph at lines 1152--1152
[]               \OT1/courier/m/n/7 50.00      0.00     33.33       0.00      1
6.67    100.00[] 
 []


Overfull \hbox (19.59561pt too wide) in paragraph at lines 1153--1153
[]  \OT1/courier/m/n/7 Soybeans         2         0         0          2       
   2         6[] 
 []


Overfull \hbox (19.59561pt too wide) in paragraph at lines 1154--1154
[]               \OT1/courier/m/n/7 33.33      0.00      0.00      33.33      3
3.33    100.00[] 
 []


Overfull \hbox (19.59561pt too wide) in paragraph at lines 1155--1155
[]  \OT1/courier/m/n/7 Sugarbee         3         0         1          1       
   1         6[] 
 []


Overfull \hbox (19.59561pt too wide) in paragraph at lines 1156--1156
[]               \OT1/courier/m/n/7 50.00      0.00     16.67      16.67      1
6.67    100.00[] 
 []


Overfull \hbox (19.59561pt too wide) in paragraph at lines 1157--1157
[]  \OT1/courier/m/n/7 Total           19         2         3          3       
   9        36[] 
 []


Overfull \hbox (19.59561pt too wide) in paragraph at lines 1158--1158
[]               \OT1/courier/m/n/7 52.78      5.56      8.33       8.33      2
5.00    100.00[] 
 []


Overfull \hbox (23.7326pt too wide) in paragraph at lines 1160--1160
[]                 \OT1/courier/m/n/7 Clover      Corn    Cotton  Soybeans  Sug
arbee     Total[] 
 []


Overfull \hbox (23.7326pt too wide) in paragraph at lines 1161--1161
[] \OT1/courier/m/n/7 Rate            0.1818    0.7143    0.6667    0.6667    0
.8333    0.6126[] 
 []

[42

] [43

] (./Discrim.aux) ) 
Here is how much of TeX's memory you used:
 5575 strings out of 95087
 74365 string characters out of 1183279
 166986 words of memory out of 1500000
 8660 multiletter control sequences out of 10000+50000
 21470 words of font info for 39 fonts, out of 1200000 for 2000
 28 hyphenation exceptions out of 8191
 44i,6n,49p,291b,631s stack positions out of 5000i,500n,6000p,200000b,5000s

Output written on Discrim.dvi (43 pages, 159172 bytes).
