1                                                          The SAS System                           16:14 Tuesday, February 22, 2011

NOTE: Unable to open SASUSER.REGSTRY. WORK.REGSTRY will be opened instead.
NOTE: All registry changes will be lost at the end of the session.

NOTE: Copyright (c) 2002-2008 by SAS Institute Inc., Cary, NC, USA. 
NOTE: SAS (r) Proprietary Software 9.2 (TS2M3) 
      Licensed to UNIVERSITY OF TORONTO/COMPUTING & COMMUNICATIONS, Site 70072785.
NOTE: This session is executing on the Linux 2.6.32-28-generic (LINUX) platform.



You are running SAS 9. Some SAS 8 files will be automatically converted 
by the V9 engine; others are incompatible.  Please see 
http://support.sas.com/rnd/migration/planning/platform/64bit.html

PROC MIGRATE will preserve current SAS file attributes and is 
recommended for converting all your SAS libraries from any 
SAS 8 release to SAS 9.  For details and examples, please see
http://support.sas.com/rnd/migration/index.html


This message is contained in the SAS news file, and is presented upon
initialization.  Edit the file "news" in the "misc/base" directory to
display site-specific news and information in the program log.
The command line option "-nonews" will prevent this display.




NOTE: SAS initialization used:
      real time           0.12 seconds
      cpu time            0.04 seconds
      
1          /*  File generated by StatWeave  */
2          data _null_; file print;
3          put "--- Output file from StatWeave, engine = SASEngine ---";
4          options nocenter nodate nonumber skip=0 ls=100 formdlim=' '
5            formchar = '|----|+|---+=|-/\<>*';
6          title; footnote;
7          
8          
9          
10         /* ---- Chunk 1: "dogs-1-SAS" ----- */

NOTE: 1 lines were written to file PRINT.
NOTE: The DATA step printed page 1.
NOTE: DATA statement used (Total process time):
      real time           0.07 seconds
      cpu time            0.08 seconds
      

11         data _null_; file print;
12         put "!-StatWeave-!/swv~line 21~EEXNF4/out";
13         options linesize=75;
14         

NOTE: 1 lines were written to file PRINT.
NOTE: The DATA step printed page 2.
NOTE: DATA statement used (Total process time):
The SAS System

      real time           0.00 seconds
      cpu time            0.00 seconds
      

15            data dogs;
16               infile "dogs.dat";
17               input Drug $ Depleted $ Histamine0 Histamine1
18                     Histamine3 Histamine5;
19               LogHistamine0=log(Histamine0);
20               LogHistamine1=log(Histamine1);
21               LogHistamine3=log(Histamine3);
22               LogHistamine5=log(Histamine5);
23         

NOTE: The infile "dogs.dat" is:
      Filename=/home/ken/stad29/notes/dogs.dat,
      Owner Name=ken,Group Name=ken,
      Access Permission=rw-r--r--,
      Last Modified=Tue Feb 22 16:14:46 2011,
      File Size (bytes)=416

NOTE: Invalid argument to function LOG at line 19 column 21.
NOTE: Invalid argument to function LOG at line 20 column 21.
NOTE: Invalid argument to function LOG at line 21 column 21.
NOTE: Invalid argument to function LOG at line 22 column 21.
RULE:     ----+----1----+----2----+----3----+----4----+----5----+----6----+
1         Morphine             N  -3.22  -1.61  -2.30  -2.53  51
Drug=Morphine Depleted=N Histamine0=-3.22 Histamine1=-1.61 Histamine3=-2.3
Histamine5=-2.53 LogHistamine0=. LogHistamine1=. LogHistamine3=.
LogHistamine5=. _ERROR_=1 _N_=1
NOTE: Invalid argument to function LOG at line 19 column 21.
NOTE: Invalid argument to function LOG at line 20 column 21.
NOTE: Invalid argument to function LOG at line 21 column 21.
NOTE: Invalid argument to function LOG at line 22 column 21.
2         Morphine             N  -3.91  -2.81  -3.91  -3.91  51
Drug=Morphine Depleted=N Histamine0=-3.91 Histamine1=-2.81 Histamine3=-3.91
Histamine5=-3.91 LogHistamine0=. LogHistamine1=. LogHistamine3=.
LogHistamine5=. _ERROR_=1 _N_=2
NOTE: Invalid argument to function LOG at line 19 column 21.
NOTE: Invalid argument to function LOG at line 21 column 21.
NOTE: Invalid argument to function LOG at line 22 column 21.
3         Morphine             N  -2.66   0.34  -0.73  -1.43  51
Drug=Morphine Depleted=N Histamine0=-2.66 Histamine1=0.34 Histamine3=-0.73
Histamine5=-1.43 LogHistamine0=. LogHistamine1=-1.078809661 LogHistamine3=.
LogHistamine5=. _ERROR_=1 _N_=3
NOTE: Invalid argument to function LOG at line 19 column 21.
NOTE: Invalid argument to function LOG at line 20 column 21.
NOTE: Invalid argument to function LOG at line 21 column 21.
NOTE: Invalid argument to function LOG at line 22 column 21.
4         Morphine             N  -1.77  -0.56  -1.05  -1.43  51
Drug=Morphine Depleted=N Histamine0=-1.77 Histamine1=-0.56 Histamine3=-1.05
Histamine5=-1.43 LogHistamine0=. LogHistamine1=. LogHistamine3=.
LogHistamine5=. _ERROR_=1 _N_=4
NOTE: Invalid argument to function LOG at line 19 column 21.
NOTE: Invalid argument to function LOG at line 20 column 21.
NOTE: Invalid argument to function LOG at line 21 column 21.
NOTE: Invalid argument to function LOG at line 22 column 21.
5         Trimethaphan         N  -3.51  -0.48  -1.17  -1.51  51
The SAS System

Drug=Trimetha Depleted=N Histamine0=-3.51 Histamine1=-0.48 Histamine3=-1.17
Histamine5=-1.51 LogHistamine0=. LogHistamine1=. LogHistamine3=.
LogHistamine5=. _ERROR_=1 _N_=5
NOTE: Invalid argument to function LOG at line 19 column 21.
NOTE: Invalid argument to function LOG at line 21 column 21.
NOTE: Invalid argument to function LOG at line 22 column 21.
RULE:     ----+----1----+----2----+----3----+----4----+----5----+----6----+
6         Trimethaphan         N  -3.51   0.05  -0.31  -0.51  51
Drug=Trimetha Depleted=N Histamine0=-3.51 Histamine1=0.05 Histamine3=-0.31
Histamine5=-0.51 LogHistamine0=. LogHistamine1=-2.995732274 LogHistamine3=.
LogHistamine5=. _ERROR_=1 _N_=6
NOTE: Invalid argument to function LOG at line 19 column 21.
NOTE: Invalid argument to function LOG at line 20 column 21.
NOTE: Invalid argument to function LOG at line 22 column 21.
7         Trimethaphan         N  -2.66  -0.19   0.07  -0.22  51
Drug=Trimetha Depleted=N Histamine0=-2.66 Histamine1=-0.19 Histamine3=0.07
Histamine5=-0.22 LogHistamine0=. LogHistamine1=. LogHistamine3=-2.659260037
LogHistamine5=. _ERROR_=1 _N_=7
NOTE: Invalid argument to function LOG at line 19 column 21.
8         Trimethaphan         N  -2.41   1.14   0.72   0.21  51
Drug=Trimetha Depleted=N Histamine0=-2.41 Histamine1=1.14 Histamine3=0.72
Histamine5=0.21 LogHistamine0=. LogHistamine1=0.1310282624
LogHistamine3=-0.328504067 LogHistamine5=-1.560647748 _ERROR_=1 _N_=8
NOTE: 8 records were read from the infile "dogs.dat".
      The minimum record length was 51.
      The maximum record length was 51.
NOTE: Mathematical operations could not be performed at the following 
      places. The results of the operations have been set to missing 
      values.
      Each place is given by: (Number of times) at (Line):(Column).
      8 at 19:21   5 at 20:21   6 at 21:21   7 at 22:21   
NOTE: The data set WORK.DOGS has 8 observations and 10 variables.
NOTE: DATA statement used (Total process time):
      real time           0.07 seconds
      cpu time            0.01 seconds
      

24            proc glm;
25               class Drug Depleted;
26               model LogHistamine0--LogHistamine5 =
27                     Drug Depleted Drug*Depleted / nouni;
28               repeated Time 4 (0 1 3 5);

ERROR: One or more variables are missing or freq or weight is zero on 
       every observation.
NOTE: The SAS System stopped processing this step because of errors.
NOTE: PROCEDURE GLM used (Total process time):
      real time           0.00 seconds
      cpu time            0.01 seconds
      


29         data _null_; file print;
30         put "@-StatWeave-!/swv~line 21~EEXNF4/out";
31         

NOTE: 1 lines were written to file PRINT.
NOTE: The DATA step printed page 3.
The SAS System

NOTE: DATA statement used (Total process time):
      real time           0.00 seconds
      cpu time            0.00 seconds
      

ERROR: Errors printed on page 3.

NOTE: SAS Institute Inc., SAS Campus Drive, Cary, NC USA 27513-2414
NOTE: The SAS System used:
      real time           0.30 seconds
      cpu time            0.15 seconds
      
