This is pdfTeXk, Version 3.141592-1.40.3 (Web2C 7.5.6) (format=latex 2010.2.8)  15 MAR 2010 16:39
entering extended mode
 %&-line parsing enabled.
**Factor
(./Factor.tex
LaTeX2e <2005/12/01>
Babel <v3.8h> and hyphenation patterns for english, usenglishmax, dumylang, noh
yphenation, loaded.
(/usr/share/texmf/tex/latex/prosper/prosper.cls
Document Class: prosper 2003/03/20, v. 1.6
(c) 2000-2003 Frederic Goualard, IRIN, France
 and Peter Møller Neergaard, Boston Univ., USA
CVSId: $Id: prosper.cls,v 1.25 2003/02/21 18:32:56 exupery Exp $
(/usr/share/texmf-texlive/tex/latex/graphics/graphicx.sty
Package: graphicx 1999/02/16 v1.0f Enhanced LaTeX Graphics (DPC,SPQR)

(/usr/share/texmf-texlive/tex/latex/graphics/keyval.sty
Package: keyval 1999/03/16 v1.13 key=value parser (DPC)
\KV@toks@=\toks14
)
(/usr/share/texmf-texlive/tex/latex/graphics/graphics.sty
Package: graphics 2006/02/20 v1.0o Standard LaTeX Graphics (DPC,SPQR)

(/usr/share/texmf-texlive/tex/latex/graphics/trig.sty
Package: trig 1999/03/16 v1.09 sin cos tan (DPC)
)
(/etc/texmf/tex/latex/config/graphics.cfg
File: graphics.cfg 2007/01/18 v1.5 graphics configuration of teTeX/TeXLive
)
Package graphics Info: Driver file: dvips.def on input line 90.

(/usr/share/texmf-texlive/tex/latex/graphics/dvips.def
File: dvips.def 1999/02/16 v3.0i Driver-dependant file (DPC,SPQR)
))
\Gin@req@height=\dimen102
\Gin@req@width=\dimen103
)
(/usr/share/texmf-texlive/tex/latex/seminar/seminar.cls
Document Class: seminar 1997/10/13, 1.4
Document Style: `seminar' v1.4 <1997/10/13> (tvz)
\slidewidth=\dimen104
\slideheight=\dimen105
\footheight=\dimen106
(/usr/share/texmf-texlive/tex/latex/base/article.cls
Document Class: article 2005/09/16 v1.4f Standard LaTeX document class
(/usr/share/texmf-texlive/tex/latex/base/leqno.clo
File: leqno.clo 1998/08/17 v1.1c Standard LaTeX option (left equation numbers)
)
(/usr/share/texmf-texlive/tex/latex/base/size10.clo
File: size10.clo 2005/09/16 v1.4f Standard LaTeX file (size option)
)
\c@part=\count79
\c@section=\count80
\c@subsection=\count81
\c@subsubsection=\count82
\c@paragraph=\count83
\c@subparagraph=\count84
\c@figure=\count85
\c@table=\count86
\abovecaptionskip=\skip41
\belowcaptionskip=\skip42
\bibindent=\dimen107
)
(/usr/share/texmf-texlive/tex/latex/seminar/sem-page.sty)
\before@document=\toks15
\after@document=\toks16
\before@enddocument=\toks17
\c@slide=\count87
\slide@count=\count88
\@slidebox=\box26
\not@slidebox=\box27
\slide@hook=\toks18
\after@slide=\toks19
\slide@footins=\insert233
\slide@listdepth=\count89
\saved@specials=\box28
\before@newslide=\toks20
\after@slidepage=\toks21
\slidesep=\skip43
\c@note=\count90
\slideframewidth=\dimen108
\slideframesep=\dimen109
\semin=\dimen110
\semcm=\dimen111
)
(/usr/share/texmf-texlive/tex/latex/seminar/semcolor.sty
Style Option: `semcolor' for doc style `seminar' 1.01 <2004/05/18> (tvz)
File: semcolor.sty 2004/05/18 v1.01 (tvz)
(/usr/share/texmf-texlive/tex/latex/pstricks/pstricks.sty
Package: pstricks 2006/08/10 v0.32 LaTeX wrapper for `PSTricks' (RN,HV)

(/usr/share/texmf-texlive/tex/generic/pstricks/pstricks.tex
`PSTricks' v1.15  <2006/12/22> (tvz)
\pst@dima=\dimen112
\pst@dimb=\dimen113
\pst@dimc=\dimen114
\pst@dimd=\dimen115
\pst@dimg=\dimen116
\pst@dimh=\dimen117
\pst@hbox=\box29
\pst@boxg=\box30
\pst@cnta=\count91
\pst@cntb=\count92
\pst@cntc=\count93
\pst@cntd=\count94
\pst@cntg=\count95
\pst@cnth=\count96
\pst@toks=\toks22
(/usr/share/texmf-texlive/tex/generic/pstricks/pstricks.con)
\psunit=\dimen118
\psxunit=\dimen119
\psyunit=\dimen120
\pslinewidth=\dimen121
\pst@customdefs=\toks23
\pslinearc=\dimen122
\everypsbox=\toks24
\psframesep=\dimen123
\pslabelsep=\dimen124
\psk@shift=\dimen125
\pst@shift=\dimen126
\theoverlaybox=\box31
)
File: pstricks.tex 2006/12/22 v1.15 `PSTricks' (tvz)

(/usr/share/texmf/tex/latex/xcolor/xcolor.sty
Package: xcolor 2007/01/21 v2.11 LaTeX color extensions (UK)

(/etc/texmf/tex/latex/config/color.cfg
File: color.cfg 2007/01/18 v1.5 color configuration of teTeX/TeXLive
)
Package xcolor Info: Package option `override' ignored on input line 216.
Package xcolor Info: Driver file: dvips.def on input line 225.
Package xcolor Info: Model `cmy' substituted by `cmy0' on input line 1337.
Package xcolor Info: Model `RGB' extended on input line 1353.
Package xcolor Info: Model `HTML' substituted by `rgb' on input line 1355.
Package xcolor Info: Model `Hsb' substituted by `hsb' on input line 1356.
Package xcolor Info: Model `tHsb' substituted by `hsb' on input line 1357.
Package xcolor Info: Model `HSB' substituted by `hsb' on input line 1358.
Package xcolor Info: Model `Gray' substituted by `gray' on input line 1359.
Package xcolor Info: Model `wave' substituted by `hsb' on input line 1360.
)))
(/usr/share/texmf-texlive/tex/latex/seminar/semlayer.sty
\@@slidebox=\box32
\c@overlay=\count97
)
(/usr/share/texmf-texlive/tex/latex/seminar/seminar.bug)
(/usr/share/texmf-texlive/tex/latex/seminar/seminar.bg2
seminar.bg2: various corrections for the Seminar document class
added since seminar.bug and few add-ons for overlays
(Version 2.1 of <May 31, 2002> (D.G.))
\Seminar@SlideBoxBackground=\box33
) (/usr/share/texmf/tex/latex/prosper/seminar-bg2-lepennec.fix)
(/usr/share/texmf-texlive/tex/latex/hyperref/hyperref.sty
Package: hyperref 2007/02/07 v6.75r Hypertext links for LaTeX
\@linkdim=\dimen127
\Hy@linkcounter=\count98
\Hy@pagecounter=\count99

(/usr/share/texmf-texlive/tex/latex/hyperref/pd1enc.def
File: pd1enc.def 2007/02/07 v6.75r Hyperref: PDFDocEncoding definition (HO)
)
(/etc/texmf/tex/latex/config/hyperref.cfg
File: hyperref.cfg 2002/06/06 v1.2 hyperref configuration of TeXLive
)
(/usr/share/texmf-texlive/tex/latex/oberdiek/kvoptions.sty
Package: kvoptions 2006/08/22 v2.4 Connects package keyval with LaTeX options (
HO)
)
Package hyperref Info: Option `bookmarks' set `true' on input line 2238.
Package hyperref Info: Option `pdffitwindow' set `true' on input line 2238.
Package hyperref Info: Option `pdfcenterwindow' set `true' on input line 2238.
Package hyperref Info: Hyper figures OFF on input line 2288.
Package hyperref Info: Link nesting OFF on input line 2293.
Package hyperref Info: Hyper index ON on input line 2296.
Package hyperref Info: Plain pages OFF on input line 2303.
Package hyperref Info: Backreferencing OFF on input line 2308.

Implicit mode ON; LaTeX internals redefined
Package hyperref Info: Bookmarks ON on input line 2444.
(/usr/share/texmf-texlive/tex/latex/ltxmisc/url.sty
\Urlmuskip=\muskip10
Package: url 2005/06/27  ver 3.2  Verb mode for urls, etc.
)
LaTeX Info: Redefining \url on input line 2599.
\Fld@menulength=\count100
\Field@Width=\dimen128
\Fld@charsize=\dimen129
\Choice@toks=\toks25
\Field@toks=\toks26
Package hyperref Info: Hyper figures OFF on input line 3102.
Package hyperref Info: Link nesting OFF on input line 3107.
Package hyperref Info: Hyper index ON on input line 3110.
Package hyperref Info: backreferencing OFF on input line 3117.
Package hyperref Info: Link coloring OFF on input line 3122.
\Hy@abspage=\count101
\c@Item=\count102
\c@Hfootnote=\count103
)
*hyperref using driver hdvips*
(/usr/share/texmf-texlive/tex/latex/hyperref/hdvips.def
File: hdvips.def 2007/02/07 v6.75r Hyperref driver for dvips

(/usr/share/texmf-texlive/tex/latex/hyperref/pdfmark.def
File: pdfmark.def 2007/02/07 v6.75r Hyperref definitions for pdfmark specials
\pdf@docset=\toks27
\pdf@box=\box34
\pdf@toks=\toks28
\pdf@defaulttoks=\toks29
\Fld@listcount=\count104
))
\theoverlays=\box35
\c@overlaysCount=\count105
\c@limitOverlays=\count106
\@tempoLimit=\count107
\slideWidth=\skip44
\c@trueSlideCounter=\count108

(/usr/share/texmf/tex/latex/prosper/PPRdefault.sty
Package: PPRdefault 2000/11/30

`default' style for Prosper ---
CVSId: $Id: PPRdefault.sty,v 1.3 2001/10/24 15:11:25 exupery Exp $
 
(/usr/share/texmf-texlive/tex/latex/amsfonts/amssymb.sty
Package: amssymb 2002/01/22 v2.2d

(/usr/share/texmf-texlive/tex/latex/amsfonts/amsfonts.sty
Package: amsfonts 2001/10/25 v2.2f
\@emptytoks=\toks30
\symAMSa=\mathgroup4
\symAMSb=\mathgroup5
LaTeX Font Info:    Overwriting math alphabet `\mathfrak' in version `bold'
(Font)                  U/euf/m/n --> U/euf/b/n on input line 132.
))
(/usr/share/texmf-texlive/tex/latex/seminar/semhelv.sty
Style Option: `semhelv' for the `seminar' doc style 1.4 <2000/05/08> (tvz)
Modified by Stefan (see source for details)
LaTeX Font Info:    Font shape `OT1/helvetica/m/n' will be
(Font)              scaled to size 8.20007pt on input line 186.
))
\c@item@step=\count109
\c@overlay@page=\count110
\c@nbAffected=\count111
\c@savecountAffected=\count112
) (/usr/share/texmf-texlive/tex/latex/HA-prosper/HA-prosper.sty
Package: HA-prosper 2004/08/20 v4.21 Patch for prosper

(c) 2003-2004 Hendri Adriaens, Tilburg, the Netherlands
 
(/usr/share/texmf-texlive/tex/latex/xkeyval/xkeyval.sty
Package: xkeyval 2006/11/18 v2.5f package option processing (HA)

(/usr/share/texmf-texlive/tex/latex/xkeyval/xkeyval.tex
\XKV@toks=\toks31
\XKV@depth=\count113
File: xkeyval.tex 2006/11/18 v2.5f key=value parser (HA)
))
(/usr/share/texmf-texlive/tex/latex/seminar/xcomment.sty
Style-Option: `xcomment' v1.2 <93/02/12> (tvz) 
\tokout=\write3
\tokin=\read1
) (/usr/share/texmf-texlive/tex/latex/tools/verbatim.sty
Package: verbatim 2003/08/22 v1.5q LaTeX2e package for verbatim enhancements
\every@verbatim=\toks32
\verbatim@line=\toks33
\verbatim@in@stream=\read2
)
\HAP@tba=\box36
\HAP@tbb=\box37
\HAP@tla=\skip45
\HAP@tlb=\skip46
\HAP@tlc=\skip47
\HAP@tld=\skip48
\c@HAP@tca=\count114
\c@HAP@notes@slide=\count115
\c@HAP@notes@true=\count116
\c@HAP@notes@temp=\count117
\c@HAP@temp@sc=\count118
 (./Factor.bm)
(./Factor.bm)
\HAP@bmout=\write4
\openout4 = `Factor.bm'.

\c@HAP@sc@toc=\count119
\c@HAP@sc@pres=\count120
\c@HAP@sc@slides=\count121
\c@HAP@listdepth=\count122
\HAP@lcolwidth=\skip49
\HAP@rcolwidth=\skip50
\HAP@frsep=\skip51
\HAP@colsep=\skip52
\HAP@topsep=\skip53
\HAP@bottomsep=\skip54
\HAP@indent=\skip55
\c@HAP@onslide@count=\count123
\c@HAP@onslide@end=\count124
\HAP@toks@=\toks34
\c@HAP@oldc@figure=\count125
\c@HAP@oldc@equation=\count126
\c@HAP@oldc@table=\count127
 (/usr/share/texmf-texlive/tex/latex/HA-prosper/HA-prosper.cfg)
(/usr/share/texmf-texlive/tex/latex/HA-prosper/Styles/Lakar/HAPLakar.sty
Package: HAPLakar 2004/05/16

`Lakar' style for HA-prosper
(c) 2003-2004 Hendri Adriaens, Tilburg, the Netherlands
Package version: 1.6
 
(/usr/share/texmf-texlive/tex/latex/psnfss/pifont.sty
Package: pifont 2005/04/12 PSNFSS-v9.2a Pi font support (SPQR) 
LaTeX Font Info:    Try loading font information for U+pzd on input line 63.

(/usr/share/texmf-texlive/tex/latex/psnfss/upzd.fd
File: upzd.fd 2001/06/04 font definitions for U/pzd.
)
LaTeX Font Info:    Try loading font information for U+psy on input line 64.

(/usr/share/texmf-texlive/tex/latex/psnfss/upsy.fd
File: upsy.fd 2001/06/04 font definitions for U/psy.
)))) (./Factor.aux)
\openout1 = `Factor.aux'.

LaTeX Font Info:    Checking defaults for OML/cmm/m/it on input line 6.
LaTeX Font Info:    ... okay on input line 6.
LaTeX Font Info:    Checking defaults for T1/cmr/m/n on input line 6.
LaTeX Font Info:    ... okay on input line 6.
LaTeX Font Info:    Checking defaults for OT1/cmr/m/n on input line 6.
LaTeX Font Info:    ... okay on input line 6.
LaTeX Font Info:    Checking defaults for OMS/cmsy/m/n on input line 6.
LaTeX Font Info:    ... okay on input line 6.
LaTeX Font Info:    Checking defaults for OMX/cmex/m/n on input line 6.
LaTeX Font Info:    ... okay on input line 6.
LaTeX Font Info:    Checking defaults for U/cmr/m/n on input line 6.
LaTeX Font Info:    ... okay on input line 6.
LaTeX Font Info:    Checking defaults for PD1/pdf/m/n on input line 6.
LaTeX Font Info:    ... okay on input line 6.
Package hyperref Info: Link coloring OFF on input line 6.

(/usr/share/texmf-texlive/tex/latex/hyperref/nameref.sty
Package: nameref 2006/12/27 v2.28 Cross-referencing by name of section

(/usr/share/texmf-texlive/tex/latex/oberdiek/refcount.sty
Package: refcount 2006/02/20 v3.0 Data extraction from references (HO)
)
\c@section@level=\count128
)
LaTeX Info: Redefining \ref on input line 6.
LaTeX Info: Redefining \pageref on input line 6.
 (./Factor.out)
(./Factor.out)
\@outlinefile=\write5
\openout5 = `Factor.out'.

LaTeX Font Info:    Font shape `OT1/helvetica/m/n' will be
(Font)              scaled to size 9.84009pt on input line 8.
LaTeX Font Info:    Try loading font information for T1+phv on input line 8.
 (/usr/share/texmf-texlive/tex/latex/psnfss/t1phv.fd
File: t1phv.fd 2001/06/04 scalable font definitions for T1/phv.
)
LaTeX Font Info:    Try loading font information for U+msa on input line 27.

(/usr/share/texmf-texlive/tex/latex/amsfonts/umsa.fd
File: umsa.fd 2002/01/19 v2.2g AMS font definitions
)
LaTeX Font Info:    Try loading font information for U+msb on input line 27.

(/usr/share/texmf-texlive/tex/latex/amsfonts/umsb.fd
File: umsb.fd 2002/01/19 v2.2g AMS font definitions
)
LaTeX Font Info:    Font shape `OT1/helvetica/m/n' will be
(Font)              scaled to size 5.74005pt on input line 27.
 [1


]
LaTeX Font Info:    Font shape `OT1/courier/m/n' will be
(Font)              scaled to size 9.85pt on input line 36.
LaTeX Font Info:    Font shape `T1/phv/m/it' in size <10> not available
(Font)              Font shape `T1/phv/m/sl' tried instead on input line 49.
 [2

] [3

]
LaTeX Font Info:    Font shape `OT1/courier/m/n' will be
(Font)              scaled to size 6.895pt on input line 85.
 [4

]
LaTeX Font Info:    Font shape `OT1/helvetica/m/n' will be
(Font)              scaled to size 4.10004pt on input line 108.
LaTeX Font Info:    Font shape `OT1/courier/m/n' will be
(Font)              scaled to size 4.925pt on input line 108.
 [5

]
[6

]
Overfull \hbox (15.45862pt too wide) in paragraph at lines 187--187
[]       \OT1/courier/m/n/7 para           sent           word            add  
         dots[] 
 []


Overfull \hbox (11.32162pt too wide) in paragraph at lines 188--188
[]\OT1/courier/m/n/7 0.75574929     0.70062380     0.67537332     0.56705315   
  0.61529069[] 
 []

[7

] [8

] [9

]
Overfull \hbox (11.32162pt too wide) in paragraph at lines 250--250
[]      \OT1/courier/m/n/7 para           sent           word            add   
        dots[] 
 []


Overfull \hbox (11.32162pt too wide) in paragraph at lines 251--251
[]\OT1/courier/m/n/7 0.75574929     0.70062380     0.67537332     0.56705315   
  0.61529069[] 
 []

[10

] [11

]
File: bem.ps Graphic file (type eps)
 <bem.ps>
Overfull \hbox (46.94708pt too wide) in paragraph at lines 273--275
[][] 
 []

[12

] [13

] [14

] [15

] [16

] [17

]
Overfull \hbox (50.29932pt too wide) in paragraph at lines 412--412
 []\OT1/courier/m/n/10 proc factor method=prinit n=4 rotate=varimax out=fred;[]
 
 []

[18

]
LaTeX Font Info:    Font shape `OT1/helvetica/bx/n' in size <7> not available
(Font)              Font shape `OT1/helvetica/b/n' tried instead on input line 
431.
LaTeX Font Info:    Font shape `OT1/helvetica/b/n' will be
(Font)              scaled to size 5.74005pt on input line 431.
 [19

] [20

] [21

] [22

]
Overfull \hbox (11.32162pt too wide) in paragraph at lines 515--515
[]   \OT1/courier/m/n/7 HELPFUL     RELIANT      DEFBEL    YIELDING    CHEERFUL
       INDPT[] 
 []


Overfull \hbox (11.32162pt too wide) in paragraph at lines 516--516
[]\OT1/courier/m/n/7 0.25966592  0.34347676  0.25927866  0.14921084  0.29319613
  0.39145262[] 
 []


Overfull \hbox (11.32162pt too wide) in paragraph at lines 518--518
[]    \OT1/courier/m/n/7 ATHLET         SHY      ASSERT     STRPERS    FORCEFUL
      AFFECT[] 
 []


Overfull \hbox (11.32162pt too wide) in paragraph at lines 519--519
[]\OT1/courier/m/n/7 0.15123194  0.17558566  0.41630723  0.50923469  0.49059572
  0.48740930[] 
 []


Overfull \hbox (11.32162pt too wide) in paragraph at lines 521--521
[]   \OT1/courier/m/n/7 FLATTER       LOYAL      ANALYT    FEMININE    SYMPATHY
       MOODY[] 
 []


Overfull \hbox (11.32162pt too wide) in paragraph at lines 522--522
[]\OT1/courier/m/n/7 0.20308368  0.21353167  0.12334064  0.13931465  0.45071468
  0.24495805[] 
 []


Overfull \hbox (11.32162pt too wide) in paragraph at lines 524--524
[]  \OT1/courier/m/n/7 SENSITIV    UNDSTAND     COMPASS    LEADERAB      SOOTHE
        RISK[] 
 []


Overfull \hbox (11.32162pt too wide) in paragraph at lines 525--525
[]\OT1/courier/m/n/7 0.36963797  0.53717166  0.60527481  0.55064036  0.38876534
  0.23331239[] 
 []


Overfull \hbox (11.32162pt too wide) in paragraph at lines 527--527
[]    \OT1/courier/m/n/7 DECIDE    SELFSUFF    CONSCIEN    DOMINANT    MASCULIN
       STAND[] 
 []


Overfull \hbox (11.32162pt too wide) in paragraph at lines 528--528
[]\OT1/courier/m/n/7 0.36614500  0.57430213  0.34219775  0.53373041  0.18858344
  0.42233319[] 
 []


Overfull \hbox (11.32162pt too wide) in paragraph at lines 530--530
[]     \OT1/courier/m/n/7 HAPPY    SOFTSPOK        WARM    TRUTHFUL      TENDER
    GULLIBLE[] 
 []


Overfull \hbox (11.32162pt too wide) in paragraph at lines 531--531
[]\OT1/courier/m/n/7 0.41771222  0.25191883  0.56174959  0.11063193  0.52249779
  0.16107602[] 
 []


Overfull \hbox (11.32162pt too wide) in paragraph at lines 533--533
[]   \OT1/courier/m/n/7 LEADACT    CHILDLIK       INDIV    FOULLANG    LOVECHIL
     COMPETE[] 
 []


Overfull \hbox (11.32162pt too wide) in paragraph at lines 534--534
[]\OT1/courier/m/n/7 0.54215483  0.17477789  0.23208669  0.02992972  0.12313782
  0.31086844[] 
 []

[23

] [24

]
Overfull \hbox (11.32162pt too wide) in paragraph at lines 579--579
[]        \OT1/courier/m/n/7 -+---------+---------+---------+---------+--------
-+---------+[] 
 []


Overfull \hbox (11.32162pt too wide) in paragraph at lines 580--580
[]        \OT1/courier/m/n/7 -3        -2        -1         0         1        
 2         3[] 
 []

[25

] [26

]
Overfull \hbox (7.18463pt too wide) in paragraph at lines 624--624
[]              \OT1/courier/m/n/7 Y  C                 F              F  S    
 S  U     L[] 
 []


Overfull \hbox (7.18463pt too wide) in paragraph at lines 625--625
[]     \OT1/courier/m/n/7 H  R     I  H              S  O     F        E  Y    
 E  N  C  E[] 
 []


Overfull \hbox (7.18463pt too wide) in paragraph at lines 626--626
[]     \OT1/courier/m/n/7 E  E  D  E  E     A     A  T  R  A  L     A  M  M    
 N  D  O  A[] 
 []


Overfull \hbox (7.18463pt too wide) in paragraph at lines 627--627
[]     \OT1/courier/m/n/7 L  L  E  L  E  I  T     S  R  C  F  A  L  N  I  P  M 
 S  S  M  D[] 
 []


Overfull \hbox (7.18463pt too wide) in paragraph at lines 628--628
[]     \OT1/courier/m/n/7 P  I  F  D  R  N  H     S  P  E  F  T  O  A  N  A  O 
 I  T  P  E[] 
 []


Overfull \hbox (7.18463pt too wide) in paragraph at lines 629--629
[] \OT1/courier/m/n/7 O   F  A  B  I  F  D  L  S  E  E  F  E  T  Y  L  I  T  O 
 T  A  A  R[] 
 []


Overfull \hbox (7.18463pt too wide) in paragraph at lines 630--630
[] \OT1/courier/m/n/7 b   U  N  E  N  U  P  E  H  R  R  U  C  E  A  Y  N  H  D 
 I  N  S  A[] 
 []


Overfull \hbox (7.18463pt too wide) in paragraph at lines 631--631
[] \OT1/courier/m/n/7 s   L  T  L  G  L  T  T  Y  T  S  L  T  R  L  T  E  Y  Y 
 V  D  S  B[] 
 []


Overfull \hbox (7.18463pt too wide) in paragraph at lines 633--633
[]\OT1/courier/m/n/7 214  7  5  3  1  3  6  1  3  5  4  2  1  1  7  7  3  4  4 
 7  5  5  6[] 
 []


Overfull \hbox (7.18463pt too wide) in paragraph at lines 634--634
[]\OT1/courier/m/n/7 258  6  4  1  7  5  7  7  7  3  1  1  4  1  7  4  4  7  3 
 7  7  6  1[] 
 []


Overfull \hbox (7.18463pt too wide) in paragraph at lines 638--638
[]     \OT1/courier/m/n/7 S     D  L  N  M  S        F     U  T  L  E  I     U 
 V  O  B  G[] 
 []


Overfull \hbox (7.18463pt too wide) in paragraph at lines 639--639
[]     \OT1/courier/m/n/7 O     E  F  S  I  C  S  H  T     T  E  L  A  L  I  L 
 E  M  I  E[] 
 []


Overfull \hbox (7.18463pt too wide) in paragraph at lines 640--640
[]     \OT1/courier/m/n/7 O  R  C  S  C  N  U  T  A  S  W  H  N  I  D  D  N  L 
 C  P  T  N[] 
 []


Overfull \hbox (7.18463pt too wide) in paragraph at lines 641--641
[] \OT1/courier/m/n/7 O   T  I  I  U  I  A  L  A  P  P  A  F  D  B  A  L  D  A 
 H  E  I  T[] 
 []


Overfull \hbox (7.18463pt too wide) in paragraph at lines 642--642
[] \OT1/courier/m/n/7 b   H  S  D  F  E  N  I  N  P  O  R  U  E  L  C  I  I  N 
 I  T  O  L[] 
 []


Overfull \hbox (7.18463pt too wide) in paragraph at lines 643--643
[] \OT1/courier/m/n/7 s   E  K  E  F  N  T  N  D  Y  K  M  L  R  E  T  K  V  G 
 L  E  U  E[] 
 []


Overfull \hbox (7.18463pt too wide) in paragraph at lines 645--645
[]\OT1/courier/m/n/7 214  3  1  7  6  7  4  4  5  4  7  1  6  3  4  5  1  5  5 
 7  2  4  2[] 
 []


Overfull \hbox (7.18463pt too wide) in paragraph at lines 646--646
[]\OT1/courier/m/n/7 258  7  5  1  4  7  1  1  1  6  6  6  5  6  7  1  1  3  4 
 7  2  2  7[] 
 []

[27

] [28

] [29

] [30

] [31

]
Overfull \hbox (17.23227pt too wide) in paragraph at lines 738--738
[]  \OT1/courier/m/n/10 input _type_ $ _name_ $ para sent word add dots;[] 
 []

[32

] [33

] [34

] [35

]
Overfull \hbox (5.41226pt too wide) in paragraph at lines 817--817
[]                                                                             
              \OT1/courier/m/n/5 Ratio[] 
 []


Overfull \hbox (5.41226pt too wide) in paragraph at lines 818--818
[]                                                                             
            \OT1/courier/m/n/5 Between[] 
 []


Overfull \hbox (5.41226pt too wide) in paragraph at lines 819--819
[]                                                                             
             \OT1/courier/m/n/5 Actual[] 
 []


Overfull \hbox (5.41226pt too wide) in paragraph at lines 820--820
[]                                                         \OT1/courier/m/n/5 O
bjective   Max Abs                 and[] 
 []


Overfull \hbox (5.41226pt too wide) in paragraph at lines 821--821
[]                   \OT1/courier/m/n/5 Function       Active      Objective   
Function  Gradient           Predicted[] 
 []


Overfull \hbox (5.41226pt too wide) in paragraph at lines 822--822
[]  \OT1/courier/m/n/5 Iter   Restarts     Calls  Constraints       Function   
  Change   Element   Lambda     Change[] 
 []


Overfull \hbox (5.41226pt too wide) in paragraph at lines 823--823
[]     \OT1/courier/m/n/5 1          0         2            0        0.41335   
  0.0104    0.0256        0      1.206[] 
 []


Overfull \hbox (5.41226pt too wide) in paragraph at lines 824--824
[]     \OT1/courier/m/n/5 2          0         3            0        0.41302   
0.000329   0.00349        0      1.174[] 
 []


Overfull \hbox (5.41226pt too wide) in paragraph at lines 825--825
[]     \OT1/courier/m/n/5 3          0         4            0        0.41301   
9.497E-6  0.000603        0      1.171[] 
 []


Overfull \hbox (5.41226pt too wide) in paragraph at lines 826--826
[]     \OT1/courier/m/n/5 4          0         5            0        0.41301   
2.771E-7  0.000099        0      1.171[] 
 []


Overfull \hbox (5.41226pt too wide) in paragraph at lines 827--827
[]     \OT1/courier/m/n/5 5          0         6            0        0.41301   
8.072E-9  0.000017        0      1.171[] 
 []


Overfull \hbox (5.41226pt too wide) in paragraph at lines 828--828
[]     \OT1/courier/m/n/5 6          0         7            0        0.41301   
2.35E-10  2.905E-6        0      1.171[] 
 []


Overfull \hbox (11.32227pt too wide) in paragraph at lines 831--831
[]\OT1/courier/m/n/5 Iterations                                     6  Function
 Calls                                 8[] 
 []


Overfull \hbox (11.32227pt too wide) in paragraph at lines 832--832
[]\OT1/courier/m/n/5 Jacobian Calls                                 7  Active C
onstraints                             0[] 
 []


Overfull \hbox (11.32227pt too wide) in paragraph at lines 833--833
[]\OT1/courier/m/n/5 Objective Function                  0.4130083436  Max Abs 
Gradient Element            2.9047445E-6[] 
 []


Overfull \hbox (11.32227pt too wide) in paragraph at lines 834--834
[]\OT1/courier/m/n/5 Lambda                                         0  Actual O
ver Pred Change             1.1706449333[] 
 []

[36

] [37

] [38

] [39

] [40

]
Overfull \hbox (3.04764pt too wide) in paragraph at lines 949--949
[]                                                              \OT1/courier/m/
n/7 Actual[] 
 []


Overfull \hbox (3.04764pt too wide) in paragraph at lines 950--950
[]                                              \OT1/courier/m/n/7 Max Abs     
      Over[] 
 []


Overfull \hbox (3.04764pt too wide) in paragraph at lines 951--951
[]        \OT1/courier/m/n/7 Rest  Func  Act   Objective  Obj Fun Gradient     
      Pred[] 
 []


Overfull \hbox (3.04764pt too wide) in paragraph at lines 952--952
[]  \OT1/courier/m/n/7 Iter  arts Calls  Con    Function   Change  Element  Lam
bda Change[] 
 []


Overfull \hbox (3.04764pt too wide) in paragraph at lines 954--954
[]     \OT1/courier/m/n/7 1     0     2    0     0.02038  0.00325  0.00679     
  0  1.019[] 
 []


Overfull \hbox (3.04764pt too wide) in paragraph at lines 955--955
[]     \OT1/courier/m/n/7 2     0     3    0     0.02035 0.000026 0.000721     
  0  1.028[] 
 []


Overfull \hbox (3.04764pt too wide) in paragraph at lines 956--956
[]     \OT1/courier/m/n/7 3     0     4    0     0.02035  2.16E-7 0.000043     
  0  1.058[] 
 []


Overfull \hbox (3.04764pt too wide) in paragraph at lines 957--957
[]     \OT1/courier/m/n/7 4     0     5    0     0.02035  1.61E-9 5.325E-6     
  0  1.081[] 
 []


Overfull \hbox (11.32162pt too wide) in paragraph at lines 961--961
[]\OT1/courier/m/n/7 Iterations                       4  Function Calls        
           6[] 
 []


Overfull \hbox (11.32162pt too wide) in paragraph at lines 962--962
[]\OT1/courier/m/n/7 Jacobian Calls                   5  Active Constraints    
           0[] 
 []


Overfull \hbox (11.32162pt too wide) in paragraph at lines 963--963
[]\OT1/courier/m/n/7 Objective Function    0.0203513722  Max Abs Gradient      
5.3251548E-6[] 
 []


Overfull \hbox (11.32162pt too wide) in paragraph at lines 965--965
[]\OT1/courier/m/n/7 Lambda                           0  Actual Over Pred      
1.0814713689[] 
 []

[41

] [42

] [43

] [44

] [45

] [46

] (./Factor.aux) ) 
Here is how much of TeX's memory you used:
 5576 strings out of 95087
 74317 string characters out of 1183279
 167025 words of memory out of 1500000
 8657 multiletter control sequences out of 10000+50000
 22006 words of font info for 40 fonts, out of 1200000 for 2000
 28 hyphenation exceptions out of 8191
 44i,9n,49p,297b,633s stack positions out of 5000i,500n,6000p,200000b,5000s

Output written on Factor.dvi (46 pages, 171820 bytes).
