This is pdfTeX, Version 3.1415926-1.40.10 (MiKTeX 2.8) (preloaded format=latex 2009.10.26)  14 JAN 2010 13:07
entering extended mode
**logistic
(c:\Users\Ken\Documents\stad29\notes\logistic.tex
LaTeX2e <2005/12/01>
Babel <v3.8l> and hyphenation patterns for english, dumylang, nohyphenation, ge
rman, ngerman, german-x-2009-06-19, ngerman-x-2009-06-19, french, loaded.
("C:\Program Files\MiKTeX 2.8\tex\latex\prosper\prosper.cls"
Document Class: prosper 2001/07/17, v. 1.5
(c) 2000-2001 Frederic Goualard, EPFL, Switzerland
 and Peter Møller Neergaard, Boston Univ., USA
CVSId: $Id: prosper.cls,v 1.24 2002/11/25 14:35:50 exupery Exp $
("C:\Program Files\MiKTeX 2.8\tex\latex\graphics\graphicx.sty"
Package: graphicx 1999/02/16 v1.0f Enhanced LaTeX Graphics (DPC,SPQR)

("C:\Program Files\MiKTeX 2.8\tex\latex\graphics\keyval.sty"
Package: keyval 1999/03/16 v1.13 key=value parser (DPC)
\KV@toks@=\toks14
)
("C:\Program Files\MiKTeX 2.8\tex\latex\graphics\graphics.sty"
Package: graphics 2006/02/20 v1.0o Standard LaTeX Graphics (DPC,SPQR)

("C:\Program Files\MiKTeX 2.8\tex\latex\graphics\trig.sty"
Package: trig 1999/03/16 v1.09 sin cos tan (DPC)
)
("C:\Program Files\MiKTeX 2.8\tex\latex\00miktex\graphics.cfg"
File: graphics.cfg 2007/01/18 v1.5 graphics configuration of teTeX/TeXLive
)
Package graphics Info: Driver file: dvips.def on input line 90.

("C:\Program Files\MiKTeX 2.8\tex\latex\graphics\dvips.def"
File: dvips.def 1999/02/16 v3.0i Driver-dependant file (DPC,SPQR)
))
\Gin@req@height=\dimen102
\Gin@req@width=\dimen103
)
("C:\Program Files\MiKTeX 2.8\tex\latex\seminar\seminar.cls"
Document Class: seminar 2008/10/15, 1.5
Document Style: `seminar' v1.5 <2008/10/15> (tvz)
\slidewidth=\dimen104
\slideheight=\dimen105
\footheight=\dimen106
("C:\Program Files\MiKTeX 2.8\tex\latex\base\article.cls"
Document Class: article 2005/09/16 v1.4f Standard LaTeX document class
("C:\Program Files\MiKTeX 2.8\tex\latex\base\leqno.clo"
File: leqno.clo 1998/08/17 v1.1c Standard LaTeX option (left equation numbers)
)
("C:\Program Files\MiKTeX 2.8\tex\latex\base\size10.clo"
File: size10.clo 2005/09/16 v1.4f Standard LaTeX file (size option)
)
\c@part=\count79
\c@section=\count80
\c@subsection=\count81
\c@subsubsection=\count82
\c@paragraph=\count83
\c@subparagraph=\count84
\c@figure=\count85
\c@table=\count86
\abovecaptionskip=\skip41
\belowcaptionskip=\skip42
\bibindent=\dimen107
)
("C:\Program Files\MiKTeX 2.8\tex\latex\seminar\sem-page.sty")
\before@document=\toks15
\after@document=\toks16
\before@enddocument=\toks17
\c@slide=\count87
\slide@count=\count88
\@slidebox=\box26
\not@slidebox=\box27
\slide@hook=\toks18
\after@slide=\toks19
\slide@footins=\insert233
\slide@listdepth=\count89
\saved@specials=\box28
\before@newslide=\toks20
\after@slidepage=\toks21
\slidesep=\skip43
\c@note=\count90
\slideframewidth=\dimen108
\slideframesep=\dimen109
\semin=\dimen110
\semcm=\dimen111
)
("C:\Program Files\MiKTeX 2.8\tex\latex\seminar\semcolor.sty"
Style Option: `semcolor' for doc style `seminar' 1.01 <2004/05/18> (tvz)
File: semcolor.sty 2004/05/18 v1.01 (tvz)
("C:\Program Files\MiKTeX 2.8\tex\latex\pstricks\pstricks.sty"
Package: pstricks 2008/11/26 v0.40 LaTeX wrapper for `PSTricks' (RN,HV)

("C:\Program Files\MiKTeX 2.8\tex\generic\pstricks\pstricks.tex"
`PSTricks' v1.29  <2009/05/19> (tvz)
\pst@dima=\dimen112
\pst@dimb=\dimen113
\pst@dimc=\dimen114
\pst@dimd=\dimen115
\pst@dimg=\dimen116
\pst@dimh=\dimen117
\pst@hbox=\box29
\pst@boxg=\box30
\pst@cnta=\count91
\pst@cntb=\count92
\pst@cntc=\count93
\pst@cntd=\count94
\pst@cntg=\count95
\pst@cnth=\count96
\pst@toks=\toks22
("C:\Program Files\MiKTeX 2.8\tex\generic\pstricks\pstricks.con")
\psunit=\dimen118
\psxunit=\dimen119
\psyunit=\dimen120
\pslinewidth=\dimen121
\pst@customdefs=\toks23
\pslinearc=\dimen122
\everypsbox=\toks24
\psframesep=\dimen123
\pslabelsep=\dimen124
\pst@shift=\dimen125
\theoverlaybox=\box31
)
File: pstricks.tex 2009/05/19 v1.29 `PSTricks' (tvz,hv)

("C:\Program Files\MiKTeX 2.8\tex\latex\xcolor\xcolor.sty"
Package: xcolor 2007/01/21 v2.11 LaTeX color extensions (UK)

("C:\Program Files\MiKTeX 2.8\tex\latex\00miktex\color.cfg"
File: color.cfg 2007/01/18 v1.5 color configuration of teTeX/TeXLive
)
Package xcolor Info: Driver file: dvips.def on input line 225.
Package xcolor Info: Model `cmy' substituted by `cmy0' on input line 1337.
Package xcolor Info: Model `RGB' extended on input line 1353.
Package xcolor Info: Model `HTML' substituted by `rgb' on input line 1355.
Package xcolor Info: Model `Hsb' substituted by `hsb' on input line 1356.
Package xcolor Info: Model `tHsb' substituted by `hsb' on input line 1357.
Package xcolor Info: Model `HSB' substituted by `hsb' on input line 1358.
Package xcolor Info: Model `Gray' substituted by `gray' on input line 1359.
Package xcolor Info: Model `wave' substituted by `hsb' on input line 1360.
)))
("C:\Program Files\MiKTeX 2.8\tex\latex\seminar\semlayer.sty"
\@@slidebox=\box32
\c@overlay=\count97
)
("C:\Program Files\MiKTeX 2.8\tex\latex\seminar\seminar.bug")
("C:\Program Files\MiKTeX 2.8\tex\latex\seminar\seminar.bg2"
seminar.bg2: various corrections for the Seminar document class
added since seminar.bug and few add-ons for overlays
(Version 2.1 of <May 31, 2002> (D.G.))
\Seminar@SlideBoxBackground=\box33
) ("C:\Program Files\MiKTeX 2.8\tex\latex\hyperref\hyperref.sty"
Package: hyperref 2009/09/23 v6.78v Hypertext links for LaTeX

("C:\Program Files\MiKTeX 2.8\tex\generic\oberdiek\ifpdf.sty"
Package: ifpdf 2009/04/10 v2.0 Provides the ifpdf switch (HO)
Package ifpdf Info: pdfTeX in pdf mode not detected.
)
("C:\Program Files\MiKTeX 2.8\tex\generic\oberdiek\ifvtex.sty"
Package: ifvtex 2008/11/04 v1.4 Switches for detecting VTeX and its modes (HO)
Package ifvtex Info: VTeX not detected.
)
("C:\Program Files\MiKTeX 2.8\tex\latex\ifxetex\ifxetex.sty"
Package: ifxetex 2009/01/23 v0.5 Provides ifxetex conditional
)
("C:\Program Files\MiKTeX 2.8\tex\latex\oberdiek\hycolor.sty"
Package: hycolor 2008/09/08 v1.4 Code for color options of hyperref/bookmark (H
O)

("C:\Program Files\MiKTeX 2.8\tex\latex\oberdiek\xcolor-patch.sty"
Package: xcolor-patch 2008/09/08 xcolor patch
))
\@linkdim=\dimen126
\Hy@linkcounter=\count98
\Hy@pagecounter=\count99

("C:\Program Files\MiKTeX 2.8\tex\latex\hyperref\pd1enc.def"
File: pd1enc.def 2009/09/23 v6.78v Hyperref: PDFDocEncoding definition (HO)
)
("C:\Program Files\MiKTeX 2.8\tex\generic\oberdiek\etexcmds.sty"
Package: etexcmds 2007/12/12 v1.2 Prefix for e-TeX command names (HO)

("C:\Program Files\MiKTeX 2.8\tex\generic\oberdiek\infwarerr.sty"
Package: infwarerr 2007/09/09 v1.2 Providing info/warning/message (HO)
)
Package etexcmds Info: Could not find \expanded.
(etexcmds)             That can mean that you are not using pdfTeX 1.50 or
(etexcmds)             that some package has redefined \expanded.
(etexcmds)             In the latter case, load this package earlier.
)
("C:\Program Files\MiKTeX 2.8\tex\latex\00miktex\hyperref.cfg"
File: hyperref.cfg 2002/06/06 v1.2 hyperref configuration of TeXLive
)
("C:\Program Files\MiKTeX 2.8\tex\latex\oberdiek\kvoptions.sty"
Package: kvoptions 2009/08/13 v3.4 Keyval support for LaTeX options (HO)

("C:\Program Files\MiKTeX 2.8\tex\generic\oberdiek\kvsetkeys.sty"
Package: kvsetkeys 2009/07/30 v1.5 Key value parser with default handler suppor
t (HO)
))
Package hyperref Info: Option `bookmarks' set `true' on input line 2864.
Package hyperref Info: Option `pdffitwindow' set `true' on input line 2864.
Package hyperref Info: Option `pdfcenterwindow' set `true' on input line 2864.
Package hyperref Info: Hyper figures OFF on input line 2975.
Package hyperref Info: Link nesting OFF on input line 2980.
Package hyperref Info: Hyper index ON on input line 2983.
Package hyperref Info: Plain pages OFF on input line 2990.
Package hyperref Info: Backreferencing OFF on input line 2995.

Implicit mode ON; LaTeX internals redefined
Package hyperref Info: Bookmarks ON on input line 3191.
("C:\Program Files\MiKTeX 2.8\tex\latex\ltxmisc\url.sty"
\Urlmuskip=\muskip10
Package: url 2006/04/12  ver 3.3  Verb mode for urls, etc.
)
LaTeX Info: Redefining \url on input line 3428.

("C:\Program Files\MiKTeX 2.8\tex\generic\oberdiek\bitset.sty"
Package: bitset 2007/09/28 v1.0 Data type bit set (HO)

("C:\Program Files\MiKTeX 2.8\tex\generic\oberdiek\intcalc.sty"
Package: intcalc 2007/09/27 v1.1 Expandable integer calculations (HO)
)
("C:\Program Files\MiKTeX 2.8\tex\generic\oberdiek\bigintcalc.sty"
Package: bigintcalc 2007/11/11 v1.1 Expandable big integer calculations (HO)

("C:\Program Files\MiKTeX 2.8\tex\generic\oberdiek\pdftexcmds.sty"
Package: pdftexcmds 2009/09/23 v0.6 LuaTeX support for pdfTeX utility functions
 (HO)

("C:\Program Files\MiKTeX 2.8\tex\generic\oberdiek\ifluatex.sty"
Package: ifluatex 2009/04/17 v1.2 Provides the ifluatex switch (HO)
Package ifluatex Info: LuaTeX not detected.
)
("C:\Program Files\MiKTeX 2.8\tex\generic\oberdiek\ltxcmds.sty"
Package: ltxcmds 2009/08/05 v1.0 Some LaTeX kernel commands for general use (HO
)
)
Package pdftexcmds Info: LuaTeX not detected.
Package pdftexcmds Info: \pdf@primitive is available.
Package pdftexcmds Info: \pdf@ifprimitive is available.
)))
\Fld@menulength=\count100
\Field@Width=\dimen127
\Fld@charsize=\dimen128
\Field@toks=\toks25
Package hyperref Info: Hyper figures OFF on input line 4346.
Package hyperref Info: Link nesting OFF on input line 4351.
Package hyperref Info: Hyper index ON on input line 4354.
Package hyperref Info: backreferencing OFF on input line 4361.
Package hyperref Info: Link coloring OFF on input line 4366.
Package hyperref Info: Link coloring with OCG OFF on input line 4371.
Package hyperref Info: PDF/A mode OFF on input line 4376.

("C:\Program Files\MiKTeX 2.8\tex\generic\oberdiek\atbegshi.sty"
Package: atbegshi 2008/07/31 v1.9 At begin shipout hook (HO)
)
\Hy@abspage=\count101
\c@Item=\count102
\c@Hfootnote=\count103
)
*hyperref using driver hdvips*
("C:\Program Files\MiKTeX 2.8\tex\latex\hyperref\hdvips.def"
File: hdvips.def 2009/09/23 v6.78v Hyperref driver for dvips

("C:\Program Files\MiKTeX 2.8\tex\latex\hyperref\pdfmark.def"
File: pdfmark.def 2009/09/23 v6.78v Hyperref definitions for pdfmark specials
\pdf@docset=\toks26
\pdf@box=\box34
\pdf@toks=\toks27
\pdf@defaulttoks=\toks28
\Fld@listcount=\count104
))
\theoverlays=\box35
\c@overlaysCount=\count105
\c@limitOverlays=\count106
\@tempoLimit=\count107
\slideWidth=\skip44
\c@trueSlideCounter=\count108

("C:\Program Files\MiKTeX 2.8\tex\latex\prosper\PPRdefault.sty"
Package: PPRdefault 2000/11/30

`default' style for Prosper ---
CVSId: $Id: PPRdefault.sty,v 1.3 2001/10/24 15:11:25 exupery Exp $
 
("C:\Program Files\MiKTeX 2.8\tex\latex\amsfonts\amssymb.sty"
Package: amssymb 2009/06/22 v3.00

("C:\Program Files\MiKTeX 2.8\tex\latex\amsfonts\amsfonts.sty"
Package: amsfonts 2009/06/22 v3.00 Basic AMSFonts support
\@emptytoks=\toks29
\symAMSa=\mathgroup4
\symAMSb=\mathgroup5
LaTeX Font Info:    Overwriting math alphabet `\mathfrak' in version `bold'
(Font)                  U/euf/m/n --> U/euf/b/n on input line 96.
))
("C:\Program Files\MiKTeX 2.8\tex\latex\seminar\semhelv.sty"
Style Option: `semhelv' for the `seminar' doc style 1.4 <2000/05/08> (tvz)
Modified by Stefan (see source for details)
LaTeX Font Info:    Font shape `OT1/helvetica/m/n' will be
(Font)              scaled to size 8.20007pt on input line 186.
))
\c@item@step=\count109
\c@overlay@page=\count110
\c@nbAffected=\count111
\c@savecountAffected=\count112
) ("C:\Program Files\MiKTeX 2.8\tex\latex\ha-prosper\HA-prosper.sty"
Package: HA-prosper 2004/08/20 v4.21 Patch for prosper

(c) 2003-2004 Hendri Adriaens, Tilburg, the Netherlands
 
("C:\Program Files\MiKTeX 2.8\tex\latex\xkeyval\xkeyval.sty"
Package: xkeyval 2008/08/13 v2.6a package option processing (HA)

("C:\Program Files\MiKTeX 2.8\tex\generic\xkeyval\xkeyval.tex"
\XKV@toks=\toks30
\XKV@tempa@toks=\toks31
\XKV@depth=\count113
File: xkeyval.tex 2008/08/13 v2.6a key=value parser (HA)
))
("C:\Program Files\MiKTeX 2.8\tex\latex\seminar\xcomment.sty"
Style-Option: `xcomment' v1.2 <93/02/12> (tvz) 
\tokout=\write3
\tokin=\read1
) ("C:\Program Files\MiKTeX 2.8\tex\latex\tools\verbatim.sty"
Package: verbatim 2003/08/22 v1.5q LaTeX2e package for verbatim enhancements
\every@verbatim=\toks32
\verbatim@line=\toks33
\verbatim@in@stream=\read2
)
\HAP@tba=\box36
\HAP@tbb=\box37
\HAP@tla=\skip45
\HAP@tlb=\skip46
\HAP@tlc=\skip47
\HAP@tld=\skip48
\c@HAP@tca=\count114
\c@HAP@notes@slide=\count115
\c@HAP@notes@true=\count116
\c@HAP@notes@temp=\count117
\c@HAP@temp@sc=\count118

(c:\Users\Ken\Documents\stad29\notes\logistic.bm)
(c:\Users\Ken\Documents\stad29\notes\logistic.bm

Package hyperref Warning: Token not allowed in a PDF string (PDFDocEncoding):
(hyperref)                removing `math shift' on input line 15.


Package hyperref Warning: Token not allowed in a PDF string (PDFDocEncoding):
(hyperref)                removing `math shift' on input line 15.

)
\HAP@bmout=\write4
\c@HAP@sc@toc=\count119
\c@HAP@sc@pres=\count120
\c@HAP@sc@slides=\count121
\c@HAP@listdepth=\count122
\HAP@lcolwidth=\skip49
\HAP@rcolwidth=\skip50
\HAP@frsep=\skip51
\HAP@colsep=\skip52
\HAP@topsep=\skip53
\HAP@bottomsep=\skip54
\HAP@indent=\skip55
\c@HAP@onslide@count=\count123
\c@HAP@onslide@end=\count124
\HAP@toks@=\toks34
\c@HAP@oldc@figure=\count125
\c@HAP@oldc@equation=\count126
\c@HAP@oldc@table=\count127
 ("C:\Program Files\MiKTeX 2.8\tex\latex\ha-prosper\HA-prosper.cfg")
("C:\Program Files\MiKTeX 2.8\tex\latex\ha-prosper\Styles\Lakar\HAPlakar.sty"

LaTeX Warning: You have requested package `HAPlakar',
               but the package provides `HAPLakar'.

Package: HAPLakar 2004/05/16
`Lakar' style for HA-prosper
(c) 2003-2004 Hendri Adriaens, Tilburg, the Netherlands
Package version: 1.6
 
("C:\Program Files\MiKTeX 2.8\tex\latex\psnfss\pifont.sty"
Package: pifont 2005/04/12 PSNFSS-v9.2a Pi font support (SPQR) 
LaTeX Font Info:    Try loading font information for U+pzd on input line 63.

("C:\Program Files\MiKTeX 2.8\tex\latex\psnfss\upzd.fd"
File: upzd.fd 2001/06/04 font definitions for U/pzd.
)
LaTeX Font Info:    Try loading font information for U+psy on input line 64.

("C:\Program Files\MiKTeX 2.8\tex\latex\psnfss\upsy.fd"
File: upsy.fd 2001/06/04 font definitions for U/psy.
))))
(c:\Users\Ken\Documents\stad29\notes\logistic.aux)
LaTeX Font Info:    Checking defaults for OML/cmm/m/it on input line 18.
LaTeX Font Info:    ... okay on input line 18.
LaTeX Font Info:    Checking defaults for T1/cmr/m/n on input line 18.
LaTeX Font Info:    ... okay on input line 18.
LaTeX Font Info:    Checking defaults for OT1/cmr/m/n on input line 18.
LaTeX Font Info:    ... okay on input line 18.
LaTeX Font Info:    Checking defaults for OMS/cmsy/m/n on input line 18.
LaTeX Font Info:    ... okay on input line 18.
LaTeX Font Info:    Checking defaults for OMX/cmex/m/n on input line 18.
LaTeX Font Info:    ... okay on input line 18.
LaTeX Font Info:    Checking defaults for U/cmr/m/n on input line 18.
LaTeX Font Info:    ... okay on input line 18.
LaTeX Font Info:    Checking defaults for PD1/pdf/m/n on input line 18.
LaTeX Font Info:    ... okay on input line 18.
Package hyperref Info: Link coloring OFF on input line 18.

("C:\Program Files\MiKTeX 2.8\tex\latex\hyperref\nameref.sty"
Package: nameref 2007/05/29 v2.31 Cross-referencing by name of section

("C:\Program Files\MiKTeX 2.8\tex\latex\oberdiek\refcount.sty"
Package: refcount 2008/08/11 v3.1 Data extraction from references (HO)
)
\c@section@level=\count128
)
LaTeX Info: Redefining \ref on input line 18.
LaTeX Info: Redefining \pageref on input line 18.

(c:\Users\Ken\Documents\stad29\notes\logistic.out)
(c:\Users\Ken\Documents\stad29\notes\logistic.out)
\@outlinefile=\write5
\AtBeginShipoutBox=\box38
LaTeX Font Info:    Font shape `OT1/helvetica/m/n' will be
(Font)              scaled to size 9.84009pt on input line 20.
LaTeX Font Info:    Try loading font information for T1+phv on input line 20.

("C:\Program Files\MiKTeX 2.8\tex\latex\psnfss\t1phv.fd"
File: t1phv.fd 2001/06/04 scalable font definitions for T1/phv.
)
LaTeX Font Info:    Font shape `T1/phv/m/it' in size <10> not available
(Font)              Font shape `T1/phv/m/sl' tried instead on input line 25.
LaTeX Font Info:    Try loading font information for U+msa on input line 31.

("C:\Program Files\MiKTeX 2.8\tex\latex\amsfonts\umsa.fd"
File: umsa.fd 2009/06/22 v3.00 AMS symbols A
)
LaTeX Font Info:    Try loading font information for U+msb on input line 31.

("C:\Program Files\MiKTeX 2.8\tex\latex\amsfonts\umsb.fd"
File: umsb.fd 2009/06/22 v3.00 AMS symbols B
)
LaTeX Font Info:    Font shape `OT1/helvetica/m/n' will be
(Font)              scaled to size 5.74005pt on input line 31.
 [1


]
LaTeX Font Info:    Font shape `OT1/courier/m/n' will be
(Font)              scaled to size 9.85pt on input line 37.
LaTeX Font Info:    Font shape `OT1/courier/m/n' will be
(Font)              scaled to size 6.895pt on input line 49.
 [2

] [3

]
Overfull \hbox (23.7326pt too wide) in paragraph at lines 118--118
[]      \OT1/courier/m/n/7 Parameter    DF    Estimate       Error    Chi-Squar
e    Pr > ChiSq[] 
 []


Overfull \hbox (23.7326pt too wide) in paragraph at lines 120--120
[]      \OT1/courier/m/n/7 Intercept     1     -1.6841      1.7978        0.877
4        0.3489[] 
 []


Overfull \hbox (23.7326pt too wide) in paragraph at lines 121--121
[]      \OT1/courier/m/n/7 dose          1      0.6736      0.6140        1.203
7        0.2726[] 
 []

[4

] [5

] [6

] [7

]
Overfull \hbox (5.41226pt too wide) in paragraph at lines 203--203
[]  \OT1/courier/m/n/10 output out=rat2 pred=pred lower=lcl upper=ucl;[] 
 []

[8

] [9

]
Overfull \hbox (23.7326pt too wide) in paragraph at lines 260--260
[]      \OT1/courier/m/n/7 Parameter    DF    Estimate       Error    Chi-Squar
e    Pr > ChiSq[] 
 []


Overfull \hbox (23.7326pt too wide) in paragraph at lines 262--262
[]      \OT1/courier/m/n/7 Intercept     1     -2.3619      0.6719       12.358
5        0.0004[] 
 []


Overfull \hbox (23.7326pt too wide) in paragraph at lines 263--263
[]      \OT1/courier/m/n/7 dose          1      0.9448      0.2351       16.144
9        <.0001[] 
 []

[10

]
Overfull \hbox (11.32162pt too wide) in paragraph at lines 282--282
[]        \OT1/courier/m/n/7 Obs    dose    deaths    trials      pred       lc
l        ucl[] 
 []


Overfull \hbox (19.59561pt too wide) in paragraph at lines 284--284
[]         \OT1/courier/m/n/7 1       0        0        10      0.08612    0.02
463    0.26017[] 
 []


Overfull \hbox (19.59561pt too wide) in paragraph at lines 285--285
[]         \OT1/courier/m/n/7 2       1        3        10      0.19511    0.08
646    0.38304[] 
 []


Overfull \hbox (19.59561pt too wide) in paragraph at lines 286--286
[]         \OT1/courier/m/n/7 3       2        4        10      0.38405    0.24
041    0.55124[] 
 []


Overfull \hbox (19.59561pt too wide) in paragraph at lines 287--287
[]         \OT1/courier/m/n/7 4       3        6        10      0.61595    0.44
876    0.75959[] 
 []


Overfull \hbox (19.59561pt too wide) in paragraph at lines 288--288
[]         \OT1/courier/m/n/7 5       4        8        10      0.80489    0.61
696    0.91354[] 
 []


Overfull \hbox (19.59561pt too wide) in paragraph at lines 289--289
[]         \OT1/courier/m/n/7 6       5        9        10      0.91388    0.73
983    0.97537[] 
 []

[11

] [12

]
Overfull \hbox (5.41226pt too wide) in paragraph at lines 330--330
[]  \OT1/courier/m/n/10 input death shock malnut alcohol age bowelinf;[] 
 []


Overfull \hbox (5.41226pt too wide) in paragraph at lines 333--333
[]  \OT1/courier/m/n/10 model death=shock malnut alcohol age bowelinf;[] 
 []

[13

] [14

]
Overfull \hbox (3.04764pt too wide) in paragraph at lines 385--385
[] \OT1/courier/m/n/7 Parameter    DF    Estimate       Error    Chi-Square    
Pr > ChiSq[] 
 []


Overfull \hbox (3.04764pt too wide) in paragraph at lines 387--387
[] \OT1/courier/m/n/7 Intercept     1      9.7539      2.5417       14.7267    
    0.0001[] 
 []


Overfull \hbox (3.04764pt too wide) in paragraph at lines 388--388
[] \OT1/courier/m/n/7 shock         1     -3.6739      1.1648        9.9479    
    0.0016[] 
 []


Overfull \hbox (3.04764pt too wide) in paragraph at lines 389--389
[] \OT1/courier/m/n/7 malnut        1     -1.2166      0.7282        2.7909    
    0.0948[] 
 []


Overfull \hbox (3.04764pt too wide) in paragraph at lines 390--390
[] \OT1/courier/m/n/7 alcohol       1     -3.3549      0.9821       11.6691    
    0.0006[] 
 []


Overfull \hbox (3.04764pt too wide) in paragraph at lines 391--391
[] \OT1/courier/m/n/7 age           1     -0.0922      0.0303        9.2353    
    0.0024[] 
 []


Overfull \hbox (3.04764pt too wide) in paragraph at lines 392--392
[] \OT1/courier/m/n/7 bowelinf      1     -2.7976      1.1640        5.7767    
    0.0162[] 
 []

[15

]
Overfull \hbox (12.47467pt too wide) in paragraph at lines 424--424
 []   \OT1/courier/m/n/7 4    0      0       0       0      26      0        0 
    0.99858[] 
 []


Overfull \hbox (12.47467pt too wide) in paragraph at lines 425--425
 []   \OT1/courier/m/n/7 1    0      0       0       0      56      0        0 
    0.97945[] 
 []


Overfull \hbox (12.47467pt too wide) in paragraph at lines 426--426
 []   \OT1/courier/m/n/7 2    0      0       0       0      80      0        0 
    0.84658[] 
 []


Overfull \hbox (12.47467pt too wide) in paragraph at lines 428--428
 []  \OT1/courier/m/n/7 11    1      0       0       1      66      1        0 
    0.06871[] 
 []


Overfull \hbox (12.47467pt too wide) in paragraph at lines 429--429
 []  \OT1/courier/m/n/7 32    1      0       0       1      49      0        0 
    0.78700[] 
 []

[16

]
Overfull \hbox (12.47467pt too wide) in paragraph at lines 453--453
 []  \OT1/courier/m/n/7 Parameter    DF    Estimate       Error    Chi-Square  
 Pr > ChiSq[] 
 []


Overfull \hbox (12.47467pt too wide) in paragraph at lines 454--454
 []  \OT1/courier/m/n/7 Intercept     1      1.6841      1.7978        0.8774  
     0.3489[] 
 []


Overfull \hbox (12.47467pt too wide) in paragraph at lines 455--455
 []  \OT1/courier/m/n/7 dose          1     -0.6736      0.6140        1.2037  
     0.2726[] 
 []

[17

] [18

] [19

] [20

] [21

] [22

]
Overfull \hbox (23.7326pt too wide) in paragraph at lines 606--606
[]      \OT1/courier/m/n/7 Parameter    DF    Estimate       Error    Chi-Squar
e    Pr > ChiSq[] 
 []


Overfull \hbox (23.7326pt too wide) in paragraph at lines 608--608
[]      \OT1/courier/m/n/7 Intercept     1     -2.8107      0.1565      322.538
7        <.0001[] 
 []


Overfull \hbox (23.7326pt too wide) in paragraph at lines 609--609
[]      \OT1/courier/m/n/7 age           1      0.0476     0.00457      108.465
7        <.0001[] 
 []

[23

] [24

] [25

] [26

] [27

] [28

]
Overfull \hbox (3.04764pt too wide) in paragraph at lines 751--751
[]  \OT1/courier/m/n/7 Probabilities modeled are cumulated over the lower Order
ed Values.[] 
 []

[29

]
Overfull \hbox (15.45862pt too wide) in paragraph at lines 779--779
[]  \OT1/courier/m/n/7 Parameter      DF    Estimate       Error    Chi-Square 
   Pr > ChiSq[] 
 []


Overfull \hbox (15.45862pt too wide) in paragraph at lines 780--780
[]  \OT1/courier/m/n/7 Intercept 1     1      3.9559      0.4096       93.2527 
       <.0001[] 
 []


Overfull \hbox (15.45862pt too wide) in paragraph at lines 781--781
[]  \OT1/courier/m/n/7 Intercept 2     1      4.8691      0.4437      120.4349 
       <.0001[] 
 []


Overfull \hbox (15.45862pt too wide) in paragraph at lines 782--782
[]  \OT1/courier/m/n/7 exposure        1     -0.0959      0.0119       64.5206 
       <.0001[] 
 []

[30

]
Overfull \hbox (3.04764pt too wide) in paragraph at lines 798--798
[]       \OT1/courier/m/n/7 Obs    exposure    severity    frequency    _LEVEL_
      pred[] 
 []


Overfull \hbox (7.18463pt too wide) in paragraph at lines 799--799
[]         \OT1/courier/m/n/7 1       5.8          1           98          1   
    0.96769[] 
 []


Overfull \hbox (7.18463pt too wide) in paragraph at lines 800--800
[]         \OT1/courier/m/n/7 2       5.8          1           98          2   
    0.98678[] 
 []


Overfull \hbox (7.18463pt too wide) in paragraph at lines 801--801
[]         \OT1/courier/m/n/7 3      15.0          1           51          1   
    0.92535[] 
 []


Overfull \hbox (7.18463pt too wide) in paragraph at lines 802--802
[]         \OT1/courier/m/n/7 4      15.0          1           51          2   
    0.96865[] 
 []


Overfull \hbox (7.18463pt too wide) in paragraph at lines 803--803
[]         \OT1/courier/m/n/7 9      21.5          1           34          1   
    0.86920[] 
 []


Overfull \hbox (7.18463pt too wide) in paragraph at lines 804--804
[]        \OT1/courier/m/n/7 10      21.5          1           34          2   
    0.94306[] 
 []


Overfull \hbox (7.18463pt too wide) in paragraph at lines 805--805
[]        \OT1/courier/m/n/7 15      27.5          1           35          1   
    0.78893[] 
 []


Overfull \hbox (7.18463pt too wide) in paragraph at lines 806--806
[]        \OT1/courier/m/n/7 16      27.5          1           35          2   
    0.90306[] 
 []


Overfull \hbox (7.18463pt too wide) in paragraph at lines 807--807
[]        \OT1/courier/m/n/7 21      33.5          1           32          1   
    0.67766[] 
 []


Overfull \hbox (7.18463pt too wide) in paragraph at lines 808--808
[]        \OT1/courier/m/n/7 22      33.5          1           32          2   
    0.83974[] 
 []


Overfull \hbox (7.18463pt too wide) in paragraph at lines 809--809
[]        \OT1/courier/m/n/7 27      39.5          1           23          1   
    0.54181[] 
 []


Overfull \hbox (7.18463pt too wide) in paragraph at lines 810--810
[]        \OT1/courier/m/n/7 28      39.5          1           23          2   
    0.74666[] 
 []


Overfull \hbox (7.18463pt too wide) in paragraph at lines 811--811
[]        \OT1/courier/m/n/7 33      46.0          1           12          1   
    0.38799[] 
 []


Overfull \hbox (7.18463pt too wide) in paragraph at lines 812--812
[]        \OT1/courier/m/n/7 34      46.0          1           12          2   
    0.61241[] 
 []


Overfull \hbox (7.18463pt too wide) in paragraph at lines 813--813
[]        \OT1/courier/m/n/7 39      51.5          1            4          1   
    0.27225[] 
 []


Overfull \hbox (7.18463pt too wide) in paragraph at lines 814--814
[]        \OT1/courier/m/n/7 40      51.5          1            4          2   
    0.48251[] 
 []

[31

] [32

] [33

] [34

] [35

] [36

] [37

] [38

] [39

] [40

]
(c:\Users\Ken\Documents\stad29\notes\logistic.aux) ) 
Here is how much of TeX's memory you used:
 6957 strings out of 495286
 97226 string characters out of 3180422
 199281 words of memory out of 3000000
 10022 multiletter control sequences out of 15000+200000
 20457 words of font info for 42 fonts, out of 3000000 for 9000
 14 hyphenation exceptions out of 8191
 45i,9n,49p,250b,676s stack positions out of 5000i,500n,10000p,200000b,50000s

Output written on logistic.dvi (40 pages, 155564 bytes).
