This is pdfTeXk, Version 3.141592-1.40.3 (Web2C 7.5.6) (format=latex 2010.2.8)  23 MAR 2010 10:44
entering extended mode
 %&-line parsing enabled.
**MDS
(./MDS.tex
LaTeX2e <2005/12/01>
Babel <v3.8h> and hyphenation patterns for english, usenglishmax, dumylang, noh
yphenation, loaded.
(/usr/share/texmf/tex/latex/prosper/prosper.cls
Document Class: prosper 2003/03/20, v. 1.6
(c) 2000-2003 Frederic Goualard, IRIN, France
 and Peter Møller Neergaard, Boston Univ., USA
CVSId: $Id: prosper.cls,v 1.25 2003/02/21 18:32:56 exupery Exp $
(/usr/share/texmf-texlive/tex/latex/graphics/graphicx.sty
Package: graphicx 1999/02/16 v1.0f Enhanced LaTeX Graphics (DPC,SPQR)

(/usr/share/texmf-texlive/tex/latex/graphics/keyval.sty
Package: keyval 1999/03/16 v1.13 key=value parser (DPC)
\KV@toks@=\toks14
)
(/usr/share/texmf-texlive/tex/latex/graphics/graphics.sty
Package: graphics 2006/02/20 v1.0o Standard LaTeX Graphics (DPC,SPQR)

(/usr/share/texmf-texlive/tex/latex/graphics/trig.sty
Package: trig 1999/03/16 v1.09 sin cos tan (DPC)
)
(/etc/texmf/tex/latex/config/graphics.cfg
File: graphics.cfg 2007/01/18 v1.5 graphics configuration of teTeX/TeXLive
)
Package graphics Info: Driver file: dvips.def on input line 90.

(/usr/share/texmf-texlive/tex/latex/graphics/dvips.def
File: dvips.def 1999/02/16 v3.0i Driver-dependant file (DPC,SPQR)
))
\Gin@req@height=\dimen102
\Gin@req@width=\dimen103
)
(/usr/share/texmf-texlive/tex/latex/seminar/seminar.cls
Document Class: seminar 1997/10/13, 1.4
Document Style: `seminar' v1.4 <1997/10/13> (tvz)
\slidewidth=\dimen104
\slideheight=\dimen105
\footheight=\dimen106
(/usr/share/texmf-texlive/tex/latex/base/article.cls
Document Class: article 2005/09/16 v1.4f Standard LaTeX document class
(/usr/share/texmf-texlive/tex/latex/base/leqno.clo
File: leqno.clo 1998/08/17 v1.1c Standard LaTeX option (left equation numbers)
)
(/usr/share/texmf-texlive/tex/latex/base/size10.clo
File: size10.clo 2005/09/16 v1.4f Standard LaTeX file (size option)
)
\c@part=\count79
\c@section=\count80
\c@subsection=\count81
\c@subsubsection=\count82
\c@paragraph=\count83
\c@subparagraph=\count84
\c@figure=\count85
\c@table=\count86
\abovecaptionskip=\skip41
\belowcaptionskip=\skip42
\bibindent=\dimen107
)
(/usr/share/texmf-texlive/tex/latex/seminar/sem-page.sty)
\before@document=\toks15
\after@document=\toks16
\before@enddocument=\toks17
\c@slide=\count87
\slide@count=\count88
\@slidebox=\box26
\not@slidebox=\box27
\slide@hook=\toks18
\after@slide=\toks19
\slide@footins=\insert233
\slide@listdepth=\count89
\saved@specials=\box28
\before@newslide=\toks20
\after@slidepage=\toks21
\slidesep=\skip43
\c@note=\count90
\slideframewidth=\dimen108
\slideframesep=\dimen109
\semin=\dimen110
\semcm=\dimen111
)
(/usr/share/texmf-texlive/tex/latex/seminar/semcolor.sty
Style Option: `semcolor' for doc style `seminar' 1.01 <2004/05/18> (tvz)
File: semcolor.sty 2004/05/18 v1.01 (tvz)
(/usr/share/texmf-texlive/tex/latex/pstricks/pstricks.sty
Package: pstricks 2006/08/10 v0.32 LaTeX wrapper for `PSTricks' (RN,HV)

(/usr/share/texmf-texlive/tex/generic/pstricks/pstricks.tex
`PSTricks' v1.15  <2006/12/22> (tvz)
\pst@dima=\dimen112
\pst@dimb=\dimen113
\pst@dimc=\dimen114
\pst@dimd=\dimen115
\pst@dimg=\dimen116
\pst@dimh=\dimen117
\pst@hbox=\box29
\pst@boxg=\box30
\pst@cnta=\count91
\pst@cntb=\count92
\pst@cntc=\count93
\pst@cntd=\count94
\pst@cntg=\count95
\pst@cnth=\count96
\pst@toks=\toks22
(/usr/share/texmf-texlive/tex/generic/pstricks/pstricks.con)
\psunit=\dimen118
\psxunit=\dimen119
\psyunit=\dimen120
\pslinewidth=\dimen121
\pst@customdefs=\toks23
\pslinearc=\dimen122
\everypsbox=\toks24
\psframesep=\dimen123
\pslabelsep=\dimen124
\psk@shift=\dimen125
\pst@shift=\dimen126
\theoverlaybox=\box31
)
File: pstricks.tex 2006/12/22 v1.15 `PSTricks' (tvz)

(/usr/share/texmf/tex/latex/xcolor/xcolor.sty
Package: xcolor 2007/01/21 v2.11 LaTeX color extensions (UK)

(/etc/texmf/tex/latex/config/color.cfg
File: color.cfg 2007/01/18 v1.5 color configuration of teTeX/TeXLive
)
Package xcolor Info: Package option `override' ignored on input line 216.
Package xcolor Info: Driver file: dvips.def on input line 225.
Package xcolor Info: Model `cmy' substituted by `cmy0' on input line 1337.
Package xcolor Info: Model `RGB' extended on input line 1353.
Package xcolor Info: Model `HTML' substituted by `rgb' on input line 1355.
Package xcolor Info: Model `Hsb' substituted by `hsb' on input line 1356.
Package xcolor Info: Model `tHsb' substituted by `hsb' on input line 1357.
Package xcolor Info: Model `HSB' substituted by `hsb' on input line 1358.
Package xcolor Info: Model `Gray' substituted by `gray' on input line 1359.
Package xcolor Info: Model `wave' substituted by `hsb' on input line 1360.
)))
(/usr/share/texmf-texlive/tex/latex/seminar/semlayer.sty
\@@slidebox=\box32
\c@overlay=\count97
)
(/usr/share/texmf-texlive/tex/latex/seminar/seminar.bug)
(/usr/share/texmf-texlive/tex/latex/seminar/seminar.bg2
seminar.bg2: various corrections for the Seminar document class
added since seminar.bug and few add-ons for overlays
(Version 2.1 of <May 31, 2002> (D.G.))
\Seminar@SlideBoxBackground=\box33
) (/usr/share/texmf/tex/latex/prosper/seminar-bg2-lepennec.fix)
(/usr/share/texmf-texlive/tex/latex/hyperref/hyperref.sty
Package: hyperref 2007/02/07 v6.75r Hypertext links for LaTeX
\@linkdim=\dimen127
\Hy@linkcounter=\count98
\Hy@pagecounter=\count99

(/usr/share/texmf-texlive/tex/latex/hyperref/pd1enc.def
File: pd1enc.def 2007/02/07 v6.75r Hyperref: PDFDocEncoding definition (HO)
)
(/etc/texmf/tex/latex/config/hyperref.cfg
File: hyperref.cfg 2002/06/06 v1.2 hyperref configuration of TeXLive
)
(/usr/share/texmf-texlive/tex/latex/oberdiek/kvoptions.sty
Package: kvoptions 2006/08/22 v2.4 Connects package keyval with LaTeX options (
HO)
)
Package hyperref Info: Option `bookmarks' set `true' on input line 2238.
Package hyperref Info: Option `pdffitwindow' set `true' on input line 2238.
Package hyperref Info: Option `pdfcenterwindow' set `true' on input line 2238.
Package hyperref Info: Hyper figures OFF on input line 2288.
Package hyperref Info: Link nesting OFF on input line 2293.
Package hyperref Info: Hyper index ON on input line 2296.
Package hyperref Info: Plain pages OFF on input line 2303.
Package hyperref Info: Backreferencing OFF on input line 2308.

Implicit mode ON; LaTeX internals redefined
Package hyperref Info: Bookmarks ON on input line 2444.
(/usr/share/texmf-texlive/tex/latex/ltxmisc/url.sty
\Urlmuskip=\muskip10
Package: url 2005/06/27  ver 3.2  Verb mode for urls, etc.
)
LaTeX Info: Redefining \url on input line 2599.
\Fld@menulength=\count100
\Field@Width=\dimen128
\Fld@charsize=\dimen129
\Choice@toks=\toks25
\Field@toks=\toks26
Package hyperref Info: Hyper figures OFF on input line 3102.
Package hyperref Info: Link nesting OFF on input line 3107.
Package hyperref Info: Hyper index ON on input line 3110.
Package hyperref Info: backreferencing OFF on input line 3117.
Package hyperref Info: Link coloring OFF on input line 3122.
\Hy@abspage=\count101
\c@Item=\count102
\c@Hfootnote=\count103
)
*hyperref using driver hdvips*
(/usr/share/texmf-texlive/tex/latex/hyperref/hdvips.def
File: hdvips.def 2007/02/07 v6.75r Hyperref driver for dvips

(/usr/share/texmf-texlive/tex/latex/hyperref/pdfmark.def
File: pdfmark.def 2007/02/07 v6.75r Hyperref definitions for pdfmark specials
\pdf@docset=\toks27
\pdf@box=\box34
\pdf@toks=\toks28
\pdf@defaulttoks=\toks29
\Fld@listcount=\count104
))
\theoverlays=\box35
\c@overlaysCount=\count105
\c@limitOverlays=\count106
\@tempoLimit=\count107
\slideWidth=\skip44
\c@trueSlideCounter=\count108

(/usr/share/texmf/tex/latex/prosper/PPRdefault.sty
Package: PPRdefault 2000/11/30

`default' style for Prosper ---
CVSId: $Id: PPRdefault.sty,v 1.3 2001/10/24 15:11:25 exupery Exp $
 
(/usr/share/texmf-texlive/tex/latex/amsfonts/amssymb.sty
Package: amssymb 2002/01/22 v2.2d

(/usr/share/texmf-texlive/tex/latex/amsfonts/amsfonts.sty
Package: amsfonts 2001/10/25 v2.2f
\@emptytoks=\toks30
\symAMSa=\mathgroup4
\symAMSb=\mathgroup5
LaTeX Font Info:    Overwriting math alphabet `\mathfrak' in version `bold'
(Font)                  U/euf/m/n --> U/euf/b/n on input line 132.
))
(/usr/share/texmf-texlive/tex/latex/seminar/semhelv.sty
Style Option: `semhelv' for the `seminar' doc style 1.4 <2000/05/08> (tvz)
Modified by Stefan (see source for details)
LaTeX Font Info:    Font shape `OT1/helvetica/m/n' will be
(Font)              scaled to size 8.20007pt on input line 186.
))
\c@item@step=\count109
\c@overlay@page=\count110
\c@nbAffected=\count111
\c@savecountAffected=\count112
) (/usr/share/texmf-texlive/tex/latex/HA-prosper/HA-prosper.sty
Package: HA-prosper 2004/08/20 v4.21 Patch for prosper

(c) 2003-2004 Hendri Adriaens, Tilburg, the Netherlands
 
(/usr/share/texmf-texlive/tex/latex/xkeyval/xkeyval.sty
Package: xkeyval 2006/11/18 v2.5f package option processing (HA)

(/usr/share/texmf-texlive/tex/latex/xkeyval/xkeyval.tex
\XKV@toks=\toks31
\XKV@depth=\count113
File: xkeyval.tex 2006/11/18 v2.5f key=value parser (HA)
))
(/usr/share/texmf-texlive/tex/latex/seminar/xcomment.sty
Style-Option: `xcomment' v1.2 <93/02/12> (tvz) 
\tokout=\write3
\tokin=\read1
) (/usr/share/texmf-texlive/tex/latex/tools/verbatim.sty
Package: verbatim 2003/08/22 v1.5q LaTeX2e package for verbatim enhancements
\every@verbatim=\toks32
\verbatim@line=\toks33
\verbatim@in@stream=\read2
)
\HAP@tba=\box36
\HAP@tbb=\box37
\HAP@tla=\skip45
\HAP@tlb=\skip46
\HAP@tlc=\skip47
\HAP@tld=\skip48
\c@HAP@tca=\count114
\c@HAP@notes@slide=\count115
\c@HAP@notes@true=\count116
\c@HAP@notes@temp=\count117
\c@HAP@temp@sc=\count118
 (./MDS.bm) (./MDS.bm)
\HAP@bmout=\write4
\openout4 = `MDS.bm'.

\c@HAP@sc@toc=\count119
\c@HAP@sc@pres=\count120
\c@HAP@sc@slides=\count121
\c@HAP@listdepth=\count122
\HAP@lcolwidth=\skip49
\HAP@rcolwidth=\skip50
\HAP@frsep=\skip51
\HAP@colsep=\skip52
\HAP@topsep=\skip53
\HAP@bottomsep=\skip54
\HAP@indent=\skip55
\c@HAP@onslide@count=\count123
\c@HAP@onslide@end=\count124
\HAP@toks@=\toks34
\c@HAP@oldc@figure=\count125
\c@HAP@oldc@equation=\count126
\c@HAP@oldc@table=\count127
(/usr/share/texmf-texlive/tex/latex/HA-prosper/HA-prosper.cfg)
(/usr/share/texmf-texlive/tex/latex/HA-prosper/Styles/Lakar/HAPLakar.sty
Package: HAPLakar 2004/05/16

`Lakar' style for HA-prosper
(c) 2003-2004 Hendri Adriaens, Tilburg, the Netherlands
Package version: 1.6
 
(/usr/share/texmf-texlive/tex/latex/psnfss/pifont.sty
Package: pifont 2005/04/12 PSNFSS-v9.2a Pi font support (SPQR) 
LaTeX Font Info:    Try loading font information for U+pzd on input line 63.

(/usr/share/texmf-texlive/tex/latex/psnfss/upzd.fd
File: upzd.fd 2001/06/04 font definitions for U/pzd.
)
LaTeX Font Info:    Try loading font information for U+psy on input line 64.

(/usr/share/texmf-texlive/tex/latex/psnfss/upsy.fd
File: upsy.fd 2001/06/04 font definitions for U/psy.
)))) (./MDS.aux)
\openout1 = `MDS.aux'.

LaTeX Font Info:    Checking defaults for OML/cmm/m/it on input line 6.
LaTeX Font Info:    ... okay on input line 6.
LaTeX Font Info:    Checking defaults for T1/cmr/m/n on input line 6.
LaTeX Font Info:    ... okay on input line 6.
LaTeX Font Info:    Checking defaults for OT1/cmr/m/n on input line 6.
LaTeX Font Info:    ... okay on input line 6.
LaTeX Font Info:    Checking defaults for OMS/cmsy/m/n on input line 6.
LaTeX Font Info:    ... okay on input line 6.
LaTeX Font Info:    Checking defaults for OMX/cmex/m/n on input line 6.
LaTeX Font Info:    ... okay on input line 6.
LaTeX Font Info:    Checking defaults for U/cmr/m/n on input line 6.
LaTeX Font Info:    ... okay on input line 6.
LaTeX Font Info:    Checking defaults for PD1/pdf/m/n on input line 6.
LaTeX Font Info:    ... okay on input line 6.
Package hyperref Info: Link coloring OFF on input line 6.

(/usr/share/texmf-texlive/tex/latex/hyperref/nameref.sty
Package: nameref 2006/12/27 v2.28 Cross-referencing by name of section

(/usr/share/texmf-texlive/tex/latex/oberdiek/refcount.sty
Package: refcount 2006/02/20 v3.0 Data extraction from references (HO)
)
\c@section@level=\count128
)
LaTeX Info: Redefining \ref on input line 6.
LaTeX Info: Redefining \pageref on input line 6.
 (./MDS.out)
(./MDS.out)
\@outlinefile=\write5
\openout5 = `MDS.out'.

LaTeX Font Info:    Font shape `OT1/helvetica/m/n' will be
(Font)              scaled to size 9.84009pt on input line 8.
LaTeX Font Info:    Try loading font information for T1+phv on input line 8.
 (/usr/share/texmf-texlive/tex/latex/psnfss/t1phv.fd
File: t1phv.fd 2001/06/04 scalable font definitions for T1/phv.
)
LaTeX Font Info:    Font shape `T1/phv/m/it' in size <10> not available
(Font)              Font shape `T1/phv/m/sl' tried instead on input line 13.
LaTeX Font Info:    Font shape `OT1/courier/m/n' will be
(Font)              scaled to size 9.85pt on input line 13.
LaTeX Font Info:    Try loading font information for U+msa on input line 20.

(/usr/share/texmf-texlive/tex/latex/amsfonts/umsa.fd
File: umsa.fd 2002/01/19 v2.2g AMS font definitions
)
LaTeX Font Info:    Try loading font information for U+msb on input line 20.

(/usr/share/texmf-texlive/tex/latex/amsfonts/umsb.fd
File: umsb.fd 2002/01/19 v2.2g AMS font definitions
)
LaTeX Font Info:    Font shape `OT1/helvetica/m/n' will be
(Font)              scaled to size 5.74005pt on input line 20.
 [1


]
Overfull \hbox (5.41226pt too wide) in paragraph at lines 34--34
[]  \OT1/courier/m/n/10 input city $ Amsterdam Athens Barcelona Berlin[] 
 []


Overfull \hbox (34.96228pt too wide) in paragraph at lines 36--36
[]    \OT1/courier/m/n/10 Madrid Marseille Munich Paris Prague Rome Vienna;[] 
 []

[2

] [3

]
LaTeX Font Info:    Font shape `OT1/courier/m/n' will be
(Font)              scaled to size 6.895pt on input line 75.

Overfull \hbox (11.32162pt too wide) in paragraph at lines 76--76
[]             \OT1/courier/m/n/7 _TYPE_      _LABEL_      _NAME_           Dim
1       Dim2[] 
 []


Overfull \hbox (3.04764pt too wide) in paragraph at lines 78--78
[] \OT1/courier/m/n/7 1   2   .   CRITERION                                 0.0
7        .[] 
 []


Overfull \hbox (11.32162pt too wide) in paragraph at lines 79--79
[] \OT1/courier/m/n/7 2   2   .   CONFIG      Amsterdam    Amsterdam     -300.7
1     558.62[] 
 []


Overfull \hbox (11.32162pt too wide) in paragraph at lines 80--80
[] \OT1/courier/m/n/7 3   2   .   CONFIG      Athens       Athens        2599.7
4    -375.74[] 
 []


Overfull \hbox (11.32162pt too wide) in paragraph at lines 81--81
[] \OT1/courier/m/n/7 4   2   .   CONFIG      Barcelona    Barcelona     -704.3
4   -1012.29[] 
 []


Overfull \hbox (11.32162pt too wide) in paragraph at lines 82--82
[] \OT1/courier/m/n/7 5   2   .   CONFIG      Berlin       Berlin         402.2
9     619.72[] 
 []


Overfull \hbox (11.32162pt too wide) in paragraph at lines 83--83
[] \OT1/courier/m/n/7 6   2   .   CONFIG      Cologne      Cologne        -83.7
0     396.98[] 
 []


Overfull \hbox (11.32162pt too wide) in paragraph at lines 84--84
[] \OT1/courier/m/n/7 7   2   .   CONFIG      Copenhagen   Copenhagen      97.1
7    1241.96[] 
 []


Overfull \hbox (11.32162pt too wide) in paragraph at lines 85--85
[] \OT1/courier/m/n/7 8   2   .   CONFIG      Edinburgh    Edinburgh    -1232.6
0     906.77[] 
 []


Overfull \hbox (11.32162pt too wide) in paragraph at lines 86--86
[] \OT1/courier/m/n/7 9   2   .   CONFIG      Geneva       Geneva        -185.9
9    -342.22[] 
 []


Overfull \hbox (11.32162pt too wide) in paragraph at lines 87--87
[]\OT1/courier/m/n/7 10   2   .   CONFIG      London       London        -574.4
3     406.08[] 
 []


Overfull \hbox (11.32162pt too wide) in paragraph at lines 88--88
[]\OT1/courier/m/n/7 11   2   .   CONFIG      Madrid       Madrid       -1341.3
7   -1088.16[] 
 []


Overfull \hbox (11.32162pt too wide) in paragraph at lines 89--89
[]\OT1/courier/m/n/7 12   2   .   CONFIG      Marseille    Marseille     -319.7
6    -750.10[] 
 []


Overfull \hbox (11.32162pt too wide) in paragraph at lines 90--90
[]\OT1/courier/m/n/7 13   2   .   CONFIG      Munich       Munich         326.1
3     -25.17[] 
 []


Overfull \hbox (11.32162pt too wide) in paragraph at lines 91--91
[]\OT1/courier/m/n/7 14   2   .   CONFIG      Paris        Paris         -525.6
0      49.92[] 
 []


Overfull \hbox (11.32162pt too wide) in paragraph at lines 92--92
[]\OT1/courier/m/n/7 15   2   .   CONFIG      Prague       Prague         541.2
0     285.90[] 
 []


Overfull \hbox (11.32162pt too wide) in paragraph at lines 93--93
[]\OT1/courier/m/n/7 16   2   .   CONFIG      Rome         Rome           541.3
8   -1031.08[] 
 []


Overfull \hbox (11.32162pt too wide) in paragraph at lines 94--94
[]\OT1/courier/m/n/7 17   2   .   CONFIG      Vienna       Vienna         760.5
8     158.80[] 
 []

[4

] [5

]
Overfull \hbox (11.32162pt too wide) in paragraph at lines 143--143
[]\OT1/courier/m/n/7 o       |                             > Munich     > Berli
n Copenhagen[] 
 []


Overfull \hbox (3.04764pt too wide) in paragraph at lines 148--148
[]        \OT1/courier/m/n/7 |        > Madrid                                >
 Edinburgh[] 
 []


Overfull \hbox (11.32162pt too wide) in paragraph at lines 151--151
[]        \OT1/courier/m/n/7 -+---------+---------+---------+---------+--------
-+---------+[] 
 []


Overfull \hbox (11.32162pt too wide) in paragraph at lines 152--152
[]       \OT1/courier/m/n/7 -1500     -1000     -500        0        500      1
000     1500[] 
 []

[6

] [7

]
Overfull \hbox (11.32162pt too wide) in paragraph at lines 202--202
[]        \OT1/courier/m/n/7 -+-----------+-----------+-----------+-----------+
-----------+[] 
 []


Overfull \hbox (11.32162pt too wide) in paragraph at lines 203--203
[]       \OT1/courier/m/n/7 -2000       -1000         0         1000        200
0       3000[] 
 []

[8

] [9

]
Overfull \hbox (14.8393pt too wide) in paragraph at lines 246--246
 []  \OT1/courier/m/n/10 input lang $ en no dk nl de fr es it pl hu sf;[] 
 []


Overfull \hbox (3.01929pt too wide) in paragraph at lines 248--248
 []\OT1/courier/m/n/10 proc mds level=ordinal out=coords outres=dist;[] 
 []

[10

] [11

] [12

] [13

]
Overfull \hbox (11.32162pt too wide) in paragraph at lines 372--372
[]     \OT1/courier/m/n/7 --+-----------+-----------+-----------+-----------+--
---------+--[] 
 []


Overfull \hbox (3.04764pt too wide) in paragraph at lines 373--373
[]      \OT1/courier/m/n/7 -3          -2          -1           0           1  
         2[] 
 []

[14

] [15

]
Overfull \hbox (29.80107pt too wide) in paragraph at lines 395--404
[][]  
 []

[16

] [17

] [18

] [19

] [20

] (./MDS.aux) ) 
Here is how much of TeX's memory you used:
 5548 strings out of 95087
 73866 string characters out of 1183279
 163011 words of memory out of 1500000
 8633 multiletter control sequences out of 10000+50000
 18912 words of font info for 36 fonts, out of 1200000 for 2000
 28 hyphenation exceptions out of 8191
 44i,11n,49p,217b,631s stack positions out of 5000i,500n,6000p,200000b,5000s

Output written on MDS.dvi (20 pages, 75536 bytes).
