mktextfm phvr7t
mktextfm phvr7t
mktextfm phvr7t
mktextfm pzdr
mktextfm psyr
mktextfm phvr7t
mktextfm phvb8t
mktextfm phvb8t
mktextfm phvr8t
mktextfm phvr8t
mktextfm phvr7t
mktextfm phvr7t
mktextfm pzdr
mktextfm psyr
mktextfm phvr7t
mktextfm phvb8t
mktextfm phvb8t
mktextfm phvr8t
mktextfm phvr8t
mktextfm phvr7t
mktextfm phvr7t
mktextfm phvr7t
mktextfm phvr8t
mktextfm phvr8t
mktextfm ptmb8t
mktextfm ptmb8t
mktextfm phvr7t
mktextfm phvro8t
mktextfm phvr7t
mktextfm pzdr
mktextfm psyr
mktextfm phvr7t
mktextfm phvr8t
mktextfm phvb8t
mktextfm phvb8t
mktextfm phvr8t
mktextfm phvr7t
mktextfm phvr8t
mktextfm pzdr
mktextfm phvro8t
mktextfm nullfont
mktextfm phvr7t
mktextfm pzdr
mktextfm psyr
mktextfm phvr7t
mktextfm phvr8t
mktextfm phvb8t
mktextfm phvb8t
mktextfm phvr8t
mktextfm phvr7t
mktextfm phvr8t
mktextfm pzdr
mktextfm phvro8t
mktextfm nullfont
mktextfm phvr7t
mktextfm pzdr
mktextfm psyr
mktextfm phvr7t
mktextfm phvr8t
mktextfm phvb8t
mktextfm phvb8t
mktextfm phvr8t
mktextfm phvr7t
mktextfm phvr8t
mktextfm pzdr
mktextfm phvro8t
mktextfm nullfont
