This is pdfTeX, Version 3.1415926-2.5-1.40.14 (TeX Live 2013/Debian) (format=pdflatex 2015.6.11)  3 FEB 2016 18:41
entering extended mode
 restricted \write18 enabled.
 %&-line parsing enabled.
**mmf.tex
(./mmf.tex
LaTeX2e <2011/06/27>
Babel <3.9h> and hyphenation patterns for 4 languages loaded.
(/usr/share/texlive/texmf-dist/tex/latex/base/article.cls
Document Class: article 2007/10/19 v1.4h Standard LaTeX document class
(/usr/share/texlive/texmf-dist/tex/latex/base/size10.clo
File: size10.clo 2007/10/19 v1.4h Standard LaTeX file (size option)
)
\c@part=\count79
\c@section=\count80
\c@subsection=\count81
\c@subsubsection=\count82
\c@paragraph=\count83
\c@subparagraph=\count84
\c@figure=\count85
\c@table=\count86
\abovecaptionskip=\skip41
\belowcaptionskip=\skip42
\bibindent=\dimen102
)
(/usr/share/texlive/texmf-dist/tex/latex/graphics/graphicx.sty
Package: graphicx 1999/02/16 v1.0f Enhanced LaTeX Graphics (DPC,SPQR)

(/usr/share/texlive/texmf-dist/tex/latex/graphics/keyval.sty
Package: keyval 1999/03/16 v1.13 key=value parser (DPC)
\KV@toks@=\toks14
)
(/usr/share/texlive/texmf-dist/tex/latex/graphics/graphics.sty
Package: graphics 2009/02/05 v1.0o Standard LaTeX Graphics (DPC,SPQR)

(/usr/share/texlive/texmf-dist/tex/latex/graphics/trig.sty
Package: trig 1999/03/16 v1.09 sin cos tan (DPC)
)
(/usr/share/texlive/texmf-dist/tex/latex/latexconfig/graphics.cfg
File: graphics.cfg 2010/04/23 v1.9 graphics configuration of TeX Live
)
Package graphics Info: Driver file: pdftex.def on input line 91.

(/usr/share/texlive/texmf-dist/tex/latex/pdftex-def/pdftex.def
File: pdftex.def 2011/05/27 v0.06d Graphics/color for pdfTeX

(/usr/share/texlive/texmf-dist/tex/generic/oberdiek/infwarerr.sty
Package: infwarerr 2010/04/08 v1.3 Providing info/warning/error messages (HO)
)
(/usr/share/texlive/texmf-dist/tex/generic/oberdiek/ltxcmds.sty
Package: ltxcmds 2011/11/09 v1.22 LaTeX kernel commands for general use (HO)
)
\Gread@gobject=\count87
))
\Gin@req@height=\dimen103
\Gin@req@width=\dimen104
)
(/usr/share/texlive/texmf-dist/tex/latex/graphics/color.sty
Package: color 2005/11/14 v1.0j Standard LaTeX Color (DPC)

(/usr/share/texlive/texmf-dist/tex/latex/latexconfig/color.cfg
File: color.cfg 2007/01/18 v1.5 color configuration of teTeX/TeXLive
)
Package color Info: Driver file: pdftex.def on input line 130.
)
(/usr/share/texlive/texmf-dist/tex/latex/framed/framed.sty
Package: framed 2011/10/22 v 0.96: framed or shaded text with page breaks
\OuterFrameSep=\skip43
\fb@frw=\dimen105
\fb@frh=\dimen106
\FrameRule=\dimen107
\FrameSep=\dimen108
)
(/usr/share/texlive/texmf-dist/tex/latex/base/alltt.sty
Package: alltt 1997/06/16 v2.0g defines alltt environment
)
(/usr/share/texlive/texmf-dist/tex/latex/upquote/upquote.sty
Package: upquote 2012/04/19 v1.3 upright-quote and grave-accent glyphs in verba
tim
) (./mmf.aux)
\openout1 = `mmf.aux'.

LaTeX Font Info:    Checking defaults for OML/cmm/m/it on input line 55.
LaTeX Font Info:    ... okay on input line 55.
LaTeX Font Info:    Checking defaults for T1/cmr/m/n on input line 55.
LaTeX Font Info:    ... okay on input line 55.
LaTeX Font Info:    Checking defaults for OT1/cmr/m/n on input line 55.
LaTeX Font Info:    ... okay on input line 55.
LaTeX Font Info:    Checking defaults for OMS/cmsy/m/n on input line 55.
LaTeX Font Info:    ... okay on input line 55.
LaTeX Font Info:    Checking defaults for OMX/cmex/m/n on input line 55.
LaTeX Font Info:    ... okay on input line 55.
LaTeX Font Info:    Checking defaults for U/cmr/m/n on input line 55.
LaTeX Font Info:    ... okay on input line 55.

(/usr/share/texlive/texmf-dist/tex/context/base/supp-pdf.mkii
[Loading MPS to PDF converter (version 2006.09.02).]
\scratchcounter=\count88
\scratchdimen=\dimen109
\scratchbox=\box26
\nofMPsegments=\count89
\nofMParguments=\count90
\everyMPshowfont=\toks15
\MPscratchCnt=\count91
\MPscratchDim=\dimen110
\MPnumerator=\count92
\makeMPintoPDFobject=\count93
\everyMPtoPDFconversion=\toks16
) (/usr/share/texlive/texmf-dist/tex/generic/oberdiek/pdftexcmds.sty
Package: pdftexcmds 2011/11/29 v0.20 Utility functions of pdfTeX for LuaTeX (HO
)

(/usr/share/texlive/texmf-dist/tex/generic/oberdiek/ifluatex.sty
Package: ifluatex 2010/03/01 v1.3 Provides the ifluatex switch (HO)
Package ifluatex Info: LuaTeX not detected.
)
(/usr/share/texlive/texmf-dist/tex/generic/oberdiek/ifpdf.sty
Package: ifpdf 2011/01/30 v2.3 Provides the ifpdf switch (HO)
Package ifpdf Info: pdfTeX in PDF mode is detected.
)
Package pdftexcmds Info: LuaTeX not detected.
Package pdftexcmds Info: \pdf@primitive is available.
Package pdftexcmds Info: \pdf@ifprimitive is available.
Package pdftexcmds Info: \pdfdraftmode found.
)
(/usr/share/texlive/texmf-dist/tex/latex/oberdiek/epstopdf-base.sty
Package: epstopdf-base 2010/02/09 v2.5 Base part for package epstopdf

(/usr/share/texlive/texmf-dist/tex/latex/oberdiek/grfext.sty
Package: grfext 2010/08/19 v1.1 Manage graphics extensions (HO)

(/usr/share/texlive/texmf-dist/tex/generic/oberdiek/kvdefinekeys.sty
Package: kvdefinekeys 2011/04/07 v1.3 Define keys (HO)
))
(/usr/share/texlive/texmf-dist/tex/latex/oberdiek/kvoptions.sty
Package: kvoptions 2011/06/30 v3.11 Key value format for package options (HO)

(/usr/share/texlive/texmf-dist/tex/generic/oberdiek/kvsetkeys.sty
Package: kvsetkeys 2012/04/25 v1.16 Key value parser (HO)

(/usr/share/texlive/texmf-dist/tex/generic/oberdiek/etexcmds.sty
Package: etexcmds 2011/02/16 v1.5 Avoid name clashes with e-TeX commands (HO)
Package etexcmds Info: Could not find \expanded.
(etexcmds)             That can mean that you are not using pdfTeX 1.50 or
(etexcmds)             that some package has redefined \expanded.
(etexcmds)             In the latter case, load this package earlier.
)))
Package grfext Info: Graphics extension search list:
(grfext)             [.png,.pdf,.jpg,.mps,.jpeg,.jbig2,.jb2,.PNG,.PDF,.JPG,.JPE
G,.JBIG2,.JB2,.eps]
(grfext)             \AppendGraphicsExtensions on input line 452.

(/usr/share/texlive/texmf-dist/tex/latex/latexconfig/epstopdf-sys.cfg
File: epstopdf-sys.cfg 2010/07/13 v1.3 Configuration of (r)epstopdf for TeX Liv
e
))
LaTeX Font Info:    External font `cmex10' loaded for size
(Font)              <12> on input line 57.
LaTeX Font Info:    External font `cmex10' loaded for size
(Font)              <8> on input line 57.
LaTeX Font Info:    External font `cmex10' loaded for size
(Font)              <6> on input line 57.
Package color Info: Redefining color shadecolor on input line 65.
LaTeX Font Info:    Font shape `OT1/cmtt/bx/n' in size <10> not available
(Font)              Font shape `OT1/cmtt/m/n' tried instead on input line 67.

Overfull \hbox (43.49661pt too wide) in paragraph at lines 82--82
[]\OT1/cmtt/m/n/10 ##    inst time status age sex ph.ecog ph.karno pat.karno me
al.cal wt.loss[] 
 []


Overfull \hbox (43.49661pt too wide) in paragraph at lines 82--82
[]\OT1/cmtt/m/n/10 ## 1     3  306      2  74   1       1       90       100   
  1175      NA[] 
 []


Overfull \hbox (43.49661pt too wide) in paragraph at lines 82--82
[]\OT1/cmtt/m/n/10 ## 2     3  455      2  68   1       0       90        90   
  1225      15[] 
 []


Overfull \hbox (43.49661pt too wide) in paragraph at lines 82--82
[]\OT1/cmtt/m/n/10 ## 3     3 1010      1  56   1       0       90        90   
    NA      15[] 
 []


Overfull \hbox (43.49661pt too wide) in paragraph at lines 82--82
[]\OT1/cmtt/m/n/10 ## 4     5  210      2  57   1       1       90        60   
  1150      11[] 
 []


Overfull \hbox (43.49661pt too wide) in paragraph at lines 82--82
[]\OT1/cmtt/m/n/10 ## 5     1  883      2  60   1       0      100        90   
    NA       0[] 
 []


Overfull \hbox (43.49661pt too wide) in paragraph at lines 82--82
[]\OT1/cmtt/m/n/10 ## 6    12 1022      1  74   1       1       50        80   
   513       0[] 
 []


Overfull \hbox (43.49661pt too wide) in paragraph at lines 82--82
[]\OT1/cmtt/m/n/10 ## 7     7  310      2  68   2       2       70        60   
   384      10[] 
 []


Overfull \hbox (43.49661pt too wide) in paragraph at lines 82--82
[]\OT1/cmtt/m/n/10 ## 8    11  361      2  71   2       2       60        80   
   538       1[] 
 []


Overfull \hbox (43.49661pt too wide) in paragraph at lines 82--82
[]\OT1/cmtt/m/n/10 ## 9     1  218      2  53   1       1       70        80   
   825      16[] 
 []


Overfull \hbox (43.49661pt too wide) in paragraph at lines 82--82
[]\OT1/cmtt/m/n/10 ## 10    7  166      2  61   1       2       70        70   
   271      34[] 
 []

Package color Info: Redefining color shadecolor on input line 106.
[1

{/var/lib/texmf/fonts/map/pdftex/updmap/pdftex.map}]
Overfull \hbox (6.74693pt too wide) in paragraph at lines 113--113
[]\OT1/cmtt/m/n/10 ##  [1] FALSE  TRUE FALSE  TRUE FALSE  TRUE  TRUE  TRUE  TRU
E  TRUE[] 
 []

Package color Info: Redefining color shadecolor on input line 128.

Overfull \hbox (22.4968pt too wide) in paragraph at lines 169--169
[]\OT1/cmtt/m/n/10 ## coxph(formula = resp ~ age + sex + ph.ecog + ph.karno + p
at.karno +[] 
 []

[2]
Package color Info: Redefining color shadecolor on input line 177.
Package color Info: Redefining color shadecolor on input line 193.

Overfull \hbox (1.49698pt too wide) in paragraph at lines 222--222
[]\OT1/cmtt/m/n/10 ##  Min.   : 1.00   Min.   :   5.0   Min.   :1.000   Min.   
:39.00[] 
 []


Overfull \hbox (1.49698pt too wide) in paragraph at lines 222--222
[]\OT1/cmtt/m/n/10 ##  1st Qu.: 3.00   1st Qu.: 166.8   1st Qu.:1.000   1st Qu.
:56.00[] 
 []


Overfull \hbox (1.49698pt too wide) in paragraph at lines 222--222
[]\OT1/cmtt/m/n/10 ##  Median :11.00   Median : 255.5   Median :2.000   Median 
:63.00[] 
 []


Overfull \hbox (1.49698pt too wide) in paragraph at lines 222--222
[]\OT1/cmtt/m/n/10 ##  Mean   :11.09   Mean   : 305.2   Mean   :1.724   Mean   
:62.45[] 
 []


Overfull \hbox (1.49698pt too wide) in paragraph at lines 222--222
[]\OT1/cmtt/m/n/10 ##  3rd Qu.:16.00   3rd Qu.: 396.5   3rd Qu.:2.000   3rd Qu.
:69.00[] 
 []


Overfull \hbox (1.49698pt too wide) in paragraph at lines 222--222
[]\OT1/cmtt/m/n/10 ##  Max.   :33.00   Max.   :1022.0   Max.   :2.000   Max.   
:82.00[] 
 []


Overfull \hbox (11.99689pt too wide) in paragraph at lines 222--222
[]\OT1/cmtt/m/n/10 ##  Min.   :1.000   Min.   :0.0000   Min.   : 50.00   Min.  
 : 30.00[] 
 []


Overfull \hbox (11.99689pt too wide) in paragraph at lines 222--222
[]\OT1/cmtt/m/n/10 ##  1st Qu.:1.000   1st Qu.:0.0000   1st Qu.: 75.00   1st Qu
.: 70.00[] 
 []


Overfull \hbox (11.99689pt too wide) in paragraph at lines 222--222
[]\OT1/cmtt/m/n/10 ##  Median :1.000   Median :1.0000   Median : 80.00   Median
 : 80.00[] 
 []


Overfull \hbox (11.99689pt too wide) in paragraph at lines 222--222
[]\OT1/cmtt/m/n/10 ##  Mean   :1.395   Mean   :0.9515   Mean   : 81.94   Mean  
 : 79.96[] 
 []


Overfull \hbox (11.99689pt too wide) in paragraph at lines 222--222
[]\OT1/cmtt/m/n/10 ##  3rd Qu.:2.000   3rd Qu.:1.0000   3rd Qu.: 90.00   3rd Qu
.: 90.00[] 
 []


Overfull \hbox (11.99689pt too wide) in paragraph at lines 222--222
[]\OT1/cmtt/m/n/10 ##  Max.   :2.000   Max.   :3.0000   Max.   :100.00   Max.  
 :100.00[] 
 []

Package color Info: Redefining color shadecolor on input line 231.
[3]
Overfull \hbox (6.74693pt too wide) in paragraph at lines 238--238
[]\OT1/cmtt/m/n/10 ## Error in anova.coxphlist(c(list(object), dotargs), test =
 test):
 []

Package color Info: Redefining color shadecolor on input line 245.

Overfull \hbox (22.4968pt too wide) in paragraph at lines 280--280
[]\OT1/cmtt/m/n/10 ## coxph(formula = resp ~ age + sex + ph.ecog + ph.karno + p
at.karno +[] 
 []

Package color Info: Redefining color shadecolor on input line 292.
[4]
Overfull \hbox (38.24666pt too wide) in paragraph at lines 304--304
[]\OT1/cmtt/m/n/10 ##   inst time status age sex ph.ecog ph.karno pat.karno mea
l.cal wt.loss[] 
 []


Overfull \hbox (38.24666pt too wide) in paragraph at lines 304--304
[]\OT1/cmtt/m/n/10 ## 1    3  306      2  74   1       1       90       100    
 1175      NA[] 
 []


Overfull \hbox (38.24666pt too wide) in paragraph at lines 304--304
[]\OT1/cmtt/m/n/10 ## 2    3  455      2  68   1       0       90        90    
 1225      15[] 
 []


Overfull \hbox (38.24666pt too wide) in paragraph at lines 304--304
[]\OT1/cmtt/m/n/10 ## 3    3 1010      1  56   1       0       90        90    
   NA      15[] 
 []


Overfull \hbox (38.24666pt too wide) in paragraph at lines 304--304
[]\OT1/cmtt/m/n/10 ## 4    5  210      2  57   1       1       90        60    
 1150      11[] 
 []


Overfull \hbox (38.24666pt too wide) in paragraph at lines 304--304
[]\OT1/cmtt/m/n/10 ## 5    1  883      2  60   1       0      100        90    
   NA       0[] 
 []


Overfull \hbox (38.24666pt too wide) in paragraph at lines 304--304
[]\OT1/cmtt/m/n/10 ## 6   12 1022      1  74   1       1       50        80    
  513       0[] 
 []


Overfull \hbox (14.51828pt too wide) in paragraph at lines 343--347
[]\OT1/cmr/m/n/10 How to keep only the com-plete cases? Re-mem-ber the func-tio
n \OT1/cmtt/m/n/10 complete.cases\OT1/cmr/m/n/10 ?
 []

Package color Info: Redefining color shadecolor on input line 349.

Overfull \hbox (38.24666pt too wide) in paragraph at lines 363--363
[]\OT1/cmtt/m/n/10 ##   inst time status age sex ph.ecog ph.karno pat.karno mea
l.cal wt.loss[] 
 []


Overfull \hbox (38.24666pt too wide) in paragraph at lines 363--363
[]\OT1/cmtt/m/n/10 ## 2    3  455      2  68   1       0       90        90    
 1225      15[] 
 []


Overfull \hbox (38.24666pt too wide) in paragraph at lines 363--363
[]\OT1/cmtt/m/n/10 ## 4    5  210      2  57   1       1       90        60    
 1150      11[] 
 []


Overfull \hbox (38.24666pt too wide) in paragraph at lines 363--363
[]\OT1/cmtt/m/n/10 ## 6   12 1022      1  74   1       1       50        80    
  513       0[] 
 []


Overfull \hbox (38.24666pt too wide) in paragraph at lines 363--363
[]\OT1/cmtt/m/n/10 ## 7    7  310      2  68   2       2       70        60    
  384      10[] 
 []


Overfull \hbox (38.24666pt too wide) in paragraph at lines 363--363
[]\OT1/cmtt/m/n/10 ## 8   11  361      2  71   2       2       60        80    
  538       1[] 
 []


Overfull \hbox (38.24666pt too wide) in paragraph at lines 363--363
[]\OT1/cmtt/m/n/10 ## 9    1  218      2  53   1       1       70        80    
  825      16[] 
 []

[5]
Package color Info: Redefining color shadecolor on input line 374.
Package color Info: Redefining color shadecolor on input line 389.

Overfull \hbox (27.74675pt too wide) in paragraph at lines 400--400
[][]\OT1/cmtt/m/n/10 lung[] []%>%[] []mutate[][]([][]comp[][]=[][]complete.case
s[][](lung))[] []%>%[] []filter[][](comp)[] []->[] []lung.nom[][] 
 []

Package color Info: Redefining color shadecolor on input line 419.

Overfull \hbox (27.74675pt too wide) in paragraph at lines 424--424
[][]\OT1/cmtt/m/n/10 lung.nom.1[][]=[][]coxph[][](y[][]~[][]age[][]+[][]sex[][]
+[][]ph.ecog[][]+[][]ph.karno[][]+[][]pat.karno[][]+[][]meal.cal[][]+[][]wt.los
s)[][] 
 []


Overfull \hbox (6.74693pt too wide) in paragraph at lines 436--436
[]\OT1/cmtt/m/n/10 ##  Model 1: ~ age + sex + ph.ecog + ph.karno + pat.karno + 
wt.loss[] 
 []


Overfull \hbox (64.49643pt too wide) in paragraph at lines 436--436
[]\OT1/cmtt/m/n/10 ##  Model 2: ~ age + sex + ph.ecog + ph.karno + pat.karno + 
meal.cal + wt.loss[] 
 []

[6]
Package color Info: Redefining color shadecolor on input line 443.
Package color Info: Redefining color shadecolor on input line 472.

Overfull \hbox (22.4968pt too wide) in paragraph at lines 525--525
[]\OT1/cmtt/m/n/10 ## y ~ age + sex + ph.ecog + ph.karno + pat.karno + meal.cal
 + wt.loss[] 
 []


Overfull \hbox (22.4968pt too wide) in paragraph at lines 525--525
[]\OT1/cmtt/m/n/10 ## coxph(formula = y ~ sex + ph.ecog + ph.karno + pat.karno 
+ wt.loss)[] 
 []

[7] [8]
Package color Info: Redefining color shadecolor on input line 540.

Overfull \hbox (6.74693pt too wide) in paragraph at lines 543--543
[][]\OT1/cmtt/m/n/10 lung.4[][]=[][]coxph[][](resp[][]~[][]sex[][]+[][]ph.ecog[
][]+[][]ph.karno[][]+[][]pat.karno[][]+[][]wt.loss,[][]data[][]=lung)[][] 
 []

[9]
Package color Info: Redefining color shadecolor on input line 596.
LaTeX Font Info:    External font `cmex10' loaded for size
(Font)              <7> on input line 609.
LaTeX Font Info:    External font `cmex10' loaded for size
(Font)              <5> on input line 609.
Package color Info: Redefining color shadecolor on input line 612.
 <figure/unnamed-chunk-17-1.pdf, id=39, 505.89pt x 505.89pt>
File: figure/unnamed-chunk-17-1.pdf Graphic file (type pdf)

<use figure/unnamed-chunk-17-1.pdf>
Package pdftex.def Info: figure/unnamed-chunk-17-1.pdf used on input line 620.
(pdftex.def)             Requested size: 345.0pt x 345.00414pt.

Overfull \hbox (15.0pt too wide) in paragraph at lines 620--621
[][] 
 []

[10 <./figure/unnamed-chunk-17-1.pdf>]
Package color Info: Redefining color shadecolor on input line 630.

Overfull \hbox (17.24684pt too wide) in paragraph at lines 641--641
[]\OT1/cmtt/m/n/10 ##                  coef exp(coef)    se(coef)         z    
 Pr(>|z|)[] 
 []


Overfull \hbox (17.24684pt too wide) in paragraph at lines 641--641
[]\OT1/cmtt/m/n/10 ## sex       -0.61491517 0.5406868 0.177885551 -3.456802 0.0
005466258[] 
 []


Overfull \hbox (17.24684pt too wide) in paragraph at lines 641--641
[]\OT1/cmtt/m/n/10 ## ph.ecog    0.68244129 1.9787024 0.201278422  3.390534 0.0
006975666[] 
 []


Overfull \hbox (17.24684pt too wide) in paragraph at lines 641--641
[]\OT1/cmtt/m/n/10 ## ph.karno   0.01888670 1.0190662 0.010267173  1.839522 0.0
658383733[] 
 []


Overfull \hbox (17.24684pt too wide) in paragraph at lines 641--641
[]\OT1/cmtt/m/n/10 ## pat.karno -0.01525472 0.9848610 0.007305883 -2.088005 0.0
367973944[] 
 []


Overfull \hbox (17.24684pt too wide) in paragraph at lines 641--641
[]\OT1/cmtt/m/n/10 ## wt.loss   -0.01291366 0.9871694 0.006843528 -1.886988 0.0
591619075[] 
 []

Package color Info: Redefining color shadecolor on input line 659.
LaTeX Font Info:    Try loading font information for OMS+cmtt on input line 661
.
(/usr/share/texmf/tex/latex/R/tex/latex/omscmtt.fd
File: omscmtt.fd 
)
LaTeX Font Info:    Font shape `OMS/cmtt/m/n' in size <10> not available
(Font)              Font shape `OMS/cmsy/m/n' tried instead on input line 661.
Package color Info: Redefining color shadecolor on input line 678.

<figure/unnamed-chunk-20-1.pdf, id=49, 505.89pt x 505.89pt>
File: figure/unnamed-chunk-20-1.pdf Graphic file (type pdf)

<use figure/unnamed-chunk-20-1.pdf>
Package pdftex.def Info: figure/unnamed-chunk-20-1.pdf used on input line 685.
(pdftex.def)             Requested size: 345.0pt x 345.00414pt.

Overfull \hbox (15.0pt too wide) in paragraph at lines 685--686
[][] 
 []

[11] [12 <./figure/unnamed-chunk-20-1.pdf>] (./mmf.aux) ) 
Here is how much of TeX's memory you used:
 1663 strings out of 494985
 23955 string characters out of 6180356
 87447 words of memory out of 8000000
 4864 multiletter control sequences out of 15000+600000
 8270 words of font info for 30 fonts, out of 8000000 for 9000
 36 hyphenation exceptions out of 8191
 38i,8n,23p,281b,276s stack positions out of 5000i,500n,10000p,200000b,80000s
</usr/share/texlive/te
xmf-dist/fonts/type1/public/amsfonts/cm/cmbx10.pfb></usr/share/texlive/texmf-di
st/fonts/type1/public/amsfonts/cm/cmbx12.pfb></usr/share/texlive/texmf-dist/fon
ts/type1/public/amsfonts/cm/cmitt10.pfb></usr/share/texlive/texmf-dist/fonts/ty
pe1/public/amsfonts/cm/cmr10.pfb></usr/share/texlive/texmf-dist/fonts/type1/pub
lic/amsfonts/cm/cmr12.pfb></usr/share/texlive/texmf-dist/fonts/type1/public/ams
fonts/cm/cmr17.pfb></usr/share/texlive/texmf-dist/fonts/type1/public/amsfonts/c
m/cmr6.pfb></usr/share/texlive/texmf-dist/fonts/type1/public/amsfonts/cm/cmr7.p
fb></usr/share/texlive/texmf-dist/fonts/type1/public/amsfonts/cm/cmr8.pfb></usr
/share/texlive/texmf-dist/fonts/type1/public/amsfonts/cm/cmsy10.pfb></usr/share
/texlive/texmf-dist/fonts/type1/public/amsfonts/cm/cmti10.pfb></usr/share/texli
ve/texmf-dist/fonts/type1/public/amsfonts/cm/cmtt10.pfb>
Output written on mmf.pdf (12 pages, 289494 bytes).
PDF statistics:
 104 PDF objects out of 1000 (max. 8388607)
 73 compressed objects within 1 object stream
 0 named destinations out of 1000 (max. 500000)
 11 words of extra memory for PDF output out of 10000 (max. 10000000)

