This is pdfTeXk, Version 3.141592-1.40.3 (Web2C 7.5.6) (format=latex 2010.2.8)  17 MAR 2010 13:41
entering extended mode
 %&-line parsing enabled.
**Princomp
(./Princomp.tex
LaTeX2e <2005/12/01>
Babel <v3.8h> and hyphenation patterns for english, usenglishmax, dumylang, noh
yphenation, loaded.
(/usr/share/texmf/tex/latex/prosper/prosper.cls
Document Class: prosper 2003/03/20, v. 1.6
(c) 2000-2003 Frederic Goualard, IRIN, France
 and Peter Møller Neergaard, Boston Univ., USA
CVSId: $Id: prosper.cls,v 1.25 2003/02/21 18:32:56 exupery Exp $
(/usr/share/texmf-texlive/tex/latex/graphics/graphicx.sty
Package: graphicx 1999/02/16 v1.0f Enhanced LaTeX Graphics (DPC,SPQR)

(/usr/share/texmf-texlive/tex/latex/graphics/keyval.sty
Package: keyval 1999/03/16 v1.13 key=value parser (DPC)
\KV@toks@=\toks14
)
(/usr/share/texmf-texlive/tex/latex/graphics/graphics.sty
Package: graphics 2006/02/20 v1.0o Standard LaTeX Graphics (DPC,SPQR)

(/usr/share/texmf-texlive/tex/latex/graphics/trig.sty
Package: trig 1999/03/16 v1.09 sin cos tan (DPC)
)
(/etc/texmf/tex/latex/config/graphics.cfg
File: graphics.cfg 2007/01/18 v1.5 graphics configuration of teTeX/TeXLive
)
Package graphics Info: Driver file: dvips.def on input line 90.

(/usr/share/texmf-texlive/tex/latex/graphics/dvips.def
File: dvips.def 1999/02/16 v3.0i Driver-dependant file (DPC,SPQR)
))
\Gin@req@height=\dimen102
\Gin@req@width=\dimen103
)
(/usr/share/texmf-texlive/tex/latex/seminar/seminar.cls
Document Class: seminar 1997/10/13, 1.4
Document Style: `seminar' v1.4 <1997/10/13> (tvz)
\slidewidth=\dimen104
\slideheight=\dimen105
\footheight=\dimen106
(/usr/share/texmf-texlive/tex/latex/base/article.cls
Document Class: article 2005/09/16 v1.4f Standard LaTeX document class
(/usr/share/texmf-texlive/tex/latex/base/leqno.clo
File: leqno.clo 1998/08/17 v1.1c Standard LaTeX option (left equation numbers)
)
(/usr/share/texmf-texlive/tex/latex/base/size10.clo
File: size10.clo 2005/09/16 v1.4f Standard LaTeX file (size option)
)
\c@part=\count79
\c@section=\count80
\c@subsection=\count81
\c@subsubsection=\count82
\c@paragraph=\count83
\c@subparagraph=\count84
\c@figure=\count85
\c@table=\count86
\abovecaptionskip=\skip41
\belowcaptionskip=\skip42
\bibindent=\dimen107
)
(/usr/share/texmf-texlive/tex/latex/seminar/sem-page.sty)
\before@document=\toks15
\after@document=\toks16
\before@enddocument=\toks17
\c@slide=\count87
\slide@count=\count88
\@slidebox=\box26
\not@slidebox=\box27
\slide@hook=\toks18
\after@slide=\toks19
\slide@footins=\insert233
\slide@listdepth=\count89
\saved@specials=\box28
\before@newslide=\toks20
\after@slidepage=\toks21
\slidesep=\skip43
\c@note=\count90
\slideframewidth=\dimen108
\slideframesep=\dimen109
\semin=\dimen110
\semcm=\dimen111
)
(/usr/share/texmf-texlive/tex/latex/seminar/semcolor.sty
Style Option: `semcolor' for doc style `seminar' 1.01 <2004/05/18> (tvz)
File: semcolor.sty 2004/05/18 v1.01 (tvz)
(/usr/share/texmf-texlive/tex/latex/pstricks/pstricks.sty
Package: pstricks 2006/08/10 v0.32 LaTeX wrapper for `PSTricks' (RN,HV)

(/usr/share/texmf-texlive/tex/generic/pstricks/pstricks.tex
`PSTricks' v1.15  <2006/12/22> (tvz)
\pst@dima=\dimen112
\pst@dimb=\dimen113
\pst@dimc=\dimen114
\pst@dimd=\dimen115
\pst@dimg=\dimen116
\pst@dimh=\dimen117
\pst@hbox=\box29
\pst@boxg=\box30
\pst@cnta=\count91
\pst@cntb=\count92
\pst@cntc=\count93
\pst@cntd=\count94
\pst@cntg=\count95
\pst@cnth=\count96
\pst@toks=\toks22
(/usr/share/texmf-texlive/tex/generic/pstricks/pstricks.con)
\psunit=\dimen118
\psxunit=\dimen119
\psyunit=\dimen120
\pslinewidth=\dimen121
\pst@customdefs=\toks23
\pslinearc=\dimen122
\everypsbox=\toks24
\psframesep=\dimen123
\pslabelsep=\dimen124
\psk@shift=\dimen125
\pst@shift=\dimen126
\theoverlaybox=\box31
)
File: pstricks.tex 2006/12/22 v1.15 `PSTricks' (tvz)

(/usr/share/texmf/tex/latex/xcolor/xcolor.sty
Package: xcolor 2007/01/21 v2.11 LaTeX color extensions (UK)

(/etc/texmf/tex/latex/config/color.cfg
File: color.cfg 2007/01/18 v1.5 color configuration of teTeX/TeXLive
)
Package xcolor Info: Package option `override' ignored on input line 216.
Package xcolor Info: Driver file: dvips.def on input line 225.
Package xcolor Info: Model `cmy' substituted by `cmy0' on input line 1337.
Package xcolor Info: Model `RGB' extended on input line 1353.
Package xcolor Info: Model `HTML' substituted by `rgb' on input line 1355.
Package xcolor Info: Model `Hsb' substituted by `hsb' on input line 1356.
Package xcolor Info: Model `tHsb' substituted by `hsb' on input line 1357.
Package xcolor Info: Model `HSB' substituted by `hsb' on input line 1358.
Package xcolor Info: Model `Gray' substituted by `gray' on input line 1359.
Package xcolor Info: Model `wave' substituted by `hsb' on input line 1360.
)))
(/usr/share/texmf-texlive/tex/latex/seminar/semlayer.sty
\@@slidebox=\box32
\c@overlay=\count97
)
(/usr/share/texmf-texlive/tex/latex/seminar/seminar.bug)
(/usr/share/texmf-texlive/tex/latex/seminar/seminar.bg2
seminar.bg2: various corrections for the Seminar document class
added since seminar.bug and few add-ons for overlays
(Version 2.1 of <May 31, 2002> (D.G.))
\Seminar@SlideBoxBackground=\box33
) (/usr/share/texmf/tex/latex/prosper/seminar-bg2-lepennec.fix)
(/usr/share/texmf-texlive/tex/latex/hyperref/hyperref.sty
Package: hyperref 2007/02/07 v6.75r Hypertext links for LaTeX
\@linkdim=\dimen127
\Hy@linkcounter=\count98
\Hy@pagecounter=\count99

(/usr/share/texmf-texlive/tex/latex/hyperref/pd1enc.def
File: pd1enc.def 2007/02/07 v6.75r Hyperref: PDFDocEncoding definition (HO)
)
(/etc/texmf/tex/latex/config/hyperref.cfg
File: hyperref.cfg 2002/06/06 v1.2 hyperref configuration of TeXLive
)
(/usr/share/texmf-texlive/tex/latex/oberdiek/kvoptions.sty
Package: kvoptions 2006/08/22 v2.4 Connects package keyval with LaTeX options (
HO)
)
Package hyperref Info: Option `bookmarks' set `true' on input line 2238.
Package hyperref Info: Option `pdffitwindow' set `true' on input line 2238.
Package hyperref Info: Option `pdfcenterwindow' set `true' on input line 2238.
Package hyperref Info: Hyper figures OFF on input line 2288.
Package hyperref Info: Link nesting OFF on input line 2293.
Package hyperref Info: Hyper index ON on input line 2296.
Package hyperref Info: Plain pages OFF on input line 2303.
Package hyperref Info: Backreferencing OFF on input line 2308.

Implicit mode ON; LaTeX internals redefined
Package hyperref Info: Bookmarks ON on input line 2444.
(/usr/share/texmf-texlive/tex/latex/ltxmisc/url.sty
\Urlmuskip=\muskip10
Package: url 2005/06/27  ver 3.2  Verb mode for urls, etc.
)
LaTeX Info: Redefining \url on input line 2599.
\Fld@menulength=\count100
\Field@Width=\dimen128
\Fld@charsize=\dimen129
\Choice@toks=\toks25
\Field@toks=\toks26
Package hyperref Info: Hyper figures OFF on input line 3102.
Package hyperref Info: Link nesting OFF on input line 3107.
Package hyperref Info: Hyper index ON on input line 3110.
Package hyperref Info: backreferencing OFF on input line 3117.
Package hyperref Info: Link coloring OFF on input line 3122.
\Hy@abspage=\count101
\c@Item=\count102
\c@Hfootnote=\count103
)
*hyperref using driver hdvips*
(/usr/share/texmf-texlive/tex/latex/hyperref/hdvips.def
File: hdvips.def 2007/02/07 v6.75r Hyperref driver for dvips

(/usr/share/texmf-texlive/tex/latex/hyperref/pdfmark.def
File: pdfmark.def 2007/02/07 v6.75r Hyperref definitions for pdfmark specials
\pdf@docset=\toks27
\pdf@box=\box34
\pdf@toks=\toks28
\pdf@defaulttoks=\toks29
\Fld@listcount=\count104
))
\theoverlays=\box35
\c@overlaysCount=\count105
\c@limitOverlays=\count106
\@tempoLimit=\count107
\slideWidth=\skip44
\c@trueSlideCounter=\count108

(/usr/share/texmf/tex/latex/prosper/PPRdefault.sty
Package: PPRdefault 2000/11/30

`default' style for Prosper ---
CVSId: $Id: PPRdefault.sty,v 1.3 2001/10/24 15:11:25 exupery Exp $
 
(/usr/share/texmf-texlive/tex/latex/amsfonts/amssymb.sty
Package: amssymb 2002/01/22 v2.2d

(/usr/share/texmf-texlive/tex/latex/amsfonts/amsfonts.sty
Package: amsfonts 2001/10/25 v2.2f
\@emptytoks=\toks30
\symAMSa=\mathgroup4
\symAMSb=\mathgroup5
LaTeX Font Info:    Overwriting math alphabet `\mathfrak' in version `bold'
(Font)                  U/euf/m/n --> U/euf/b/n on input line 132.
))
(/usr/share/texmf-texlive/tex/latex/seminar/semhelv.sty
Style Option: `semhelv' for the `seminar' doc style 1.4 <2000/05/08> (tvz)
Modified by Stefan (see source for details)
LaTeX Font Info:    Font shape `OT1/helvetica/m/n' will be
(Font)              scaled to size 8.20007pt on input line 186.
))
\c@item@step=\count109
\c@overlay@page=\count110
\c@nbAffected=\count111
\c@savecountAffected=\count112
) (/usr/share/texmf-texlive/tex/latex/HA-prosper/HA-prosper.sty
Package: HA-prosper 2004/08/20 v4.21 Patch for prosper

(c) 2003-2004 Hendri Adriaens, Tilburg, the Netherlands
 
(/usr/share/texmf-texlive/tex/latex/xkeyval/xkeyval.sty
Package: xkeyval 2006/11/18 v2.5f package option processing (HA)

(/usr/share/texmf-texlive/tex/latex/xkeyval/xkeyval.tex
\XKV@toks=\toks31
\XKV@depth=\count113
File: xkeyval.tex 2006/11/18 v2.5f key=value parser (HA)
))
(/usr/share/texmf-texlive/tex/latex/seminar/xcomment.sty
Style-Option: `xcomment' v1.2 <93/02/12> (tvz) 
\tokout=\write3
\tokin=\read1
) (/usr/share/texmf-texlive/tex/latex/tools/verbatim.sty
Package: verbatim 2003/08/22 v1.5q LaTeX2e package for verbatim enhancements
\every@verbatim=\toks32
\verbatim@line=\toks33
\verbatim@in@stream=\read2
)
\HAP@tba=\box36
\HAP@tbb=\box37
\HAP@tla=\skip45
\HAP@tlb=\skip46
\HAP@tlc=\skip47
\HAP@tld=\skip48
\c@HAP@tca=\count114
\c@HAP@notes@slide=\count115
\c@HAP@notes@true=\count116
\c@HAP@notes@temp=\count117
\c@HAP@temp@sc=\count118
 (./Princomp.bm)
(./Princomp.bm)
\HAP@bmout=\write4
\openout4 = `Princomp.bm'.

\c@HAP@sc@toc=\count119
\c@HAP@sc@pres=\count120
\c@HAP@sc@slides=\count121
\c@HAP@listdepth=\count122
\HAP@lcolwidth=\skip49
\HAP@rcolwidth=\skip50
\HAP@frsep=\skip51
\HAP@colsep=\skip52
\HAP@topsep=\skip53
\HAP@bottomsep=\skip54
\HAP@indent=\skip55
\c@HAP@onslide@count=\count123
\c@HAP@onslide@end=\count124
\HAP@toks@=\toks34
\c@HAP@oldc@figure=\count125
\c@HAP@oldc@equation=\count126
\c@HAP@oldc@table=\count127
 (/usr/share/texmf-texlive/tex/latex/HA-prosper/HA-prosper.cfg)
(/usr/share/texmf-texlive/tex/latex/HA-prosper/Styles/Lakar/HAPLakar.sty
Package: HAPLakar 2004/05/16

`Lakar' style for HA-prosper
(c) 2003-2004 Hendri Adriaens, Tilburg, the Netherlands
Package version: 1.6
 
(/usr/share/texmf-texlive/tex/latex/psnfss/pifont.sty
Package: pifont 2005/04/12 PSNFSS-v9.2a Pi font support (SPQR) 
LaTeX Font Info:    Try loading font information for U+pzd on input line 63.

(/usr/share/texmf-texlive/tex/latex/psnfss/upzd.fd
File: upzd.fd 2001/06/04 font definitions for U/pzd.
)
LaTeX Font Info:    Try loading font information for U+psy on input line 64.

(/usr/share/texmf-texlive/tex/latex/psnfss/upsy.fd
File: upsy.fd 2001/06/04 font definitions for U/psy.
)))) (./Princomp.aux)
\openout1 = `Princomp.aux'.

LaTeX Font Info:    Checking defaults for OML/cmm/m/it on input line 5.
LaTeX Font Info:    ... okay on input line 5.
LaTeX Font Info:    Checking defaults for T1/cmr/m/n on input line 5.
LaTeX Font Info:    ... okay on input line 5.
LaTeX Font Info:    Checking defaults for OT1/cmr/m/n on input line 5.
LaTeX Font Info:    ... okay on input line 5.
LaTeX Font Info:    Checking defaults for OMS/cmsy/m/n on input line 5.
LaTeX Font Info:    ... okay on input line 5.
LaTeX Font Info:    Checking defaults for OMX/cmex/m/n on input line 5.
LaTeX Font Info:    ... okay on input line 5.
LaTeX Font Info:    Checking defaults for U/cmr/m/n on input line 5.
LaTeX Font Info:    ... okay on input line 5.
LaTeX Font Info:    Checking defaults for PD1/pdf/m/n on input line 5.
LaTeX Font Info:    ... okay on input line 5.
Package hyperref Info: Link coloring OFF on input line 5.

(/usr/share/texmf-texlive/tex/latex/hyperref/nameref.sty
Package: nameref 2006/12/27 v2.28 Cross-referencing by name of section

(/usr/share/texmf-texlive/tex/latex/oberdiek/refcount.sty
Package: refcount 2006/02/20 v3.0 Data extraction from references (HO)
)
\c@section@level=\count128
)
LaTeX Info: Redefining \ref on input line 5.
LaTeX Info: Redefining \pageref on input line 5.
 (./Princomp.out)
(./Princomp.out)
\@outlinefile=\write5
\openout5 = `Princomp.out'.

LaTeX Font Info:    Font shape `OT1/helvetica/m/n' will be
(Font)              scaled to size 9.84009pt on input line 7.
LaTeX Font Info:    Try loading font information for T1+phv on input line 7.
 (/usr/share/texmf-texlive/tex/latex/psnfss/t1phv.fd
File: t1phv.fd 2001/06/04 scalable font definitions for T1/phv.
)
LaTeX Font Info:    Font shape `T1/phv/m/it' in size <10> not available
(Font)              Font shape `T1/phv/m/sl' tried instead on input line 11.
LaTeX Font Info:    Try loading font information for U+msa on input line 19.

(/usr/share/texmf-texlive/tex/latex/amsfonts/umsa.fd
File: umsa.fd 2002/01/19 v2.2g AMS font definitions
)
LaTeX Font Info:    Try loading font information for U+msb on input line 19.

(/usr/share/texmf-texlive/tex/latex/amsfonts/umsb.fd
File: umsb.fd 2002/01/19 v2.2g AMS font definitions
)
LaTeX Font Info:    Font shape `OT1/helvetica/m/n' will be
(Font)              scaled to size 5.74005pt on input line 19.
 [1


]
LaTeX Font Info:    Font shape `OT1/courier/m/n' will be
(Font)              scaled to size 6.895pt on input line 24.

Overfull \hbox (11.32162pt too wide) in paragraph at lines 44--44
[]       \OT1/courier/m/n/7 -+-----------+-----------+-----------+-----------+-
----------+-[] 
 []


Overfull \hbox (7.18463pt too wide) in paragraph at lines 45--45
[]        \OT1/courier/m/n/7 0          10          20          30          40 
         50[] 
 []

[2

]
LaTeX Font Info:    Font shape `OT1/courier/m/n' will be
(Font)              scaled to size 9.85pt on input line 62.
 [3

] [4

] [5

] [6

]
Overfull \hbox (15.45862pt too wide) in paragraph at lines 160--160
[]  \OT1/courier/m/n/7 10.39  20.81  46.84  1.81  3.70  14.04  29.36  137.72  a
r (Argentina)[] 
 []


Overfull \hbox (15.45862pt too wide) in paragraph at lines 161--161
[]  \OT1/courier/m/n/7 10.31  20.06  44.84  1.74  3.57  13.28  27.66  128.30  a
u (Australia)[] 
 []


Overfull \hbox (7.18463pt too wide) in paragraph at lines 162--162
[]  \OT1/courier/m/n/7 10.44  20.81  46.82  1.79  3.60  13.26  27.72  135.90  a
t (Austria)[] 
 []


Overfull \hbox (7.18463pt too wide) in paragraph at lines 163--163
[]  \OT1/courier/m/n/7 10.34  20.68  45.04  1.73  3.60  13.22  27.45  129.95  b
e (Belgium)[] 
 []


Overfull \hbox (7.18463pt too wide) in paragraph at lines 164--164
[]  \OT1/courier/m/n/7 10.28  20.58  45.91  1.80  3.75  14.68  30.55  146.62  b
m (Bermuda)[] 
 []


Overfull \hbox (3.04764pt too wide) in paragraph at lines 165--165
[]  \OT1/courier/m/n/7 10.22  20.43  45.21  1.73  3.66  13.62  28.62  133.13  b
r (Brazil)[] 
 []


Overfull \hbox (3.04764pt too wide) in paragraph at lines 167--167
[]  \OT1/courier/m/n/7 10.17  20.22  45.68  1.76  3.63  13.55  28.09  130.15  c
a (Canada)[] 
 []


Overfull \hbox (3.04764pt too wide) in paragraph at lines 170--170
[]  \OT1/courier/m/n/7 10.71  21.43  47.60  1.79  3.67  13.56  28.58  131.50  t
r (Turkey)[] 
 []


Overfull \hbox (32.00659pt too wide) in paragraph at lines 171--171
[]   \OT1/courier/m/n/7 9.93  19.75  43.86  1.73  3.53  13.20  27.43  128.22  u
s (United States)[] 
 []


Overfull \hbox (32.00659pt too wide) in paragraph at lines 173--173
[]  \OT1/courier/m/n/7 10.82  21.86  49.00  2.02  4.24  16.28  34.71  161.83  w
s (Western Samoa)[] 
 []

[7

] [8

]
Overfull \hbox (46.78229pt too wide) in paragraph at lines 201--201
[]  \OT1/courier/m/n/10 input m100 m200 m400 m800 m1500 m5000 m10000 marathon[]
 
 []

[9

]
Overfull \hbox (40.28058pt too wide) in paragraph at lines 223--223
[]               \OT1/courier/m/n/7 m100    m200    m400    m800   m1500   m500
0  m10000  marathon[] 
 []


Overfull \hbox (40.28058pt too wide) in paragraph at lines 225--225
[]   \OT1/courier/m/n/7 m100      1.0000  0.9226  0.8411  0.7560  0.7002  0.619
5  0.6325    0.5199[] 
 []


Overfull \hbox (40.28058pt too wide) in paragraph at lines 226--226
[]   \OT1/courier/m/n/7 m200      0.9226  1.0000  0.8507  0.8066  0.7750  0.695
4  0.6965    0.5962[] 
 []


Overfull \hbox (40.28058pt too wide) in paragraph at lines 227--227
[]   \OT1/courier/m/n/7 m400      0.8411  0.8507  1.0000  0.8702  0.8353  0.778
6  0.7872    0.7050[] 
 []


Overfull \hbox (40.28058pt too wide) in paragraph at lines 228--228
[]   \OT1/courier/m/n/7 m800      0.7560  0.8066  0.8702  1.0000  0.9180  0.863
6  0.8690    0.8065[] 
 []


Overfull \hbox (40.28058pt too wide) in paragraph at lines 229--229
[]   \OT1/courier/m/n/7 m1500     0.7002  0.7750  0.8353  0.9180  1.0000  0.928
1  0.9347    0.8655[] 
 []


Overfull \hbox (40.28058pt too wide) in paragraph at lines 230--230
[]   \OT1/courier/m/n/7 m5000     0.6195  0.6954  0.7786  0.8636  0.9281  1.000
0  0.9746    0.9322[] 
 []


Overfull \hbox (40.28058pt too wide) in paragraph at lines 231--231
[]   \OT1/courier/m/n/7 m10000    0.6325  0.6965  0.7872  0.8690  0.9347  0.974
6  1.0000    0.9432[] 
 []


Overfull \hbox (40.28058pt too wide) in paragraph at lines 232--232
[]   \OT1/courier/m/n/7 marathon  0.5199  0.5962  0.7050  0.8065  0.8655  0.932
2  0.9432    1.0000[] 
 []

[10

]
Overfull \hbox (11.32162pt too wide) in paragraph at lines 249--249
[]                  \OT1/courier/m/n/7 Eigenvalue    Difference    Proportion  
  Cumulative[] 
 []


Overfull \hbox (11.32162pt too wide) in paragraph at lines 251--251
[]             \OT1/courier/m/n/7 1    6.62214613    5.74452784        0.8278  
      0.8278[] 
 []


Overfull \hbox (11.32162pt too wide) in paragraph at lines 252--252
[]             \OT1/courier/m/n/7 2    0.87761829    0.71829715        0.1097  
      0.9375[] 
 []


Overfull \hbox (11.32162pt too wide) in paragraph at lines 253--253
[]             \OT1/courier/m/n/7 3    0.15932114    0.03527176        0.0199  
      0.9574[] 
 []


Overfull \hbox (11.32162pt too wide) in paragraph at lines 254--254
[]             \OT1/courier/m/n/7 4    0.12404939    0.04416911        0.0155  
      0.9729[] 
 []


Overfull \hbox (11.32162pt too wide) in paragraph at lines 255--255
[]             \OT1/courier/m/n/7 5    0.07988027    0.01191512        0.0100  
      0.9829[] 
 []


Overfull \hbox (11.32162pt too wide) in paragraph at lines 256--256
[]             \OT1/courier/m/n/7 6    0.06796515    0.02154562        0.0085  
      0.9914[] 
 []


Overfull \hbox (11.32162pt too wide) in paragraph at lines 257--257
[]             \OT1/courier/m/n/7 7    0.04641953    0.02381943        0.0058  
      0.9972[] 
 []


Overfull \hbox (11.32162pt too wide) in paragraph at lines 258--258
[]             \OT1/courier/m/n/7 8    0.02260010                      0.0028  
      1.0000[] 
 []

[11

]
Overfull \hbox (19.59561pt too wide) in paragraph at lines 273--273
[]                         \OT1/courier/m/n/7 Prin1         Prin2         Prin3
         Prin4[] 
 []


Overfull \hbox (19.59561pt too wide) in paragraph at lines 275--275
[]        \OT1/courier/m/n/7 m100          0.317556      0.566878      0.332262
      0.127628[] 
 []


Overfull \hbox (19.59561pt too wide) in paragraph at lines 276--276
[]        \OT1/courier/m/n/7 m200          0.336979      0.461626      0.360657
      -.259116[] 
 []


Overfull \hbox (19.59561pt too wide) in paragraph at lines 277--277
[]        \OT1/courier/m/n/7 m400          0.355645      0.248273      -.560467
      0.652341[] 
 []


Overfull \hbox (19.59561pt too wide) in paragraph at lines 278--278
[]        \OT1/courier/m/n/7 m800          0.368684      0.012430      -.532482
      -.479999[] 
 []


Overfull \hbox (19.59561pt too wide) in paragraph at lines 279--279
[]        \OT1/courier/m/n/7 m1500         0.372810      -.139797      -.153443
      -.404510[] 
 []


Overfull \hbox (19.59561pt too wide) in paragraph at lines 280--280
[]        \OT1/courier/m/n/7 m5000         0.364374      -.312030      0.189764
      0.029588[] 
 []


Overfull \hbox (19.59561pt too wide) in paragraph at lines 281--281
[]        \OT1/courier/m/n/7 m10000        0.366773      -.306860      0.181752
      0.080069[] 
 []


Overfull \hbox (19.59561pt too wide) in paragraph at lines 282--282
[]        \OT1/courier/m/n/7 marathon      0.341926      -.438963      0.263209
      0.299512[] 
 []

[12

]
LaTeX Font Info:    Font shape `OT1/helvetica/m/n' will be
(Font)              scaled to size 4.10004pt on input line 300.
LaTeX Font Info:    Font shape `OT1/courier/m/n' will be
(Font)              scaled to size 4.925pt on input line 300.
 [13

]
Overfull \hbox (7.18463pt too wide) in paragraph at lines 347--347
[]       \OT1/courier/m/n/7 ---+-------+-------+-------+-------+-------+-------
+-------+--[] 
 []


Overfull \hbox (3.04764pt too wide) in paragraph at lines 348--348
[]        \OT1/courier/m/n/7 -5.0    -2.5     0.0     2.5     5.0     7.5    10
.0    12.5[] 
 []

[14

] [15

] [16

] [17

] [18

] [19

] (./Princomp.aux) ) 
Here is how much of TeX's memory you used:
 5550 strings out of 95087
 73983 string characters out of 1183279
 161980 words of memory out of 1500000
 8635 multiletter control sequences out of 10000+50000
 21470 words of font info for 39 fonts, out of 1200000 for 2000
 28 hyphenation exceptions out of 8191
 44i,6n,49p,241b,671s stack positions out of 5000i,500n,6000p,200000b,5000s

Output written on Princomp.dvi (19 pages, 72240 bytes).
