1                                                          The SAS System                             15:23 Wednesday, March 2, 2011

NOTE: Unable to open SASUSER.REGSTRY. WORK.REGSTRY will be opened instead.
NOTE: All registry changes will be lost at the end of the session.

NOTE: Copyright (c) 2002-2008 by SAS Institute Inc., Cary, NC, USA. 
NOTE: SAS (r) Proprietary Software 9.2 (TS2M3) 
      Licensed to UNIVERSITY OF TORONTO/COMPUTING & COMMUNICATIONS, Site 70072785.
NOTE: This session is executing on the Linux 2.6.32-28-generic (LINUX) platform.



You are running SAS 9. Some SAS 8 files will be automatically converted 
by the V9 engine; others are incompatible.  Please see 
http://support.sas.com/rnd/migration/planning/platform/64bit.html

PROC MIGRATE will preserve current SAS file attributes and is 
recommended for converting all your SAS libraries from any 
SAS 8 release to SAS 9.  For details and examples, please see
http://support.sas.com/rnd/migration/index.html


This message is contained in the SAS news file, and is presented upon
initialization.  Edit the file "news" in the "misc/base" directory to
display site-specific news and information in the program log.
The command line option "-nonews" will prevent this display.




NOTE: SAS initialization used:
      real time           0.09 seconds
      cpu time            0.04 seconds
      
1          data rohwer;
2            infile "Rohwer.dat" firstobs=2;
3            input group SES $ SAT PPVT Raven n s ns na ss;
4            if SES='Lo';
5          

NOTE: The infile "Rohwer.dat" is:
      Filename=/home/ken/stad29/notes/Rohwer.dat,
      Owner Name=ken,Group Name=ken,
      Access Permission=rw-r--r--,
      Last Modified=Tue Feb 22 12:35:35 2011,
      File Size (bytes)=2870

NOTE: 69 records were read from the infile "Rohwer.dat".
      The minimum record length was 40.
      The maximum record length was 40.
NOTE: The data set WORK.ROHWER has 37 observations and 10 variables.
NOTE: DATA statement used (Total process time):
      real time           0.01 seconds
      cpu time            0.02 seconds
      

6          proc reg;
7            model SAT PPVT Raven = na ns;
8            mtest;
9          
2                                                          The SAS System                             15:23 Wednesday, March 2, 2011

10         
NOTE: The PROCEDURE REG printed pages 1-4.
NOTE: PROCEDURE REG used (Total process time):
      real time           0.10 seconds
      cpu time            0.10 seconds
      

NOTE: SAS Institute Inc., SAS Campus Drive, Cary, NC USA 27513-2414
NOTE: The SAS System used:
      real time           0.23 seconds
      cpu time            0.16 seconds
      
