1                                                          The SAS System                             10:22 Thursday, March 24, 2011

NOTE: Unable to open SASUSER.REGSTRY. WORK.REGSTRY will be opened instead.
NOTE: All registry changes will be lost at the end of the session.

NOTE: Copyright (c) 2002-2008 by SAS Institute Inc., Cary, NC, USA. 
NOTE: SAS (r) Proprietary Software 9.2 (TS2M3) 
      Licensed to UNIVERSITY OF TORONTO/COMPUTING & COMMUNICATIONS, Site 70072785.
NOTE: This session is executing on the Linux 2.6.32-30-generic (LINUX) platform.



You are running SAS 9. Some SAS 8 files will be automatically converted 
by the V9 engine; others are incompatible.  Please see 
http://support.sas.com/rnd/migration/planning/platform/64bit.html

PROC MIGRATE will preserve current SAS file attributes and is 
recommended for converting all your SAS libraries from any 
SAS 8 release to SAS 9.  For details and examples, please see
http://support.sas.com/rnd/migration/index.html


This message is contained in the SAS news file, and is presented upon
initialization.  Edit the file "news" in the "misc/base" directory to
display site-specific news and information in the program log.
The command line option "-nonews" will prevent this display.




NOTE: SAS initialization used:
      real time           0.07 seconds
      cpu time            0.02 seconds
      
1          /*  File generated by StatWeave  */
2          data _null_; file print;
3          put "--- Output file from StatWeave, engine = SASEngine ---";
4          options nocenter nodate nonumber skip=0 ls=100 formdlim=' '
5            formchar = '|----|+|---+=|-/\<>*';
6          title; footnote;
7          
8          
9          
10         /* ---- Chunk 1: "thick-1-SAS" ----- */

NOTE: 1 lines were written to file PRINT.
NOTE: The DATA step printed page 1.
NOTE: DATA statement used (Total process time):
      real time           0.03 seconds
      cpu time            0.04 seconds
      

11         data _null_; file print;
12         put "!-StatWeave-!/swv~line 13~PFGGA4/out";
13         filename grafout "thick-1-SAS-fig.eps";
14         goptions reset=goptions;
15         goptions device=PSEPSF gsfname=grafout gsfmode=replace;
16         goptions noborder horigin=.2in vorigin=.2in;
17         goptions xmax = 6.0in ymax = 6.0in;
18         goptions hsize = 5.8in vsize = 5.8in;
The SAS System

19         goptions vpos = 36;
20         options linesize=70;
21         

NOTE: 1 lines were written to file PRINT.
NOTE: The DATA step printed page 2.
NOTE: DATA statement used (Total process time):
      real time           0.03 seconds
      cpu time            0.01 seconds
      

22         data thick;
23           input east north thick @@;
24           datalines;

NOTE: SAS went to a new line when INPUT statement reached past the 
      end of a line.
NOTE: The data set WORK.THICK has 75 observations and 3 variables.
NOTE: DATA statement used (Total process time):
      real time           0.00 seconds
      cpu time            0.00 seconds
      

50         ;
51         
52         proc g3d;
53             scatter north*east=thick;
54         

NOTE: Using gray scale device, the color CX7C95CA will be mapped to 
      GRAY93.
NOTE: Using gray scale device, the color CXDE7E6F will be mapped to 
      GRAY99.
NOTE:  125 records written to 
      /home/ken/stad29/notes/thick-1-SAS-fig.eps
NOTE: PROCEDURE G3D used (Total process time):
      real time           0.07 seconds
      cpu time            0.05 seconds
      

55         proc plot vpercent=50;
56             plot north*east=thick / contour=5;

NOTE: There were 75 observations read from the data set WORK.THICK.
NOTE: The PROCEDURE PLOT printed page 3.
NOTE: PROCEDURE PLOT used (Total process time):
      real time           0.00 seconds
      cpu time            0.00 seconds
      

57         data _null_; file print;
58         put "@-StatWeave-!/swv~line 13~PFGGA4/out";
59         run;

NOTE: 1 lines were written to file PRINT.
NOTE: The DATA step printed page 4.
NOTE: DATA statement used (Total process time):
      real time           0.00 seconds
The SAS System

      cpu time            0.00 seconds
      

59       !      quit;
60         
61         /* ---- Chunk 2: "thick-2-SAS" ----- */
62         data _null_; file print;
63         put "!-StatWeave-!/swv~line 53~PFGGA5/out";
64         filename grafout "thick-2-SAS-fig.eps";
65         goptions reset=goptions;
66         goptions device=PSEPSF gsfname=grafout gsfmode=replace;
67         goptions noborder horigin=.2in vorigin=.2in;
68         goptions xmax = 6.0in ymax = 6.0in;
69         goptions hsize = 5.8in vsize = 5.8in;
70         goptions vpos = 36;

NOTE: 1 lines were written to file PRINT.
NOTE: The DATA step printed page 5.
NOTE: DATA statement used (Total process time):
      real time           0.00 seconds
      cpu time            0.00 seconds
      

71         proc variogram;
72             compute novariogram;
73             coordinates xc=east yc=north;
74             var thick;
75         

NOTE: The PROCEDURE VARIOGRAM printed page 6.
NOTE: PROCEDURE VARIOGRAM used (Total process time):
      real time           0.01 seconds
      cpu time            0.01 seconds
      

76         proc variogram;
77             compute nhclasses=30 novariogram;
78             coordinates xc=east yc=north;
79             var thick;
80         

NOTE: The PROCEDURE VARIOGRAM printed page 7.
NOTE: PROCEDURE VARIOGRAM used (Total process time):
      real time           0.00 seconds
      cpu time            0.00 seconds
      

81         proc variogram data=thick outv = outv;
82           compute lagd = 5 maxlag = 20;
83           coordinates xc=east yc=north;
84           var thick;
85         

NOTE: No DIRECTIONS statement and no NDIRECTIONS=, or NDIRECTIONS=0 
      specified: Computing omnidirectional semivariogram.
NOTE: The data set WORK.OUTV has 22 observations and 8 variables.
NOTE: The PROCEDURE VARIOGRAM printed pages 8-9.
NOTE: PROCEDURE VARIOGRAM used (Total process time):
The SAS System

      real time           0.00 seconds
      cpu time            0.02 seconds
      

86         proc print;
87         

NOTE: There were 22 observations read from the data set WORK.OUTV.
NOTE: The PROCEDURE PRINT printed page 10.
NOTE: PROCEDURE PRINT used (Total process time):
      real time           0.00 seconds
      cpu time            0.00 seconds
      

88         proc gplot;
89             plot variog*distance;

NOTE: 1 observation(s) contained a MISSING value for the VARIOG * 
      DISTANCE request.
NOTE: Using gray scale device, the color CX2A25D9 will be mapped to 
      GRAY3A.
NOTE:  48 records written to 
      /home/ken/stad29/notes/thick-2-SAS-fig.eps
NOTE: There were 22 observations read from the data set WORK.OUTV.
NOTE: PROCEDURE GPLOT used (Total process time):
      real time           0.03 seconds
      cpu time            0.03 seconds
      

90         data _null_; file print;
91         put "@-StatWeave-!/swv~line 53~PFGGA5/out";
92         run;

NOTE: 1 lines were written to file PRINT.
NOTE: The DATA step printed page 11.
NOTE: DATA statement used (Total process time):
      real time           0.00 seconds
      cpu time            0.00 seconds
      

92       !      quit;
93         
94         /* ---- Chunk 3: "thick-3-SAS" ----- */
95         data _null_; file print;
96         put "!-StatWeave-!/swv~line 75~PFGGA6/out";
97         filename grafout "thick-3-SAS-fig.eps";
98         goptions reset=goptions;
99         goptions device=PSEPSF gsfname=grafout gsfmode=replace;
100        goptions noborder horigin=.2in vorigin=.2in;
101        goptions xmax = 6.0in ymax = 6.0in;
102        goptions hsize = 5.8in vsize = 5.8in;
103        goptions vpos = 36;

NOTE: 1 lines were written to file PRINT.
NOTE: The DATA step printed page 12.
NOTE: DATA statement used (Total process time):
      real time           0.00 seconds
      cpu time            0.00 seconds
The SAS System

      

104        proc krige2d data=thick outest=est;
105          coord xc=east yc=north;
106          grid x=0 to 100 by 5 y=0 to 100 by 5;
107          pred var=thick r=10;
108          model scale=7 range=30 form=gauss;
109        

NOTE: For one or more PREDICT statements, the RADIUS= specification 
      was changed to accommodate the MIN= or MAX= specification.
NOTE: The data set WORK.EST has 441 observations and 7 variables.
NOTE: The PROCEDURE KRIGE2D printed pages 13-14.
NOTE: PROCEDURE KRIGE2D used (Total process time):
      real time           0.06 seconds
      cpu time            0.07 seconds
      

110        proc print data = est (obs = 10);
111        

NOTE: There were 10 observations read from the data set WORK.EST.
NOTE: The PROCEDURE PRINT printed page 15.
NOTE: PROCEDURE PRINT used (Total process time):
      real time           0.00 seconds
      cpu time            0.00 seconds
      

112        proc g3d data=est;
113          plot gyc*gxc=estimate;
114          label gyc      = 'North'
115                gxc      = 'East'
116                estimate = 'Estimated Thickness';

NOTE: Using gray scale device, the color CX7C95CA will be mapped to 
      GRAY93.
NOTE: Using gray scale device, the color CXDE7E6F will be mapped to 
      GRAY99.
NOTE:  93 records written to 
      /home/ken/stad29/notes/thick-3-SAS-fig.eps
NOTE: PROCEDURE G3D used (Total process time):
      real time           0.02 seconds
      cpu time            0.03 seconds
      

117        data _null_; file print;
118        put "@-StatWeave-!/swv~line 75~PFGGA6/out";
119        run;

NOTE: 1 lines were written to file PRINT.
NOTE: The DATA step printed page 16.
NOTE: DATA statement used (Total process time):
      real time           0.00 seconds
      cpu time            0.00 seconds
      

119      !      quit;
120        
The SAS System

121        /* ---- Chunk 4: "thick-4-SAS" ----- */
122        data _null_; file print;
123        put "!-StatWeave-!/swv~line 91~PFGGA7/out";
124        filename grafout "thick-4-SAS-fig.eps";
125        goptions reset=goptions;
126        goptions device=PSEPSF gsfname=grafout gsfmode=replace;
127        goptions noborder horigin=.2in vorigin=.2in;
128        goptions xmax = 6.0in ymax = 6.0in;
129        goptions hsize = 5.8in vsize = 5.8in;
130        goptions vpos = 36;

NOTE: 1 lines were written to file PRINT.
NOTE: The DATA step printed page 17.
NOTE: DATA statement used (Total process time):
      real time           0.00 seconds
      cpu time            0.00 seconds
      

131        proc gcontour data=est;
132            plot gyc*gxc=estimate / nlevels=10 autolabel;
133          label gyc      = 'North'
134                gxc      = 'East'
135                estimate = 'Estimated Thickness';

NOTE: All labeling attempts for contour level 33.59 failed.
NOTE: Some labeling attempts for contour level 41.15 failed.
NOTE: Some labeling attempts for contour level 42.41 failed.
NOTE: Some labeling attempts for contour level 43.67 failed.
NOTE: All labeling attempts for contour level 44.93 failed.
NOTE: More labels may be produced by reducing potential label 
      collisions and by increasing the proportion of usable contours. 
      Collisions may be reduced by decreasing the label size via the 
      H= symbol statement option or by softening label collision 
      checking with AUTOLABEL=(CHECK=), or setting it to NONE. More 
      contour curves can be qualified for labeling attempts by 
      increasing the AUTOLABEL=(TOLANGLE=) angle as well.
NOTE: Using gray scale device, the color CX01665E will be mapped to 
      GRAY46.
NOTE: Using gray scale device, the color CX2597FA will be mapped to 
      GRAY7F.
NOTE: Using gray scale device, the color CX2A25D9 will be mapped to 
      GRAY3A.
NOTE: Using gray scale device, the color CX47A82A will be mapped to 
      GRAY7D.
NOTE: Using gray scale device, the color CX543005 will be mapped to 
      GRAY36.
NOTE: Using gray scale device, the color CX7F8E1F will be mapped to 
      GRAY7D.
NOTE: Using gray scale device, the color CX9D3CDB will be mapped to 
      GRAY6A.
NOTE: Using gray scale device, the color CXB2182B will be mapped to 
      GRAY48.
NOTE: Using gray scale device, the color CXB26084 will be mapped to 
      GRAY7C.
NOTE: Using gray scale device, the color CXD17800 will be mapped to 
      GRAY85.
NOTE:  83 records written to 
      /home/ken/stad29/notes/thick-4-SAS-fig.eps
The SAS System

NOTE: There were 441 observations read from the data set WORK.EST.
NOTE: PROCEDURE GCONTOUR used (Total process time):
      real time           0.03 seconds
      cpu time            0.04 seconds
      

136        data _null_; file print;
137        put "@-StatWeave-!/swv~line 91~PFGGA7/out";
138        run;

NOTE: 1 lines were written to file PRINT.
NOTE: The DATA step printed page 18.
NOTE: DATA statement used (Total process time):
      real time           0.00 seconds
      cpu time            0.00 seconds
      

138      !      quit;
139        
140        /* ---- Chunk 5: "thick-5-SAS" ----- */
141        data _null_; file print;
142        put "!-StatWeave-!/swv~line 99~PFGGA8/out";
143        filename grafout "thick-5-SAS-fig.eps";
144        goptions reset=goptions;
145        goptions device=PSEPSF gsfname=grafout gsfmode=replace;
146        goptions noborder horigin=.2in vorigin=.2in;
147        goptions xmax = 6.0in ymax = 6.0in;
148        goptions hsize = 5.8in vsize = 5.8in;
149        goptions vpos = 36;

NOTE: 1 lines were written to file PRINT.
NOTE: The DATA step printed page 19.
NOTE: DATA statement used (Total process time):
      real time           0.00 seconds
      cpu time            0.00 seconds
      

150        proc gcontour data=est;
151            plot gyc*gxc=stderr / nlevels=5 autolabel;
152          label gyc      = 'North'
153                gxc      = 'East'
154                estimate = 'SE of Est Thickness';
155        
156        
157        
158        run;

NOTE: Some labeling attempts for contour level 0.067 failed.
NOTE: Some labeling attempts for contour level 0.200 failed.
NOTE: All labeling attempts for contour level 0.334 failed.
NOTE: All labeling attempts for contour level 0.467 failed.
NOTE: All labeling attempts for contour level 0.600 failed.
NOTE: More labels may be produced by reducing potential label 
      collisions and by increasing the proportion of usable contours. 
      Collisions may be reduced by decreasing the label size via the 
      H= symbol statement option or by softening label collision 
      checking with AUTOLABEL=(CHECK=), or setting it to NONE. More 
      contour curves can be qualified for labeling attempts by 
The SAS System

      increasing the AUTOLABEL=(TOLANGLE=) angle as well.
NOTE: Using gray scale device, the color CX01665E will be mapped to 
      GRAY46.
NOTE: Using gray scale device, the color CX2A25D9 will be mapped to 
      GRAY3A.
NOTE: Using gray scale device, the color CX543005 will be mapped to 
      GRAY36.
NOTE: Using gray scale device, the color CX9D3CDB will be mapped to 
      GRAY6A.
NOTE: Using gray scale device, the color CXB2182B will be mapped to 
      GRAY48.
NOTE:  62 records written to 
      /home/ken/stad29/notes/thick-5-SAS-fig.eps
NOTE: There were 441 observations read from the data set WORK.EST.
NOTE: PROCEDURE GCONTOUR used (Total process time):
      real time           0.03 seconds
      cpu time            0.04 seconds
      

159        data _null_; file print;
160        put "@-StatWeave-!/swv~line 99~PFGGA8/out";
161        run;

NOTE: 1 lines were written to file PRINT.
NOTE: The DATA step printed page 20.
NOTE: DATA statement used (Total process time):
      real time           0.00 seconds
      cpu time            0.01 seconds
      

161      !      quit;
162        

NOTE: SAS Institute Inc., SAS Campus Drive, Cary, NC USA 27513-2414
NOTE: The SAS System used:
      real time           0.47 seconds
      cpu time            0.37 seconds
      
